 Working with file:  m100/energies
5
 Energy shift: -55759.18828000
Extrapolated Result:   -55.75919138
R^2                :    -0.98769750
Var root 1 [1.90551 0.63709 0.30175 0.1128 ]
PT  root 1 [0.32851 0.13661 0.04892 0.     ]
Extrapolated Result:   -55.75872286
R^2                :    -0.98760588
Var root 2 [2.31537 1.08624 0.75956 0.57605]
PT  root 2 [0.78347 0.59967 0.51511 0.46798]
Extrapolated Result:   -55.75778416
R^2                :    -0.98761885
Var root 3 [3.13854 1.98268 1.67679 1.50509]
PT  root 3 [1.69511 1.5265  1.44909 1.40586]
Extrapolated Result:   -55.75637164
R^2                :    -0.98745358
Var root 4 [4.38079 3.32946 3.05528 2.90306]
PT  root 4 [3.06695 2.92087 2.85412 2.81705]
Extrapolated Result:   -55.75448054
R^2                :    -0.98690724
Var root 5 [6.05203 5.13414 4.90013 4.77632]
PT  root 5 [4.9044  4.7883  4.7351  4.70671]
Extrapolated Result:   -55.75210604
R^2                :    -0.98611230
Var root 6 [8.16602 7.40287 7.21571 7.13142]
PT  root 6 [7.21505 7.13478 7.09733 7.08049]
x:  (-1.576999999997497, 0)
y:  (-1.003100771695102, 8.884919381078763)
[-0.0031007716951019226, 0.4654204112475986, 1.4041231984248697, 2.8166408299481667, 4.707735988305178, 7.082241554519116]
