 Input energy:    -5067.46154846
IDX001:DIM1048576:001|002|003|004|005|006|007|008|009|010|
IDX002:DIM0064:011|012|013|
IDX003:DIM0064:014|015|016|
IDX004:DIM1048576:017|018|019|020|021|022|023|024|025|026|
 ooCMF Iter:    1 Total= -5067.231111944686 Active= -88.633619222778 G=     4.78e-01
 ooCMF Iter:    2 Total= -5067.253772445210 Active= -88.656279723302 G=     3.25e-01
 ooCMF Iter:    3 Total= -5067.269715738967 Active= -88.672223017059 G=     2.70e-01
 ooCMF Iter:    4 Total= -5067.318878307670 Active= -88.721385585763 G=     3.98e-01
 ooCMF Iter:    5 Total= -5067.338231764437 Active= -88.740739042530 G=     3.53e-01
 ooCMF Iter:    6 Total= -5067.348252091995 Active= -88.750759370088 G=     2.03e-01
 ooCMF Iter:    7 Total= -5067.353341902577 Active= -88.755849180669 G=     1.44e-01
 ooCMF Iter:    8 Total= -5067.354792135625 Active= -88.757299413717 G=     7.48e-02
 ooCMF Iter:    9 Total= -5067.355633398811 Active= -88.758140676903 G=     6.30e-02
 ooCMF Iter:   10 Total= -5067.356394945992 Active= -88.758902224085 G=     8.54e-02
 ooCMF Iter:   11 Total= -5067.357140481606 Active= -88.759647759698 G=     6.50e-02
 * Status: failure (reached maximum number of iterations)

 * Candidate solution
    Final objective value:     -5.067357e+03

 * Found with
    Algorithm:     BFGS

 * Convergence measures
    |x - x'|               = 2.54e-02 ≰ 0.0e+00
    |x - x'|/|x'|          = 6.03e-02 ≰ 0.0e+00
    |f(x) - f(x')|         = 7.46e-04 ≰ 0.0e+00
    |f(x) - f(x')|/|f(x')| = 1.47e-07 ≰ 0.0e+00
    |g(x)|                 = 2.49e-02 ≰ 1.0e-06

 * Work counters
    Seconds run:   11  (vs limit Inf)
    Iterations:    10
    f(x) calls:    22
    ∇f(x) calls:   22
*ooCMF -5067.35714048 
 Solve OO-CMF with DIIS
 ooCMF Iter:    1 Total= -5067.357546972627 G=     3.58e-02 #SS:    1
 ooCMF Iter:    2 Total= -5067.357606214183 G=     3.47e-02 #SS:    2
 ooCMF Iter:    3 Total= -5067.357639148837 G=     3.63e-02 #SS:    3
 ooCMF Iter:    4 Total= -5067.357664265824 G=     3.87e-02 #SS:    4
 ooCMF Iter:    5 Total= -5067.357683348548 G=     4.20e-02 #SS:    5
 ooCMF Iter:    6 Total= -5067.357695765519 G=     4.62e-02 #SS:    6
 ooCMF Iter:    7 Total= -5067.357700123193 G=     5.14e-02 #SS:    7
 ooCMF Iter:    8 Total= -5067.357694098019 G=     5.79e-02 #SS:    8
 ooCMF Iter:    9 Total= -5067.357674348149 G=     6.59e-02 #SS:    9
 ooCMF Iter:   10 Total= -5067.357635833244 G=     7.56e-02 #SS:   10
 ooCMF Iter:   11 Total= -5067.357571471797 G=     8.74e-02 #SS:   11
 ooCMF Iter:   12 Total= -5067.357470775427 G=     1.02e-01 #SS:   12
 ooCMF Iter:   13 Total= -5067.357319059756 G=     1.19e-01 #SS:   13
 ooCMF Iter:   14 Total= -5067.357094644516 G=     1.40e-01 #SS:   14
 ooCMF Iter:   15 Total= -5067.356767168903 G=     1.65e-01 #SS:   14
 ooCMF Iter:   16 Total= -5067.356291732143 G=     1.95e-01 #SS:   14
 ooCMF Iter:   17 Total= -5067.355605481754 G=     2.32e-01 #SS:   14
 ooCMF Iter:   18 Total= -5067.354615155263 G=     2.75e-01 #SS:   14
 ooCMF Iter:   19 Total= -5067.353190651623 G=     3.28e-01 #SS:   14
 ooCMF Iter:   20 Total= -5067.351138286834 G=     3.91e-01 #SS:   14
 ooCMF Iter:   21 Total= -5067.348190413051 G=     4.67e-01 #SS:   14
 ooCMF Iter:   22 Total= -5067.343948051725 G=     5.58e-01 #SS:   14
 ooCMF Iter:   23 Total= -5067.337871439929 G=     6.67e-01 #SS:   14
 ooCMF Iter:   24 Total= -5067.329159442686 G=     7.98e-01 #SS:   14
 ooCMF Iter:   25 Total= -5067.316776881908 G=     9.52e-01 #SS:   14
 ooCMF Iter:   26 Total= -5067.299214539874 G=     1.14e+00 #SS:   14
 ooCMF Iter:   27 Total= -5067.274715180162 G=     1.35e+00 #SS:   14
 ooCMF Iter:   28 Total= -5067.240838499441 G=     1.59e+00 #SS:   14
 ooCMF Iter:   29 Total= -5067.195443722149 G=     1.87e+00 #SS:   14
 ooCMF Iter:   30 Total= -5067.135895270989 G=     2.18e+00 #SS:   14
 ooCMF Iter:   31 Total= -5067.062089240574 G=     2.50e+00 #SS:   14
 ooCMF Iter:   32 Total= -5066.974091688419 G=     2.83e+00 #SS:   14
 ooCMF Iter:   33 Total= -5066.878402369708 G=     3.14e+00 #SS:   14
 ooCMF Iter:   34 Total= -5066.779051648848 G=     3.42e+00 #SS:   14
 ooCMF Iter:   35 Total= -5066.687777269001 G=     3.66e+00 #SS:   14
 ooCMF Iter:   36 Total= -5066.603619118519 G=     3.85e+00 #SS:   14
 ooCMF Iter:   37 Total= -5066.534725332719 G=     4.02e+00 #SS:   14
 ooCMF Iter:   38 Total= -5066.468424446634 G=     4.16e+00 #SS:   14
 ooCMF Iter:   39 Total= -5066.411450507439 G=     4.30e+00 #SS:   14
 ooCMF Iter:   40 Total= -5066.345297829248 G=     4.44e+00 #SS:   14
 ooCMF Iter:   41 Total= -5066.283867628096 G=     4.59e+00 #SS:   14
 ooCMF Iter:   42 Total= -5066.206780126869 G=     4.74e+00 #SS:   14
 ooCMF Iter:   43 Total= -5066.139866139372 G=     4.89e+00 #SS:   14
 ooCMF Iter:   44 Total= -5066.058734195931 G=     5.02e+00 #SS:   14
 ooCMF Iter:   45 Total= -5066.001268087009 G=     5.14e+00 #SS:   14
 ooCMF Iter:   46 Total= -5065.932512881329 G=     5.24e+00 #SS:   14
 ooCMF Iter:   47 Total= -5065.898828484478 G=     5.32e+00 #SS:   14
 ooCMF Iter:   48 Total= -5065.850732207375 G=     5.37e+00 #SS:   14
 ooCMF Iter:   49 Total= -5065.841459464821 G=     5.41e+00 #SS:   14
 ooCMF Iter:   50 Total= -5065.810222774115 G=     5.43e+00 #SS:   14
 ooCMF Iter:   51 Total= -5065.817336651268 G=     5.45e+00 #SS:   14
 ooCMF Iter:   52 Total= -5065.795555343079 G=     5.45e+00 #SS:   14
 ooCMF Iter:   53 Total= -5065.811228632630 G=     5.46e+00 #SS:   14
 ooCMF Iter:   54 Total= -5065.793418265564 G=     5.46e+00 #SS:   14
 ooCMF Iter:   55 Total= -5065.812850286307 G=     5.45e+00 #SS:   14
 ooCMF Iter:   56 Total= -5065.796031994208 G=     5.45e+00 #SS:   14
 ooCMF Iter:   57 Total= -5065.816873127082 G=     5.45e+00 #SS:   14
 ooCMF Iter:   58 Total= -5065.799696552801 G=     5.44e+00 #SS:   14
 ooCMF Iter:   59 Total= -5065.821028441855 G=     5.44e+00 #SS:   14
 ooCMF Iter:   60 Total= -5065.803027844992 G=     5.44e+00 #SS:   14
 ooCMF Iter:   61 Total= -5065.824700676406 G=     5.44e+00 #SS:   14
 ooCMF Iter:   62 Total= -5065.805900808346 G=     5.43e+00 #SS:   14
 ooCMF Iter:   63 Total= -5065.828208888131 G=     5.43e+00 #SS:   14
 ooCMF Iter:   64 Total= -5065.808974497932 G=     5.43e+00 #SS:   14
 ooCMF Iter:   65 Total= -5065.832536802333 G=     5.43e+00 #SS:   14
 ooCMF Iter:   66 Total= -5065.813561850509 G=     5.42e+00 #SS:   14
 ooCMF Iter:   67 Total= -5065.839311122538 G=     5.42e+00 #SS:   14
 ooCMF Iter:   68 Total= -5065.821681681304 G=     5.41e+00 #SS:   14
 ooCMF Iter:   69 Total= -5065.850897288418 G=     5.40e+00 #SS:   14
 ooCMF Iter:   70 Total= -5065.836174307557 G=     5.38e+00 #SS:   14
 ooCMF Iter:   71 Total= -5065.870493193963 G=     5.36e+00 #SS:   14
 ooCMF Iter:   72 Total= -5065.860738095762 G=     5.34e+00 #SS:   14
 ooCMF Iter:   73 Total= -5065.902040477438 G=     5.31e+00 #SS:   14
 ooCMF Iter:   74 Total= -5065.899645776203 G=     5.27e+00 #SS:   14
 ooCMF Iter:   75 Total= -5065.949642721686 G=     5.22e+00 #SS:   14
 ooCMF Iter:   76 Total= -5065.956750328938 G=     5.16e+00 #SS:   14
 ooCMF Iter:   77 Total= -5066.016045274318 G=     5.09e+00 #SS:   14
 ooCMF Iter:   78 Total= -5066.033327836742 G=     5.02e+00 #SS:   14
 ooCMF Iter:   79 Total= -5066.099831253620 G=     4.93e+00 #SS:   14
 ooCMF Iter:   80 Total= -5066.124690204601 G=     4.84e+00 #SS:   14
 ooCMF Iter:   81 Total= -5066.191786371657 G=     4.75e+00 #SS:   14
 ooCMF Iter:   82 Total= -5066.216820115551 G=     4.66e+00 #SS:   14
 ooCMF Iter:   83 Total= -5066.272725583022 G=     4.59e+00 #SS:   14
 ooCMF Iter:   84 Total= -5066.286516132798 G=     4.54e+00 #SS:   14
 ooCMF Iter:   85 Total= -5066.317354132663 G=     4.51e+00 #SS:   14
 ooCMF Iter:   86 Total= -5066.310259041032 G=     4.51e+00 #SS:   14
 ooCMF Iter:   87 Total= -5066.308924488752 G=     4.54e+00 #SS:   14
 ooCMF Iter:   88 Total= -5066.283767145121 G=     4.59e+00 #SS:   14
 ooCMF Iter:   89 Total= -5066.260287331545 G=     4.64e+00 #SS:   14
 ooCMF Iter:   90 Total= -5066.236634172172 G=     4.69e+00 #SS:   14
 ooCMF Iter:   91 Total= -5066.213365625861 G=     4.72e+00 #SS:   14
 ooCMF Iter:   92 Total= -5066.209269746358 G=     4.73e+00 #SS:   14
 ooCMF Iter:   93 Total= -5066.198092066695 G=     4.73e+00 #SS:   14
 ooCMF Iter:   94 Total= -5066.209388879238 G=     4.73e+00 #SS:   14
 ooCMF Iter:   95 Total= -5066.205048951956 G=     4.72e+00 #SS:   14
 ooCMF Iter:   96 Total= -5066.214552313748 G=     4.71e+00 #SS:   14
 ooCMF Iter:   97 Total= -5066.211632055036 G=     4.72e+00 #SS:   14
 ooCMF Iter:   98 Total= -5066.210650728121 G=     4.71e+00 #SS:   14
 ooCMF Iter:   99 Total= -5066.216153828112 G=     4.71e+00 #SS:   14
 ooCMF Iter:  100 Total= -5066.211307511878 G=     4.69e+00 #SS:   14
 ooCMF Iter:  101 Total= -5066.237459430986 G=     4.67e+00 #SS:   14
 ooCMF Iter:  102 Total= -5066.238266542528 G=     4.62e+00 #SS:   14
 ooCMF Iter:  103 Total= -5066.285635954000 G=     4.57e+00 #SS:   14
 ooCMF Iter:  104 Total= -5066.291852907498 G=     4.50e+00 #SS:   14
 ooCMF Iter:  105 Total= -5066.346407879578 G=     4.44e+00 #SS:   14
 ooCMF Iter:  106 Total= -5066.348287490688 G=     4.39e+00 #SS:   14
 ooCMF Iter:  107 Total= -5066.390068407860 G=     4.36e+00 #SS:   14
 ooCMF Iter:  108 Total= -5066.373179447919 G=     4.36e+00 #SS:   14
 ooCMF Iter:  109 Total= -5066.384062738895 G=     4.39e+00 #SS:   14
 ooCMF Iter:  110 Total= -5066.338068080787 G=     4.46e+00 #SS:   14
 ooCMF Iter:  111 Total= -5066.312157508600 G=     4.56e+00 #SS:   14
 ooCMF Iter:  112 Total= -5066.250257138910 G=     4.66e+00 #SS:   14
 ooCMF Iter:  113 Total= -5066.211813283852 G=     4.74e+00 #SS:   14
 ooCMF Iter:  114 Total= -5066.177765645335 G=     4.80e+00 #SS:   14
 ooCMF Iter:  115 Total= -5066.163766981717 G=     4.81e+00 #SS:   14
 ooCMF Iter:  116 Total= -5066.177985994550 G=     4.79e+00 #SS:   14
 ooCMF Iter:  117 Total= -5066.186586640442 G=     4.75e+00 #SS:   14
 ooCMF Iter:  118 Total= -5066.226096450294 G=     4.69e+00 #SS:   14
 ooCMF Iter:  119 Total= -5066.241037222650 G=     4.64e+00 #SS:   14
 ooCMF Iter:  120 Total= -5066.281008675563 G=     4.58e+00 #SS:   14
 ooCMF Iter:  121 Total= -5066.292056059885 G=     4.55e+00 #SS:   14
 ooCMF Iter:  122 Total= -5066.305844791725 G=     4.53e+00 #SS:   14
 ooCMF Iter:  123 Total= -5066.300738236702 G=     4.55e+00 #SS:   14
 ooCMF Iter:  124 Total= -5066.282816424628 G=     4.57e+00 #SS:   14
 ooCMF Iter:  125 Total= -5066.281424367634 G=     4.60e+00 #SS:   14
 ooCMF Iter:  126 Total= -5066.268206198580 G=     4.59e+00 #SS:   14
 ooCMF Iter:  127 Total= -5066.301664711707 G=     4.55e+00 #SS:   14
 ooCMF Iter:  128 Total= -5066.309692618403 G=     4.49e+00 #SS:   14
 ooCMF Iter:  129 Total= -5066.361262729591 G=     4.43e+00 #SS:   14
 ooCMF Iter:  130 Total= -5066.367840783942 G=     4.37e+00 #SS:   14
 ooCMF Iter:  131 Total= -5066.401877461331 G=     4.34e+00 #SS:   14
 ooCMF Iter:  132 Total= -5066.400447412326 G=     4.31e+00 #SS:   14
 ooCMF Iter:  133 Total= -5066.433327885818 G=     4.25e+00 #SS:   14
 ooCMF Iter:  134 Total= -5066.462410603264 G=     4.15e+00 #SS:   14
 ooCMF Iter:  135 Total= -5066.521528665552 G=     4.03e+00 #SS:   14
 ooCMF Iter:  136 Total= -5066.572160093557 G=     3.89e+00 #SS:   14
 ooCMF Iter:  137 Total= -5066.622566051373 G=     3.78e+00 #SS:   14
 ooCMF Iter:  138 Total= -5066.649964622076 G=     3.71e+00 #SS:   14
 ooCMF Iter:  139 Total= -5066.669193043061 G=     3.67e+00 #SS:   14
 ooCMF Iter:  140 Total= -5066.684303104564 G=     3.62e+00 #SS:   14
 ooCMF Iter:  141 Total= -5066.712741912492 G=     3.54e+00 #SS:   14
 ooCMF Iter:  142 Total= -5066.756423188565 G=     3.41e+00 #SS:   14
 ooCMF Iter:  143 Total= -5066.810965633464 G=     3.24e+00 #SS:   14
 ooCMF Iter:  144 Total= -5066.869545939387 G=     3.06e+00 #SS:   14
 ooCMF Iter:  145 Total= -5066.919927977684 G=     2.90e+00 #SS:   14
 ooCMF Iter:  146 Total= -5066.963048845417 G=     2.76e+00 #SS:   14
 ooCMF Iter:  147 Total= -5066.992021667548 G=     2.65e+00 #SS:   14
 ooCMF Iter:  148 Total= -5067.014863142424 G=     2.58e+00 #SS:   14
 ooCMF Iter:  149 Total= -5067.027992779387 G=     2.53e+00 #SS:   14
 ooCMF Iter:  150 Total= -5067.040145015361 G=     2.49e+00 #SS:   14
 ooCMF Iter:  151 Total= -5067.046128350962 G=     2.46e+00 #SS:   14
 ooCMF Iter:  152 Total= -5067.053712959705 G=     2.44e+00 #SS:   14
 ooCMF Iter:  153 Total= -5067.055306464837 G=     2.43e+00 #SS:   14
 ooCMF Iter:  154 Total= -5067.058963926124 G=     2.43e+00 #SS:   14
 ooCMF Iter:  155 Total= -5067.055828999881 G=     2.43e+00 #SS:   14
 ooCMF Iter:  156 Total= -5067.054622570907 G=     2.45e+00 #SS:   14
 ooCMF Iter:  157 Total= -5067.046527600472 G=     2.48e+00 #SS:   14
 ooCMF Iter:  158 Total= -5067.040192826844 G=     2.51e+00 #SS:   14
 ooCMF Iter:  159 Total= -5067.028185289621 G=     2.55e+00 #SS:   14
 ooCMF Iter:  160 Total= -5067.018018387423 G=     2.60e+00 #SS:   14
 ooCMF Iter:  161 Total= -5067.004816225210 G=     2.64e+00 #SS:   14
 ooCMF Iter:  162 Total= -5066.993864065455 G=     2.68e+00 #SS:   14
 ooCMF Iter:  163 Total= -5066.983438270814 G=     2.72e+00 #SS:   14
 ooCMF Iter:  164 Total= -5066.975574860708 G=     2.74e+00 #SS:   14
 ooCMF Iter:  165 Total= -5066.971596204866 G=     2.75e+00 #SS:   14
 ooCMF Iter:  166 Total= -5066.969808702655 G=     2.75e+00 #SS:   14
 ooCMF Iter:  167 Total= -5066.974038215101 G=     2.74e+00 #SS:   14
 ooCMF Iter:  168 Total= -5066.979373285669 G=     2.71e+00 #SS:   14
 ooCMF Iter:  169 Total= -5066.991379388134 G=     2.67e+00 #SS:   14
 ooCMF Iter:  170 Total= -5067.003194769367 G=     2.62e+00 #SS:   14
 ooCMF Iter:  171 Total= -5067.021185986860 G=     2.56e+00 #SS:   14
 ooCMF Iter:  172 Total= -5067.037924675946 G=     2.48e+00 #SS:   14
 ooCMF Iter:  173 Total= -5067.059614337664 G=     2.40e+00 #SS:   14
 ooCMF Iter:  174 Total= -5067.079323931218 G=     2.31e+00 #SS:   14
 ooCMF Iter:  175 Total= -5067.102345835636 G=     2.22e+00 #SS:   14
 ooCMF Iter:  176 Total= -5067.122876888945 G=     2.12e+00 #SS:   14
 ooCMF Iter:  177 Total= -5067.144912903252 G=     2.03e+00 #SS:   14
 ooCMF Iter:  178 Total= -5067.164042862663 G=     1.93e+00 #SS:   14
 ooCMF Iter:  179 Total= -5067.182940701055 G=     1.84e+00 #SS:   14
 ooCMF Iter:  180 Total= -5067.198620274390 G=     1.75e+00 #SS:   14
 ooCMF Iter:  181 Total= -5067.212670341444 G=     1.68e+00 #SS:   14
 ooCMF Iter:  182 Total= -5067.223460778152 G=     1.62e+00 #SS:   14
 ooCMF Iter:  183 Total= -5067.231848291693 G=     1.57e+00 #SS:   14
 ooCMF Iter:  184 Total= -5067.237446606725 G=     1.54e+00 #SS:   14
 ooCMF Iter:  185 Total= -5067.240672930951 G=     1.52e+00 #SS:   14
 ooCMF Iter:  186 Total= -5067.242175304781 G=     1.51e+00 #SS:   14
 ooCMF Iter:  187 Total= -5067.242003115872 G=     1.52e+00 #SS:   14
 ooCMF Iter:  188 Total= -5067.241434132418 G=     1.52e+00 #SS:   14
 ooCMF Iter:  189 Total= -5067.239986349284 G=     1.53e+00 #SS:   14
 ooCMF Iter:  190 Total= -5067.239025209029 G=     1.54e+00 #SS:   14
 ooCMF Iter:  191 Total= -5067.237340303677 G=     1.55e+00 #SS:   14
 ooCMF Iter:  192 Total= -5067.236008561452 G=     1.56e+00 #SS:   14
 ooCMF Iter:  193 Total= -5067.233111326972 G=     1.58e+00 #SS:   14
 ooCMF Iter:  194 Total= -5067.229519902780 G=     1.61e+00 #SS:   14
 ooCMF Iter:  195 Total= -5067.222965031646 G=     1.65e+00 #SS:   14
 ooCMF Iter:  196 Total= -5067.214578307558 G=     1.71e+00 #SS:   14
 ooCMF Iter:  197 Total= -5067.202499331229 G=     1.78e+00 #SS:   14
 ooCMF Iter:  198 Total= -5067.188426247541 G=     1.86e+00 #SS:   14
 ooCMF Iter:  199 Total= -5067.172019912954 G=     1.94e+00 #SS:   14
 ooCMF Iter:  200 Total= -5067.154954945053 G=     2.03e+00 #SS:   14
 ooCMF Iter:  201 Total= -5067.139335291680 G=     2.10e+00 #SS:   14
 ooCMF Iter:  202 Total= -5067.125168642060 G=     2.16e+00 #SS:   14
 ooCMF Iter:  203 Total= -5067.116848246596 G=     2.20e+00 #SS:   14
 ooCMF Iter:  204 Total= -5067.111214200494 G=     2.21e+00 #SS:   14
 ooCMF Iter:  205 Total= -5067.113537222957 G=     2.20e+00 #SS:   14
 ooCMF Iter:  206 Total= -5067.117857351038 G=     2.17e+00 #SS:   14
 ooCMF Iter:  207 Total= -5067.128578555508 G=     2.12e+00 #SS:   14
 ooCMF Iter:  208 Total= -5067.139214937602 G=     2.07e+00 #SS:   14
 ooCMF Iter:  209 Total= -5067.152266244269 G=     2.01e+00 #SS:   14
 ooCMF Iter:  210 Total= -5067.163050673022 G=     1.95e+00 #SS:   14
 ooCMF Iter:  211 Total= -5067.172247998553 G=     1.91e+00 #SS:   14
 ooCMF Iter:  212 Total= -5067.177972798127 G=     1.89e+00 #SS:   14
 ooCMF Iter:  213 Total= -5067.179984537874 G=     1.88e+00 #SS:   14
 ooCMF Iter:  214 Total= -5067.178995748161 G=     1.89e+00 #SS:   14
 ooCMF Iter:  215 Total= -5067.174610002552 G=     1.92e+00 #SS:   14
 ooCMF Iter:  216 Total= -5067.169423289983 G=     1.95e+00 #SS:   14
 ooCMF Iter:  217 Total= -5067.162754911275 G=     1.98e+00 #SS:   14
 ooCMF Iter:  218 Total= -5067.158078891167 G=     2.00e+00 #SS:   14
 ooCMF Iter:  219 Total= -5067.153815956436 G=     2.02e+00 #SS:   14
 ooCMF Iter:  220 Total= -5067.152904886859 G=     2.02e+00 #SS:   14
 ooCMF Iter:  221 Total= -5067.152966580519 G=     2.02e+00 #SS:   14
 ooCMF Iter:  222 Total= -5067.154874539379 G=     2.01e+00 #SS:   14
 ooCMF Iter:  223 Total= -5067.156796137112 G=     2.00e+00 #SS:   14
 ooCMF Iter:  224 Total= -5067.156792337189 G=     2.00e+00 #SS:   14
 ooCMF Iter:  225 Total= -5067.155325271035 G=     2.02e+00 #SS:   14
 ooCMF Iter:  226 Total= -5067.148290581108 G=     2.05e+00 #SS:   14
 ooCMF Iter:  227 Total= -5067.139389413071 G=     2.10e+00 #SS:   14
 ooCMF Iter:  228 Total= -5067.123797627219 G=     2.17e+00 #SS:   14
 ooCMF Iter:  229 Total= -5067.108195009529 G=     2.25e+00 #SS:   14
 ooCMF Iter:  230 Total= -5067.087736801131 G=     2.33e+00 #SS:   14
 ooCMF Iter:  231 Total= -5067.070776476434 G=     2.41e+00 #SS:   14
 ooCMF Iter:  232 Total= -5067.051669530384 G=     2.48e+00 #SS:   14
 ooCMF Iter:  233 Total= -5067.038469765558 G=     2.53e+00 #SS:   14
 ooCMF Iter:  234 Total= -5067.024139632660 G=     2.58e+00 #SS:   14
 ooCMF Iter:  235 Total= -5067.014788639099 G=     2.62e+00 #SS:   14
 ooCMF Iter:  236 Total= -5067.003828315002 G=     2.66e+00 #SS:   14
 ooCMF Iter:  237 Total= -5066.994753240570 G=     2.69e+00 #SS:   14
 ooCMF Iter:  238 Total= -5066.984875911160 G=     2.73e+00 #SS:   14
 ooCMF Iter:  239 Total= -5066.974472324403 G=     2.76e+00 #SS:   14
 ooCMF Iter:  240 Total= -5066.967052865527 G=     2.79e+00 #SS:   14
 ooCMF Iter:  241 Total= -5066.958161892273 G=     2.81e+00 #SS:   14
 ooCMF Iter:  242 Total= -5066.957419639167 G=     2.82e+00 #SS:   14
 ooCMF Iter:  243 Total= -5066.954043278949 G=     2.82e+00 #SS:   14
 ooCMF Iter:  244 Total= -5066.961970028630 G=     2.80e+00 #SS:   14
 ooCMF Iter:  245 Total= -5066.964538257316 G=     2.78e+00 #SS:   14
 ooCMF Iter:  246 Total= -5066.977776600345 G=     2.75e+00 #SS:   14
 ooCMF Iter:  247 Total= -5066.982498899983 G=     2.71e+00 #SS:   14
 ooCMF Iter:  248 Total= -5066.995122062155 G=     2.68e+00 #SS:   14
 ooCMF Iter:  249 Total= -5066.998325901160 G=     2.66e+00 #SS:   14
 ooCMF Iter:  250 Total= -5067.007560535767 G=     2.64e+00 #SS:   14
 ooCMF Iter:  251 Total= -5067.009968801599 G=     2.62e+00 #SS:   14
 ooCMF Iter:  252 Total= -5067.018210431298 G=     2.60e+00 #SS:   14
 ooCMF Iter:  253 Total= -5067.024086474413 G=     2.57e+00 #SS:   14
 ooCMF Iter:  254 Total= -5067.035447032284 G=     2.52e+00 #SS:   14
 ooCMF Iter:  255 Total= -5067.047938573848 G=     2.47e+00 #SS:   14
 ooCMF Iter:  256 Total= -5067.063575636329 G=     2.40e+00 #SS:   14
 ooCMF Iter:  257 Total= -5067.080789453038 G=     2.33e+00 #SS:   14
 ooCMF Iter:  258 Total= -5067.096511601027 G=     2.27e+00 #SS:   14
 ooCMF Iter:  259 Total= -5067.111294322744 G=     2.21e+00 #SS:   14
 ooCMF Iter:  260 Total= -5067.119900087349 G=     2.17e+00 #SS:   14
 ooCMF Iter:  261 Total= -5067.125307552640 G=     2.15e+00 #SS:   14
 ooCMF Iter:  262 Total= -5067.123620106119 G=     2.16e+00 #SS:   14
 ooCMF Iter:  263 Total= -5067.119910147784 G=     2.19e+00 #SS:   14
 ooCMF Iter:  264 Total= -5067.112918480716 G=     2.22e+00 #SS:   14
 ooCMF Iter:  265 Total= -5067.107315866758 G=     2.24e+00 #SS:   14
 ooCMF Iter:  266 Total= -5067.103229805864 G=     2.26e+00 #SS:   14
 ooCMF Iter:  267 Total= -5067.102488299105 G=     2.26e+00 #SS:   14
 ooCMF Iter:  268 Total= -5067.104117778784 G=     2.25e+00 #SS:   14
 ooCMF Iter:  269 Total= -5067.107884087952 G=     2.23e+00 #SS:   14
 ooCMF Iter:  270 Total= -5067.110108921228 G=     2.22e+00 #SS:   14
 ooCMF Iter:  271 Total= -5067.112520999719 G=     2.22e+00 #SS:   14
 ooCMF Iter:  272 Total= -5067.110317748839 G=     2.22e+00 #SS:   14
 ooCMF Iter:  273 Total= -5067.109812708660 G=     2.23e+00 #SS:   14
 ooCMF Iter:  274 Total= -5067.106350948047 G=     2.23e+00 #SS:   14
 ooCMF Iter:  275 Total= -5067.108760975941 G=     2.23e+00 #SS:   14
 ooCMF Iter:  276 Total= -5067.110426028817 G=     2.21e+00 #SS:   14
 ooCMF Iter:  277 Total= -5067.120011165040 G=     2.18e+00 #SS:   14
 ooCMF Iter:  278 Total= -5067.127764376725 G=     2.13e+00 #SS:   14
 ooCMF Iter:  279 Total= -5067.140845869667 G=     2.08e+00 #SS:   14
 ooCMF Iter:  280 Total= -5067.149097090842 G=     2.04e+00 #SS:   14
 ooCMF Iter:  281 Total= -5067.157050819296 G=     2.01e+00 #SS:   14
 ooCMF Iter:  282 Total= -5067.159093263025 G=     2.00e+00 #SS:   14
 ooCMF Iter:  283 Total= -5067.157858476451 G=     2.01e+00 #SS:   14
 ooCMF Iter:  284 Total= -5067.154657018305 G=     2.02e+00 #SS:   14
 ooCMF Iter:  285 Total= -5067.150739852780 G=     2.04e+00 #SS:   14
 ooCMF Iter:  286 Total= -5067.150932052131 G=     2.04e+00 #SS:   14
 ooCMF Iter:  287 Total= -5067.152974555446 G=     2.02e+00 #SS:   14
 ooCMF Iter:  288 Total= -5067.161308565710 G=     1.98e+00 #SS:   14
 ooCMF Iter:  289 Total= -5067.169573936227 G=     1.93e+00 #SS:   14
 ooCMF Iter:  290 Total= -5067.181136597867 G=     1.88e+00 #SS:   14
 ooCMF Iter:  291 Total= -5067.188574556827 G=     1.84e+00 #SS:   14
 ooCMF Iter:  292 Total= -5067.194571042498 G=     1.82e+00 #SS:   14
 ooCMF Iter:  293 Total= -5067.195116437070 G=     1.81e+00 #SS:   14
 ooCMF Iter:  294 Total= -5067.193024282772 G=     1.83e+00 #SS:   14
 ooCMF Iter:  295 Total= -5067.189225758737 G=     1.85e+00 #SS:   14
 ooCMF Iter:  296 Total= -5067.186184899303 G=     1.86e+00 #SS:   14
 ooCMF Iter:  297 Total= -5067.186573775962 G=     1.85e+00 #SS:   14
 ooCMF Iter:  298 Total= -5067.190410223932 G=     1.83e+00 #SS:   14
 ooCMF Iter:  299 Total= -5067.199278966506 G=     1.78e+00 #SS:   14
 ooCMF Iter:  300 Total= -5067.210215165490 G=     1.71e+00 #SS:   14
 ooCMF Iter:  301 Total= -5067.223965902467 G=     1.63e+00 #SS:   14
 ooCMF Iter:  302 Total= -5067.236317480813 G=     1.55e+00 #SS:   14
 ooCMF Iter:  303 Total= -5067.247954979037 G=     1.48e+00 #SS:   14
 ooCMF Iter:  304 Total= -5067.256040576046 G=     1.43e+00 #SS:   14
 ooCMF Iter:  305 Total= -5067.261458888146 G=     1.40e+00 #SS:   14
 ooCMF Iter:  306 Total= -5067.264223419366 G=     1.38e+00 #SS:   14
 ooCMF Iter:  307 Total= -5067.265156600328 G=     1.37e+00 #SS:   14
 ooCMF Iter:  308 Total= -5067.266116410794 G=     1.37e+00 #SS:   14
 ooCMF Iter:  309 Total= -5067.267168575810 G=     1.35e+00 #SS:   14
 ooCMF Iter:  310 Total= -5067.270047971077 G=     1.33e+00 #SS:   14
 ooCMF Iter:  311 Total= -5067.273706041323 G=     1.30e+00 #SS:   14
 ooCMF Iter:  312 Total= -5067.278995305402 G=     1.26e+00 #SS:   14
 ooCMF Iter:  313 Total= -5067.284113221011 G=     1.22e+00 #SS:   14
 ooCMF Iter:  314 Total= -5067.289408292198 G=     1.18e+00 #SS:   14
 ooCMF Iter:  315 Total= -5067.293149743655 G=     1.15e+00 #SS:   14
 ooCMF Iter:  316 Total= -5067.295689895604 G=     1.13e+00 #SS:   14
 ooCMF Iter:  317 Total= -5067.296279242811 G=     1.13e+00 #SS:   14
 ooCMF Iter:  318 Total= -5067.295421509037 G=     1.14e+00 #SS:   14
 ooCMF Iter:  319 Total= -5067.293687015611 G=     1.15e+00 #SS:   14
 ooCMF Iter:  320 Total= -5067.291431817002 G=     1.17e+00 #SS:   14
 ooCMF Iter:  321 Total= -5067.289984291536 G=     1.18e+00 #SS:   14
 ooCMF Iter:  322 Total= -5067.289089355956 G=     1.19e+00 #SS:   14
 ooCMF Iter:  323 Total= -5067.289986703915 G=     1.18e+00 #SS:   14
 ooCMF Iter:  324 Total= -5067.291662165107 G=     1.16e+00 #SS:   14
 ooCMF Iter:  325 Total= -5067.294902181885 G=     1.13e+00 #SS:   14
 ooCMF Iter:  326 Total= -5067.298222231473 G=     1.10e+00 #SS:   14
 ooCMF Iter:  327 Total= -5067.302108821053 G=     1.07e+00 #SS:   14
 ooCMF Iter:  328 Total= -5067.305103947098 G=     1.04e+00 #SS:   14
 ooCMF Iter:  329 Total= -5067.307698924688 G=     1.02e+00 #SS:   14
 ooCMF Iter:  330 Total= -5067.308914464302 G=     1.01e+00 #SS:   14
 ooCMF Iter:  331 Total= -5067.309424216746 G=     1.01e+00 #SS:   14
 ooCMF Iter:  332 Total= -5067.308897681180 G=     1.01e+00 #SS:   14
 ooCMF Iter:  333 Total= -5067.308113688619 G=     1.02e+00 #SS:   14
 ooCMF Iter:  334 Total= -5067.307178894397 G=     1.03e+00 #SS:   14
 ooCMF Iter:  335 Total= -5067.306693764867 G=     1.03e+00 #SS:   14
 ooCMF Iter:  336 Total= -5067.306824447141 G=     1.03e+00 #SS:   14
 ooCMF Iter:  337 Total= -5067.307725326967 G=     1.02e+00 #SS:   14
 ooCMF Iter:  338 Total= -5067.309409676355 G=     1.00e+00 #SS:   14
 ooCMF Iter:  339 Total= -5067.311539808409 G=     9.81e-01 #SS:   14
 ooCMF Iter:  340 Total= -5067.314020098415 G=     9.56e-01 #SS:   14
 ooCMF Iter:  341 Total= -5067.316226064827 G=     9.33e-01 #SS:   14
 ooCMF Iter:  342 Total= -5067.318114224509 G=     9.16e-01 #SS:   14
 ooCMF Iter:  343 Total= -5067.319110768961 G=     9.07e-01 #SS:   14
 ooCMF Iter:  344 Total= -5067.319359334995 G=     9.07e-01 #SS:   14
 ooCMF Iter:  345 Total= -5067.318607696626 G=     9.17e-01 #SS:   14
 ooCMF Iter:  346 Total= -5067.317223698034 G=     9.35e-01 #SS:   14
 ooCMF Iter:  347 Total= -5067.315297642418 G=     9.56e-01 #SS:   14
 ooCMF Iter:  348 Total= -5067.313334076152 G=     9.77e-01 #SS:   14
 ooCMF Iter:  349 Total= -5067.311525138604 G=     9.95e-01 #SS:   14
 ooCMF Iter:  350 Total= -5067.310338319739 G=     1.01e+00 #SS:   14
 ooCMF Iter:  351 Total= -5067.309770369911 G=     1.01e+00 #SS:   14
 ooCMF Iter:  352 Total= -5067.310101279011 G=     1.01e+00 #SS:   14
 ooCMF Iter:  353 Total= -5067.311005401645 G=     9.97e-01 #SS:   14
 ooCMF Iter:  354 Total= -5067.312551573120 G=     9.82e-01 #SS:   14
 ooCMF Iter:  355 Total= -5067.314173723174 G=     9.65e-01 #SS:   14
 ooCMF Iter:  356 Total= -5067.315860180891 G=     9.50e-01 #SS:   14
 ooCMF Iter:  357 Total= -5067.316977190467 G=     9.39e-01 #SS:   14
 ooCMF Iter:  358 Total= -5067.317658504091 G=     9.35e-01 #SS:   14
 ooCMF Iter:  359 Total= -5067.317344450574 G=     9.39e-01 #SS:   14
 ooCMF Iter:  360 Total= -5067.316502309522 G=     9.52e-01 #SS:   14
 ooCMF Iter:  361 Total= -5067.314699784461 G=     9.71e-01 #SS:   14
 ooCMF Iter:  362 Total= -5067.312740902285 G=     9.94e-01 #SS:   14
 ooCMF Iter:  363 Total= -5067.310280120740 G=     1.02e+00 #SS:   14
 ooCMF Iter:  364 Total= -5067.308237842147 G=     1.04e+00 #SS:   14
 ooCMF Iter:  365 Total= -5067.306256823666 G=     1.06e+00 #SS:   14
 ooCMF Iter:  366 Total= -5067.305067317899 G=     1.07e+00 #SS:   14
 ooCMF Iter:  367 Total= -5067.304210432656 G=     1.08e+00 #SS:   14
 ooCMF Iter:  368 Total= -5067.304034820208 G=     1.08e+00 #SS:   14
 ooCMF Iter:  369 Total= -5067.303967271499 G=     1.08e+00 #SS:   14
 ooCMF Iter:  370 Total= -5067.303974916373 G=     1.08e+00 #SS:   14
 ooCMF Iter:  371 Total= -5067.303498420278 G=     1.09e+00 #SS:   14
 ooCMF Iter:  372 Total= -5067.302225832291 G=     1.10e+00 #SS:   14
 ooCMF Iter:  373 Total= -5067.299929702431 G=     1.13e+00 #SS:   14
 ooCMF Iter:  374 Total= -5067.296081936329 G=     1.16e+00 #SS:   14
 ooCMF Iter:  375 Total= -5067.291250946831 G=     1.21e+00 #SS:   14
 ooCMF Iter:  376 Total= -5067.284625605892 G=     1.26e+00 #SS:   14
 ooCMF Iter:  377 Total= -5067.277952131580 G=     1.32e+00 #SS:   14
 ooCMF Iter:  378 Total= -5067.269939332640 G=     1.37e+00 #SS:   14
 ooCMF Iter:  379 Total= -5067.263478080202 G=     1.42e+00 #SS:   14
 ooCMF Iter:  380 Total= -5067.256590575610 G=     1.47e+00 #SS:   14
 ooCMF Iter:  381 Total= -5067.252745929725 G=     1.49e+00 #SS:   14
 ooCMF Iter:  382 Total= -5067.249274899500 G=     1.51e+00 #SS:   14
 ooCMF Iter:  383 Total= -5067.249438172663 G=     1.51e+00 #SS:   14
 ooCMF Iter:  384 Total= -5067.250158563455 G=     1.50e+00 #SS:   14
 ooCMF Iter:  385 Total= -5067.253953793464 G=     1.48e+00 #SS:   14
 ooCMF Iter:  386 Total= -5067.257724225184 G=     1.45e+00 #SS:   14
 ooCMF Iter:  387 Total= -5067.263165813448 G=     1.42e+00 #SS:   14
 ooCMF Iter:  388 Total= -5067.267419303578 G=     1.39e+00 #SS:   14
 ooCMF Iter:  389 Total= -5067.271602799964 G=     1.36e+00 #SS:   14
 ooCMF Iter:  390 Total= -5067.273269965021 G=     1.35e+00 #SS:   14
 ooCMF Iter:  391 Total= -5067.273254883110 G=     1.36e+00 #SS:   14
 ooCMF Iter:  392 Total= -5067.269858488527 G=     1.39e+00 #SS:   14
 ooCMF Iter:  393 Total= -5067.263723287589 G=     1.44e+00 #SS:   14
 ooCMF Iter:  394 Total= -5067.254566618289 G=     1.51e+00 #SS:   14
 ooCMF Iter:  395 Total= -5067.242543430205 G=     1.59e+00 #SS:   14
 ooCMF Iter:  396 Total= -5067.229559365961 G=     1.67e+00 #SS:   14
 ooCMF Iter:  397 Total= -5067.214540178900 G=     1.75e+00 #SS:   14
 ooCMF Iter:  398 Total= -5067.201829273205 G=     1.83e+00 #SS:   14
 ooCMF Iter:  399 Total= -5067.188253745260 G=     1.89e+00 #SS:   14
 ooCMF Iter:  400 Total= -5067.179939013397 G=     1.94e+00 #SS:   14
 ooCMF Iter:  401 Total= -5067.171339035399 G=     1.97e+00 #SS:   14
 ooCMF Iter:  402 Total= -5067.169201455457 G=     1.99e+00 #SS:   14
 ooCMF Iter:  403 Total= -5067.166307660051 G=     2.00e+00 #SS:   14
 ooCMF Iter:  404 Total= -5067.169074664502 G=     1.99e+00 #SS:   14
 ooCMF Iter:  405 Total= -5067.169777014030 G=     1.98e+00 #SS:   14
 ooCMF Iter:  406 Total= -5067.174101740617 G=     1.97e+00 #SS:   14
 ooCMF Iter:  407 Total= -5067.174738880611 G=     1.96e+00 #SS:   14
 ooCMF Iter:  408 Total= -5067.176761438699 G=     1.97e+00 #SS:   14
 ooCMF Iter:  409 Total= -5067.173781694365 G=     1.98e+00 #SS:   14
 ooCMF Iter:  410 Total= -5067.170670572188 G=     2.01e+00 #SS:   14
 ooCMF Iter:  411 Total= -5067.162255929780 G=     2.05e+00 #SS:   14
 ooCMF Iter:  412 Total= -5067.153583896802 G=     2.10e+00 #SS:   14
 ooCMF Iter:  413 Total= -5067.140850545571 G=     2.16e+00 #SS:   14
 ooCMF Iter:  414 Total= -5067.129167421774 G=     2.21e+00 #SS:   14
 ooCMF Iter:  415 Total= -5067.115935367432 G=     2.27e+00 #SS:   14
 ooCMF Iter:  416 Total= -5067.105434882129 G=     2.32e+00 #SS:   14
 ooCMF Iter:  417 Total= -5067.095846955090 G=     2.36e+00 #SS:   14
 ooCMF Iter:  418 Total= -5067.089329617424 G=     2.38e+00 #SS:   14
 ooCMF Iter:  419 Total= -5067.084664480360 G=     2.40e+00 #SS:   14
 ooCMF Iter:  420 Total= -5067.081092334359 G=     2.42e+00 #SS:   14
 ooCMF Iter:  421 Total= -5067.078259319816 G=     2.44e+00 #SS:   14
 ooCMF Iter:  422 Total= -5067.072732013201 G=     2.46e+00 #SS:   14
 ooCMF Iter:  423 Total= -5067.065330521148 G=     2.50e+00 #SS:   14
 ooCMF Iter:  424 Total= -5067.051299523559 G=     2.56e+00 #SS:   14
 ooCMF Iter:  425 Total= -5067.032903470996 G=     2.64e+00 #SS:   14
 ooCMF Iter:  426 Total= -5067.006215937052 G=     2.74e+00 #SS:   14
 ooCMF Iter:  427 Total= -5066.975627967055 G=     2.86e+00 #SS:   14
 ooCMF Iter:  428 Total= -5066.939249433447 G=     2.98e+00 #SS:   14
 ooCMF Iter:  429 Total= -5066.904304643444 G=     3.10e+00 #SS:   14
 ooCMF Iter:  430 Total= -5066.867967188323 G=     3.20e+00 #SS:   14
 ooCMF Iter:  431 Total= -5066.840191624243 G=     3.29e+00 #SS:   14
 ooCMF Iter:  432 Total= -5066.810848881605 G=     3.36e+00 #SS:   14
 ooCMF Iter:  433 Total= -5066.793850984977 G=     3.42e+00 #SS:   14
 ooCMF Iter:  434 Total= -5066.768431706125 G=     3.48e+00 #SS:   14
 ooCMF Iter:  435 Total= -5066.756465578433 G=     3.54e+00 #SS:   14
 ooCMF Iter:  436 Total= -5066.727659340164 G=     3.59e+00 #SS:   14
 ooCMF Iter:  437 Total= -5066.715742983567 G=     3.65e+00 #SS:   14
 ooCMF Iter:  438 Total= -5066.682791839313 G=     3.71e+00 #SS:   14
 ooCMF Iter:  439 Total= -5066.674854191555 G=     3.76e+00 #SS:   14
 ooCMF Iter:  440 Total= -5066.647918060286 G=     3.79e+00 #SS:   14
 ooCMF Iter:  441 Total= -5066.653407461915 G=     3.80e+00 #SS:   14
 ooCMF Iter:  442 Total= -5066.645148412404 G=     3.79e+00 #SS:   14
 ooCMF Iter:  443 Total= -5066.665771650180 G=     3.76e+00 #SS:   14
 ooCMF Iter:  444 Total= -5066.676604650996 G=     3.72e+00 #SS:   14
 ooCMF Iter:  445 Total= -5066.699325602529 G=     3.67e+00 #SS:   14
 ooCMF Iter:  446 Total= -5066.713830911928 G=     3.64e+00 #SS:   14
 ooCMF Iter:  447 Total= -5066.718917085577 G=     3.63e+00 #SS:   14
 ooCMF Iter:  448 Total= -5066.717694302461 G=     3.66e+00 #SS:   14
 ooCMF Iter:  449 Total= -5066.693434371383 G=     3.71e+00 #SS:   14
 ooCMF Iter:  450 Total= -5066.670661776260 G=     3.79e+00 #SS:   14
 ooCMF Iter:  451 Total= -5066.625614392270 G=     3.89e+00 #SS:   14
 ooCMF Iter:  452 Total= -5066.597095130323 G=     3.97e+00 #SS:   14
 ooCMF Iter:  453 Total= -5066.557763954776 G=     4.04e+00 #SS:   14
 ooCMF Iter:  454 Total= -5066.544002946335 G=     4.08e+00 #SS:   14
 ooCMF Iter:  455 Total= -5066.527654913195 G=     4.11e+00 #SS:   14
 ooCMF Iter:  456 Total= -5066.524531406550 G=     4.13e+00 #SS:   14
 ooCMF Iter:  457 Total= -5066.515155349310 G=     4.15e+00 #SS:   14
 ooCMF Iter:  458 Total= -5066.498012988993 G=     4.20e+00 #SS:   14
 ooCMF Iter:  459 Total= -5066.468245537372 G=     4.28e+00 #SS:   14
 ooCMF Iter:  460 Total= -5066.424755518385 G=     4.39e+00 #SS:   14
 ooCMF Iter:  461 Total= -5066.375205214063 G=     4.49e+00 #SS:   14
 ooCMF Iter:  462 Total= -5066.327222142781 G=     4.58e+00 #SS:   14
 ooCMF Iter:  463 Total= -5066.296250444248 G=     4.64e+00 #SS:   14
 ooCMF Iter:  464 Total= -5066.278928662872 G=     4.67e+00 #SS:   14
 ooCMF Iter:  465 Total= -5066.270018609118 G=     4.69e+00 #SS:   14
 ooCMF Iter:  466 Total= -5066.262471282103 G=     4.72e+00 #SS:   14
 ooCMF Iter:  467 Total= -5066.236316896171 G=     4.76e+00 #SS:   14
 ooCMF Iter:  468 Total= -5066.216772363931 G=     4.81e+00 #SS:   14
 ooCMF Iter:  469 Total= -5066.187852300278 G=     4.86e+00 #SS:   14
 ooCMF Iter:  470 Total= -5066.171508718920 G=     4.89e+00 #SS:   14
 ooCMF Iter:  471 Total= -5066.166798918720 G=     4.91e+00 #SS:   14
 ooCMF Iter:  472 Total= -5066.155068342907 G=     4.92e+00 #SS:   14
 ooCMF Iter:  473 Total= -5066.152888373788 G=     4.95e+00 #SS:   14
 ooCMF Iter:  474 Total= -5066.114789678135 G=     5.01e+00 #SS:   14
 ooCMF Iter:  475 Total= -5066.082374352557 G=     5.08e+00 #SS:   14
 ooCMF Iter:  476 Total= -5066.030944397067 G=     5.15e+00 #SS:   14
 ooCMF Iter:  477 Total= -5066.007947614165 G=     5.18e+00 #SS:   14
 ooCMF Iter:  478 Total= -5066.019089580228 G=     5.16e+00 #SS:   14
 ooCMF Iter:  479 Total= -5066.049576249867 G=     5.07e+00 #SS:   14
 ooCMF Iter:  480 Total= -5066.121838556349 G=     4.98e+00 #SS:   14
 ooCMF Iter:  481 Total= -5066.139664044780 G=     4.94e+00 #SS:   14
 ooCMF Iter:  482 Total= -5066.151901617769 G=     4.97e+00 #SS:   14
 ooCMF Iter:  483 Total= -5066.087558272285 G=     5.06e+00 #SS:   14
 ooCMF Iter:  484 Total= -5066.047568288580 G=     5.14e+00 #SS:   14
 ooCMF Iter:  485 Total= -5066.013457745600 G=     5.16e+00 #SS:   14
 ooCMF Iter:  486 Total= -5066.042696838492 G=     5.09e+00 #SS:   14
 ooCMF Iter:  487 Total= -5066.117021573845 G=     4.97e+00 #SS:   14
 ooCMF Iter:  488 Total= -5066.167846614487 G=     4.88e+00 #SS:   14
 ooCMF Iter:  489 Total= -5066.192556801955 G=     4.89e+00 #SS:   14
 ooCMF Iter:  490 Total= -5066.126962608306 G=     5.01e+00 #SS:   14
 ooCMF Iter:  491 Total= -5066.050712986560 G=     5.15e+00 #SS:   14
 ooCMF Iter:  492 Total= -5065.998697483042 G=     5.18e+00 #SS:   14
 ooCMF Iter:  493 Total= -5066.053868923853 G=     5.07e+00 #SS:   14
 ooCMF Iter:  494 Total= -5066.148792127344 G=     4.90e+00 #SS:   14
 ooCMF Iter:  495 Total= -5066.224347432606 G=     4.80e+00 #SS:   14
 ooCMF Iter:  496 Total= -5066.226997413170 G=     4.82e+00 #SS:   14
 ooCMF Iter:  497 Total= -5066.166085815797 G=     4.95e+00 #SS:   14
 ooCMF Iter:  498 Total= -5066.090074986367 G=     5.05e+00 #SS:   14
 ooCMF Iter:  499 Total= -5066.094418443126 G=     5.02e+00 #SS:   14
 ooCMF Iter:  500 Total= -5066.150948971099 G=     4.93e+00 #SS:   14
 ooCMF Iter:    1 Total= -5066.150948971099 Active= -87.553456249191 G=     4.95e+00
 ooCMF Iter:    2 Total= -5067.418332425092 Active= -88.820839703184 G=     8.32e-01
 ooCMF Iter:    3 Total= -5067.438953730118 Active= -88.841461008210 G=     6.23e-01
 ooCMF Iter:    4 Total= -5067.453818159108 Active= -88.856325437200 G=     4.01e-01
 ooCMF Iter:    5 Total= -5067.463401259705 Active= -88.865908537798 G=     1.82e-01
 ooCMF Iter:    6 Total= -5067.467164609522 Active= -88.869671887614 G=     1.63e-01
 ooCMF Iter:    7 Total= -5067.470079807181 Active= -88.872587085273 G=     1.63e-01
 ooCMF Iter:    8 Total= -5067.471800170845 Active= -88.874307448938 G=     1.58e-01
 ooCMF Iter:    9 Total= -5067.473405206050 Active= -88.875912484143 G=     1.22e-01
 ooCMF Iter:   10 Total= -5067.474758259551 Active= -88.877265537643 G=     6.44e-02
 ooCMF Iter:   11 Total= -5067.475186224110 Active= -88.877693502202 G=     6.41e-02
 ooCMF Iter:   12 Total= -5067.475658720523 Active= -88.878165998615 G=     6.81e-02
 ooCMF Iter:   13 Total= -5067.477056191956 Active= -88.879563470048 G=     1.37e-01
 ooCMF Iter:   14 Total= -5067.480229968383 Active= -88.882737246476 G=     1.84e-01
 ooCMF Iter:   15 Total= -5067.484358830887 Active= -88.886866108979 G=     1.71e-01
 ooCMF Iter:   16 Total= -5067.485874764738 Active= -88.888382042830 G=     1.43e-01
 ooCMF Iter:   17 Total= -5067.486795630895 Active= -88.889302908988 G=     1.13e-01
 ooCMF Iter:   18 Total= -5067.487501032419 Active= -88.890008310512 G=     9.40e-02
 ooCMF Iter:   19 Total= -5067.488036133946 Active= -88.890543412038 G=     5.96e-02
 ooCMF Iter:   20 Total= -5067.488295568679 Active= -88.890802846771 G=     5.81e-02
 ooCMF Iter:   21 Total= -5067.488416758267 Active= -88.890924036359 G=     5.19e-02
 ooCMF Iter:   22 Total= -5067.488587405432 Active= -88.891094683524 G=     4.41e-02
 ooCMF Iter:   23 Total= -5067.488705135096 Active= -88.891212413188 G=     3.80e-02
 ooCMF Iter:   24 Total= -5067.488841842860 Active= -88.891349120952 G=     4.02e-02
 ooCMF Iter:   25 Total= -5067.488917404657 Active= -88.891424682749 G=     4.63e-02
 ooCMF Iter:   26 Total= -5067.489047660872 Active= -88.891554938964 G=     5.09e-02
 ooCMF Iter:   27 Total= -5067.489160486833 Active= -88.891667764926 G=     4.94e-02
 ooCMF Iter:   28 Total= -5067.489282375809 Active= -88.891789653901 G=     4.47e-02
 ooCMF Iter:   29 Total= -5067.489431852211 Active= -88.891939130303 G=     4.12e-02
 ooCMF Iter:   30 Total= -5067.489502590460 Active= -88.892009868552 G=     4.57e-02
 ooCMF Iter:   31 Total= -5067.489559644877 Active= -88.892066922969 G=     4.79e-02
 ooCMF Iter:   32 Total= -5067.489607845563 Active= -88.892115123655 G=     4.33e-02
 ooCMF Iter:   33 Total= -5067.489652135056 Active= -88.892159413148 G=     3.46e-02
 ooCMF Iter:   34 Total= -5067.489698061475 Active= -88.892205339567 G=     2.65e-02
 ooCMF Iter:   35 Total= -5067.489720364517 Active= -88.892227642609 G=     2.83e-02
 ooCMF Iter:   36 Total= -5067.489740464148 Active= -88.892247742240 G=     2.85e-02
 ooCMF Iter:   37 Total= -5067.489754560604 Active= -88.892261838696 G=     2.76e-02
 ooCMF Iter:   38 Total= -5067.489769606716 Active= -88.892276884809 G=     2.29e-02
 ooCMF Iter:   39 Total= -5067.489784940943 Active= -88.892292219035 G=     1.72e-02
 ooCMF Iter:   40 Total= -5067.489799307243 Active= -88.892306585335 G=     1.52e-02
 ooCMF Iter:   41 Total= -5067.489806274385 Active= -88.892313552477 G=     1.36e-02
 ooCMF Iter:   42 Total= -5067.489811456728 Active= -88.892318734820 G=     1.38e-02
 ooCMF Iter:   43 Total= -5067.489815361989 Active= -88.892322640081 G=     1.26e-02
 ooCMF Iter:   44 Total= -5067.489818046161 Active= -88.892325324253 G=     1.02e-02
 ooCMF Iter:   45 Total= -5067.489822296719 Active= -88.892329574811 G=     7.41e-03
 ooCMF Iter:   46 Total= -5067.489824114848 Active= -88.892331392941 G=     7.98e-03
 ooCMF Iter:   47 Total= -5067.489824730965 Active= -88.892332009057 G=     9.29e-03
 ooCMF Iter:   48 Total= -5067.489824769865 Active= -88.892332047957 G=     9.60e-03
 ooCMF Iter:   49 Total= -5067.489825706210 Active= -88.892332984303 G=     8.86e-03
 ooCMF Iter:   50 Total= -5067.489827321819 Active= -88.892334599911 G=     6.41e-03
 ooCMF Iter:   51 Total= -5067.489829518500 Active= -88.892336796593 G=     5.76e-03
 ooCMF Iter:   52 Total= -5067.489830500951 Active= -88.892337779043 G=     5.96e-03
 ooCMF Iter:   53 Total= -5067.489831237598 Active= -88.892338515690 G=     6.06e-03
 ooCMF Iter:   54 Total= -5067.489832135426 Active= -88.892339413518 G=     5.24e-03
 ooCMF Iter:   55 Total= -5067.489832767328 Active= -88.892340045420 G=     4.48e-03
 ooCMF Iter:   56 Total= -5067.489833487563 Active= -88.892340765656 G=     3.92e-03
 ooCMF Iter:   57 Total= -5067.489833895405 Active= -88.892341173498 G=     4.28e-03
 ooCMF Iter:   58 Total= -5067.489833935295 Active= -88.892341213387 G=     5.30e-03
 ooCMF Iter:   59 Total= -5067.489833886742 Active= -88.892341164835 G=     5.56e-03
 ooCMF Iter:   60 Total= -5067.489834082759 Active= -88.892341360851 G=     4.99e-03
 ooCMF Iter:   61 Total= -5067.489834847805 Active= -88.892342125898 G=     4.45e-03
 ooCMF Iter:   62 Total= -5067.489835663452 Active= -88.892342941544 G=     3.68e-03
 ooCMF Iter:   63 Total= -5067.489836372744 Active= -88.892343650837 G=     4.16e-03
 ooCMF Iter:   64 Total= -5067.489836710504 Active= -88.892343988597 G=     4.40e-03
 ooCMF Iter:   65 Total= -5067.489837013452 Active= -88.892344291545 G=     3.80e-03
 ooCMF Iter:   66 Total= -5067.489837499782 Active= -88.892344777874 G=     2.72e-03
 ooCMF Iter:   67 Total= -5067.489837789694 Active= -88.892345067787 G=     2.86e-03
 ooCMF Iter:   68 Total= -5067.489837841217 Active= -88.892345119310 G=     3.51e-03
 ooCMF Iter:   69 Total= -5067.489837623465 Active= -88.892344901557 G=     4.36e-03
 ooCMF Iter:   70 Total= -5067.489837338665 Active= -88.892344616757 G=     4.84e-03
 ooCMF Iter:   71 Total= -5067.489837344348 Active= -88.892344622441 G=     4.56e-03
 ooCMF Iter:   72 Total= -5067.489837933190 Active= -88.892345211282 G=     3.53e-03
 ooCMF Iter:   73 Total= -5067.489838616047 Active= -88.892345894139 G=     3.19e-03
 ooCMF Iter:   74 Total= -5067.489838879962 Active= -88.892346158054 G=     3.55e-03
 ooCMF Iter:   75 Total= -5067.489838974968 Active= -88.892346253060 G=     3.43e-03
 ooCMF Iter:   76 Total= -5067.489839141856 Active= -88.892346419949 G=     2.88e-03
 ooCMF Iter:   77 Total= -5067.489839348645 Active= -88.892346626737 G=     2.36e-03
 ooCMF Iter:   78 Total= -5067.489839597923 Active= -88.892346876016 G=     1.73e-03
 ooCMF Iter:   79 Total= -5067.489839641933 Active= -88.892346920025 G=     2.43e-03
 ooCMF Iter:   80 Total= -5067.489839548087 Active= -88.892346826179 G=     2.94e-03
 ooCMF Iter:   81 Total= -5067.489839435611 Active= -88.892346713704 G=     2.71e-03
 ooCMF Iter:   82 Total= -5067.489839643312 Active= -88.892346921404 G=     2.08e-03
 ooCMF Iter:   83 Total= -5067.489839803829 Active= -88.892347081922 G=     1.92e-03
 ooCMF Iter:   84 Total= -5067.489839940439 Active= -88.892347218532 G=     1.96e-03
 ooCMF Iter:   85 Total= -5067.489839936055 Active= -88.892347214148 G=     2.25e-03
 ooCMF Iter:   86 Total= -5067.489839942444 Active= -88.892347220536 G=     2.03e-03
 ooCMF Iter:   87 Total= -5067.489840039673 Active= -88.892347317766 G=     1.39e-03
 ooCMF Iter:   88 Total= -5067.489840142639 Active= -88.892347420731 G=     1.31e-03
 ooCMF Iter:   89 Total= -5067.489840180087 Active= -88.892347458179 G=     1.34e-03
 ooCMF Iter:   90 Total= -5067.489840142293 Active= -88.892347420386 G=     1.69e-03
 ooCMF Iter:   91 Total= -5067.489840120011 Active= -88.892347398103 G=     1.67e-03
 ooCMF Iter:   92 Total= -5067.489840148645 Active= -88.892347426738 G=     1.45e-03
 ooCMF Iter:   93 Total= -5067.489840244995 Active= -88.892347523088 G=     1.04e-03
 ooCMF Iter:   94 Total= -5067.489840284548 Active= -88.892347562641 G=     1.32e-03
 ooCMF Iter:   95 Total= -5067.489840277914 Active= -88.892347556007 G=     1.43e-03
 ooCMF Iter:   96 Total= -5067.489840275249 Active= -88.892347553341 G=     1.25e-03
 ooCMF Iter:   97 Total= -5067.489840322515 Active= -88.892347600608 G=     9.29e-04
 ooCMF Iter:   98 Total= -5067.489840351837 Active= -88.892347629930 G=     8.00e-04
 ooCMF Iter:   99 Total= -5067.489840371572 Active= -88.892347649665 G=     9.56e-04
 ooCMF Iter:  100 Total= -5067.489840350842 Active= -88.892347628935 G=     1.14e-03
 ooCMF Iter:  101 Total= -5067.489840352835 Active= -88.892347630927 G=     1.11e-03
 * Status: failure (reached maximum number of iterations)

 * Candidate solution
    Final objective value:     -5.067490e+03

 * Found with
    Algorithm:     BFGS

 * Convergence measures
    |x - x'|               = 1.52e-04 ≰ 0.0e+00
    |x - x'|/|x'|          = 2.40e-04 ≰ 0.0e+00
    |f(x) - f(x')|         = 1.99e-09 ≰ 0.0e+00
    |f(x) - f(x')|/|f(x')| = 3.93e-13 ≰ 0.0e+00
    |g(x)|                 = 3.20e-04 ≰ 1.0e-06

 * Work counters
    Seconds run:   87  (vs limit Inf)
    Iterations:    100
    f(x) calls:    204
    ∇f(x) calls:   204
*ooCMF -5067.48984035 
 Solve OO-CMF with DIIS
 ooCMF Iter:    1 Total= -5067.489840419050 G=     3.95e-04 #SS:    1
 ooCMF Iter:    2 Total= -5067.489840431896 G=     3.11e-04 #SS:    2
 ooCMF Iter:    3 Total= -5067.489840451834 G=     2.02e-04 #SS:    3
 ooCMF Iter:    4 Total= -5067.489840462938 G=     1.38e-04 #SS:    4
 ooCMF Iter:    5 Total= -5067.489840468624 G=     1.06e-04 #SS:    5
 ooCMF Iter:    6 Total= -5067.489840472854 G=     8.64e-05 #SS:    6
 ooCMF Iter:    7 Total= -5067.489840474622 G=     8.23e-05 #SS:    7
 ooCMF Iter:    8 Total= -5067.489840478994 G=     7.51e-05 #SS:    8
 ooCMF Iter:    9 Total= -5067.489840482780 G=     7.13e-05 #SS:    9
 ooCMF Iter:   10 Total= -5067.489840485369 G=     6.97e-05 #SS:   10
 ooCMF Iter:   11 Total= -5067.489840489406 G=     6.76e-05 #SS:   11
 ooCMF Iter:   12 Total= -5067.489840496283 G=     6.43e-05 #SS:   12
 ooCMF Iter:   13 Total= -5067.489840508585 G=     5.88e-05 #SS:   13
 ooCMF Iter:   14 Total= -5067.489840521468 G=     5.33e-05 #SS:   14
 ooCMF Iter:   15 Total= -5067.489840528203 G=     4.94e-05 #SS:   14
 ooCMF Iter:   16 Total= -5067.489840538081 G=     4.36e-05 #SS:   14
 ooCMF Iter:   17 Total= -5067.489840542745 G=     4.05e-05 #SS:   14
 ooCMF Iter:   18 Total= -5067.489840544915 G=     3.91e-05 #SS:   14
 ooCMF Iter:   19 Total= -5067.489840547134 G=     3.78e-05 #SS:   14
 ooCMF Iter:   20 Total= -5067.489840548910 G=     3.67e-05 #SS:   14
 ooCMF Iter:   21 Total= -5067.489840550800 G=     3.59e-05 #SS:   14
 ooCMF Iter:   22 Total= -5067.489840552686 G=     3.50e-05 #SS:   14
 ooCMF Iter:   23 Total= -5067.489840555188 G=     3.38e-05 #SS:   14
 ooCMF Iter:   24 Total= -5067.489840559891 G=     3.18e-05 #SS:   14
 ooCMF Iter:   25 Total= -5067.489840563722 G=     2.99e-05 #SS:   14
 ooCMF Iter:   26 Total= -5067.489840567935 G=     2.77e-05 #SS:   14
 ooCMF Iter:   27 Total= -5067.489840574387 G=     2.28e-05 #SS:   14
 ooCMF Iter:   28 Total= -5067.489840577326 G=     2.08e-05 #SS:   14
 ooCMF Iter:   29 Total= -5067.489840578404 G=     2.00e-05 #SS:   14
 ooCMF Iter:   30 Total= -5067.489840578818 G=     1.96e-05 #SS:   14
 ooCMF Iter:   31 Total= -5067.489840579271 G=     1.92e-05 #SS:   14
 ooCMF Iter:   32 Total= -5067.489840579956 G=     1.86e-05 #SS:   14
 ooCMF Iter:   33 Total= -5067.489840580638 G=     1.80e-05 #SS:   14
 ooCMF Iter:   34 Total= -5067.489840581608 G=     1.71e-05 #SS:   14
 ooCMF Iter:   35 Total= -5067.489840582998 G=     1.57e-05 #SS:   14
 ooCMF Iter:   36 Total= -5067.489840583847 G=     1.50e-05 #SS:   14
 ooCMF Iter:   37 Total= -5067.489840584599 G=     1.40e-05 #SS:   14
 ooCMF Iter:   38 Total= -5067.489840585136 G=     1.33e-05 #SS:   14
 ooCMF Iter:   39 Total= -5067.489840585678 G=     1.25e-05 #SS:   14
 ooCMF Iter:   40 Total= -5067.489840585947 G=     1.21e-05 #SS:   14
 ooCMF Iter:   41 Total= -5067.489840586129 G=     1.18e-05 #SS:   14
 ooCMF Iter:   42 Total= -5067.489840586363 G=     1.14e-05 #SS:   14
 ooCMF Iter:   43 Total= -5067.489840586491 G=     1.13e-05 #SS:   14
 ooCMF Iter:   44 Total= -5067.489840586584 G=     1.12e-05 #SS:   14
 ooCMF Iter:   45 Total= -5067.489840586704 G=     1.11e-05 #SS:   14
 ooCMF Iter:   46 Total= -5067.489840586867 G=     1.10e-05 #SS:   14
 ooCMF Iter:   47 Total= -5067.489840587168 G=     1.08e-05 #SS:   14
 ooCMF Iter:   48 Total= -5067.489840587439 G=     1.07e-05 #SS:   14
 ooCMF Iter:   49 Total= -5067.489840587745 G=     1.05e-05 #SS:   14
 ooCMF Iter:   50 Total= -5067.489840588228 G=     1.03e-05 #SS:   14
 ooCMF Iter:   51 Total= -5067.489840588495 G=     1.02e-05 #SS:   14
 ooCMF Iter:   52 Total= -5067.489840588791 G=     1.00e-05 #SS:   14
 ooCMF Iter:   53 Total= -5067.489840588988 G=     9.95e-06 #SS:   14
 ooCMF Iter:   54 Total= -5067.489840589212 G=     9.88e-06 #SS:   14
 ooCMF Iter:   55 Total= -5067.489840589359 G=     9.84e-06 #SS:   14
 ooCMF Iter:   56 Total= -5067.489840589463 G=     9.81e-06 #SS:   14
 ooCMF Iter:   57 Total= -5067.489840589668 G=     9.76e-06 #SS:   14
 ooCMF Iter:   58 Total= -5067.489840589835 G=     9.73e-06 #SS:   14
 ooCMF Iter:   59 Total= -5067.489840589988 G=     9.70e-06 #SS:   14
 ooCMF Iter:   60 Total= -5067.489840590300 G=     9.64e-06 #SS:   14
 ooCMF Iter:   61 Total= -5067.489840590664 G=     9.57e-06 #SS:   14
 ooCMF Iter:   62 Total= -5067.489840591358 G=     9.46e-06 #SS:   14
 ooCMF Iter:   63 Total= -5067.489840591794 G=     9.40e-06 #SS:   14
 ooCMF Iter:   64 Total= -5067.489840592309 G=     9.31e-06 #SS:   14
 ooCMF Iter:   65 Total= -5067.489840593090 G=     9.20e-06 #SS:   14
 ooCMF Iter:   66 Total= -5067.489840593447 G=     9.16e-06 #SS:   14
 ooCMF Iter:   67 Total= -5067.489840593837 G=     9.11e-06 #SS:   14
 ooCMF Iter:   68 Total= -5067.489840594083 G=     9.08e-06 #SS:   14
 ooCMF Iter:   69 Total= -5067.489840594342 G=     9.05e-06 #SS:   14
 ooCMF Iter:   70 Total= -5067.489840594592 G=     9.02e-06 #SS:   14
 ooCMF Iter:   71 Total= -5067.489840594849 G=     8.98e-06 #SS:   14
 ooCMF Iter:   72 Total= -5067.489840595563 G=     8.90e-06 #SS:   14
 ooCMF Iter:   73 Total= -5067.489840596193 G=     8.83e-06 #SS:   14
 ooCMF Iter:   74 Total= -5067.489840596805 G=     8.77e-06 #SS:   14
 ooCMF Iter:   75 Total= -5067.489840597969 G=     8.63e-06 #SS:   14
 ooCMF Iter:   76 Total= -5067.489840599033 G=     8.51e-06 #SS:   14
 ooCMF Iter:   77 Total= -5067.489840600669 G=     8.36e-06 #SS:   14
 ooCMF Iter:   78 Total= -5067.489840601517 G=     8.27e-06 #SS:   14
 ooCMF Iter:   79 Total= -5067.489840602362 G=     8.18e-06 #SS:   14
 ooCMF Iter:   80 Total= -5067.489840603415 G=     8.07e-06 #SS:   14
 ooCMF Iter:   81 Total= -5067.489840603913 G=     8.03e-06 #SS:   14
 ooCMF Iter:   82 Total= -5067.489840604441 G=     7.97e-06 #SS:   14
 ooCMF Iter:   83 Total= -5067.489840604871 G=     7.92e-06 #SS:   14
 ooCMF Iter:   84 Total= -5067.489840605431 G=     7.86e-06 #SS:   14
 ooCMF Iter:   85 Total= -5067.489840606119 G=     7.78e-06 #SS:   14
 ooCMF Iter:   86 Total= -5067.489840606811 G=     7.69e-06 #SS:   14
 ooCMF Iter:   87 Total= -5067.489840608497 G=     7.49e-06 #SS:   14
 ooCMF Iter:   88 Total= -5067.489840609685 G=     7.36e-06 #SS:   14
 ooCMF Iter:   89 Total= -5067.489840610735 G=     7.23e-06 #SS:   14
 ooCMF Iter:   90 Total= -5067.489840612323 G=     7.00e-06 #SS:   14
 ooCMF Iter:   91 Total= -5067.489840613463 G=     6.85e-06 #SS:   14
 ooCMF Iter:   92 Total= -5067.489840614560 G=     6.72e-06 #SS:   14
 ooCMF Iter:   93 Total= -5067.489840615018 G=     6.66e-06 #SS:   14
 ooCMF Iter:   94 Total= -5067.489840615442 G=     6.60e-06 #SS:   14
 ooCMF Iter:   95 Total= -5067.489840615971 G=     6.52e-06 #SS:   14
 ooCMF Iter:   96 Total= -5067.489840616302 G=     6.47e-06 #SS:   14
 ooCMF Iter:   97 Total= -5067.489840616679 G=     6.41e-06 #SS:   14
 ooCMF Iter:   98 Total= -5067.489840617096 G=     6.34e-06 #SS:   14
 ooCMF Iter:   99 Total= -5067.489840617660 G=     6.25e-06 #SS:   14
 ooCMF Iter:  100 Total= -5067.489840618360 G=     6.13e-06 #SS:   14
 ooCMF Iter:  101 Total= -5067.489840619077 G=     5.99e-06 #SS:   14
 ooCMF Iter:  102 Total= -5067.489840620496 G=     5.72e-06 #SS:   14
 ooCMF Iter:  103 Total= -5067.489840621379 G=     5.54e-06 #SS:   14
 ooCMF Iter:  104 Total= -5067.489840622051 G=     5.39e-06 #SS:   14
 ooCMF Iter:  105 Total= -5067.489840622834 G=     5.17e-06 #SS:   14
 ooCMF Iter:  106 Total= -5067.489840623308 G=     5.04e-06 #SS:   14
 ooCMF Iter:  107 Total= -5067.489840623646 G=     4.95e-06 #SS:   14
 ooCMF Iter:  108 Total= -5067.489840623812 G=     4.89e-06 #SS:   14
 ooCMF Iter:  109 Total= -5067.489840623985 G=     4.81e-06 #SS:   14
 ooCMF Iter:  110 Total= -5067.489840624228 G=     4.71e-06 #SS:   14
 ooCMF Iter:  111 Total= -5067.489840624400 G=     4.62e-06 #SS:   14
 ooCMF Iter:  112 Total= -5067.489840624589 G=     4.52e-06 #SS:   14
 ooCMF Iter:  113 Total= -5067.489840624815 G=     4.36e-06 #SS:   14
 ooCMF Iter:  114 Total= -5067.489840625037 G=     4.18e-06 #SS:   14
 ooCMF Iter:  115 Total= -5067.489840625223 G=     3.95e-06 #SS:   14
 ooCMF Iter:  116 Total= -5067.489840625317 G=     3.71e-06 #SS:   14
 ooCMF Iter:  117 Total= -5067.489840625311 G=     3.40e-06 #SS:   14
 ooCMF Iter:  118 Total= -5067.489840625239 G=     3.23e-06 #SS:   14
 ooCMF Iter:  119 Total= -5067.489840625162 G=     3.11e-06 #SS:   14
 ooCMF Iter:  120 Total= -5067.489840625057 G=     2.96e-06 #SS:   14
 ooCMF Iter:  121 Total= -5067.489840624978 G=     2.88e-06 #SS:   14
 ooCMF Iter:  122 Total= -5067.489840624921 G=     2.83e-06 #SS:   14
 ooCMF Iter:  123 Total= -5067.489840624889 G=     2.80e-06 #SS:   14
 ooCMF Iter:  124 Total= -5067.489840624852 G=     2.75e-06 #SS:   14
 ooCMF Iter:  125 Total= -5067.489840624793 G=     2.68e-06 #SS:   14
 ooCMF Iter:  126 Total= -5067.489840624749 G=     2.63e-06 #SS:   14
 ooCMF Iter:  127 Total= -5067.489840624696 G=     2.58e-06 #SS:   14
 ooCMF Iter:  128 Total= -5067.489840624623 G=     2.49e-06 #SS:   14
 ooCMF Iter:  129 Total= -5067.489840624539 G=     2.42e-06 #SS:   14
 ooCMF Iter:  130 Total= -5067.489840624455 G=     2.34e-06 #SS:   14
 ooCMF Iter:  131 Total= -5067.489840624378 G=     2.27e-06 #SS:   14
 ooCMF Iter:  132 Total= -5067.489840624290 G=     2.20e-06 #SS:   14
 ooCMF Iter:  133 Total= -5067.489840624243 G=     2.17e-06 #SS:   14
 ooCMF Iter:  134 Total= -5067.489840624214 G=     2.15e-06 #SS:   14
 ooCMF Iter:  135 Total= -5067.489840624184 G=     2.12e-06 #SS:   14
 ooCMF Iter:  136 Total= -5067.489840624167 G=     2.11e-06 #SS:   14
 ooCMF Iter:  137 Total= -5067.489840624155 G=     2.10e-06 #SS:   14
 ooCMF Iter:  138 Total= -5067.489840624149 G=     2.09e-06 #SS:   14
 ooCMF Iter:  139 Total= -5067.489840624143 G=     2.08e-06 #SS:   14
 ooCMF Iter:  140 Total= -5067.489840624133 G=     2.06e-06 #SS:   14
 ooCMF Iter:  141 Total= -5067.489840624125 G=     2.05e-06 #SS:   14
 ooCMF Iter:  142 Total= -5067.489840624117 G=     2.03e-06 #SS:   14
 ooCMF Iter:  143 Total= -5067.489840624107 G=     2.01e-06 #SS:   14
 ooCMF Iter:  144 Total= -5067.489840624098 G=     2.00e-06 #SS:   14
 ooCMF Iter:  145 Total= -5067.489840624091 G=     1.98e-06 #SS:   14
 ooCMF Iter:  146 Total= -5067.489840624084 G=     1.97e-06 #SS:   14
 ooCMF Iter:  147 Total= -5067.489840624076 G=     1.96e-06 #SS:   14
 ooCMF Iter:  148 Total= -5067.489840624074 G=     1.95e-06 #SS:   14
 ooCMF Iter:  149 Total= -5067.489840624073 G=     1.95e-06 #SS:   14
 ooCMF Iter:  150 Total= -5067.489840624072 G=     1.94e-06 #SS:   14
 ooCMF Iter:  151 Total= -5067.489840624071 G=     1.94e-06 #SS:   14
 ooCMF Iter:  152 Total= -5067.489840624072 G=     1.94e-06 #SS:   14
 ooCMF Iter:  153 Total= -5067.489840624073 G=     1.94e-06 #SS:   14
 ooCMF Iter:  154 Total= -5067.489840624077 G=     1.93e-06 #SS:   14
 ooCMF Iter:  155 Total= -5067.489840624084 G=     1.92e-06 #SS:   14
 ooCMF Iter:  156 Total= -5067.489840624089 G=     1.92e-06 #SS:   14
 ooCMF Iter:  157 Total= -5067.489840624096 G=     1.91e-06 #SS:   14
 ooCMF Iter:  158 Total= -5067.489840624105 G=     1.90e-06 #SS:   14
 ooCMF Iter:  159 Total= -5067.489840624115 G=     1.90e-06 #SS:   14
 ooCMF Iter:  160 Total= -5067.489840624124 G=     1.89e-06 #SS:   14
 ooCMF Iter:  161 Total= -5067.489840624133 G=     1.89e-06 #SS:   14
 ooCMF Iter:  162 Total= -5067.489840624141 G=     1.88e-06 #SS:   14
 ooCMF Iter:  163 Total= -5067.489840624148 G=     1.88e-06 #SS:   14
 ooCMF Iter:  164 Total= -5067.489840624152 G=     1.87e-06 #SS:   14
 ooCMF Iter:  165 Total= -5067.489840624161 G=     1.87e-06 #SS:   14
 ooCMF Iter:  166 Total= -5067.489840624168 G=     1.87e-06 #SS:   14
 ooCMF Iter:  167 Total= -5067.489840624174 G=     1.86e-06 #SS:   14
 ooCMF Iter:  168 Total= -5067.489840624186 G=     1.86e-06 #SS:   14
 ooCMF Iter:  169 Total= -5067.489840624206 G=     1.85e-06 #SS:   14
 ooCMF Iter:  170 Total= -5067.489840624238 G=     1.84e-06 #SS:   14
 ooCMF Iter:  171 Total= -5067.489840624266 G=     1.83e-06 #SS:   14
 ooCMF Iter:  172 Total= -5067.489840624291 G=     1.82e-06 #SS:   14
 ooCMF Iter:  173 Total= -5067.489840624323 G=     1.81e-06 #SS:   14
 ooCMF Iter:  174 Total= -5067.489840624352 G=     1.80e-06 #SS:   14
 ooCMF Iter:  175 Total= -5067.489840624376 G=     1.79e-06 #SS:   14
 ooCMF Iter:  176 Total= -5067.489840624396 G=     1.78e-06 #SS:   14
 ooCMF Iter:  177 Total= -5067.489840624417 G=     1.78e-06 #SS:   14
 ooCMF Iter:  178 Total= -5067.489840624432 G=     1.77e-06 #SS:   14
 ooCMF Iter:  179 Total= -5067.489840624445 G=     1.77e-06 #SS:   14
 ooCMF Iter:  180 Total= -5067.489840624467 G=     1.76e-06 #SS:   14
 ooCMF Iter:  181 Total= -5067.489840624487 G=     1.76e-06 #SS:   14
 ooCMF Iter:  182 Total= -5067.489840624506 G=     1.75e-06 #SS:   14
 ooCMF Iter:  183 Total= -5067.489840624542 G=     1.73e-06 #SS:   14
 ooCMF Iter:  184 Total= -5067.489840624601 G=     1.71e-06 #SS:   14
 ooCMF Iter:  185 Total= -5067.489840624686 G=     1.68e-06 #SS:   14
 ooCMF Iter:  186 Total= -5067.489840624748 G=     1.66e-06 #SS:   14
 ooCMF Iter:  187 Total= -5067.489840624804 G=     1.64e-06 #SS:   14
 ooCMF Iter:  188 Total= -5067.489840624866 G=     1.62e-06 #SS:   14
 ooCMF Iter:  189 Total= -5067.489840624916 G=     1.60e-06 #SS:   14
 ooCMF Iter:  190 Total= -5067.489840624957 G=     1.59e-06 #SS:   14
 ooCMF Iter:  191 Total= -5067.489840624992 G=     1.57e-06 #SS:   14
 ooCMF Iter:  192 Total= -5067.489840625025 G=     1.56e-06 #SS:   14
 ooCMF Iter:  193 Total= -5067.489840625053 G=     1.55e-06 #SS:   14
 ooCMF Iter:  194 Total= -5067.489840625079 G=     1.53e-06 #SS:   14
 ooCMF Iter:  195 Total= -5067.489840625125 G=     1.51e-06 #SS:   14
 ooCMF Iter:  196 Total= -5067.489840625167 G=     1.49e-06 #SS:   14
 ooCMF Iter:  197 Total= -5067.489840625203 G=     1.47e-06 #SS:   14
 ooCMF Iter:  198 Total= -5067.489840625268 G=     1.43e-06 #SS:   14
 ooCMF Iter:  199 Total= -5067.489840625355 G=     1.36e-06 #SS:   14
 ooCMF Iter:  200 Total= -5067.489840625440 G=     1.30e-06 #SS:   14
 ooCMF Iter:  201 Total= -5067.489840625483 G=     1.26e-06 #SS:   14
 ooCMF Iter:  202 Total= -5067.489840625510 G=     1.22e-06 #SS:   14
 ooCMF Iter:  203 Total= -5067.489840625535 G=     1.17e-06 #SS:   14
 ooCMF Iter:  204 Total= -5067.489840625548 G=     1.15e-06 #SS:   14
 ooCMF Iter:  205 Total= -5067.489840625557 G=     1.12e-06 #SS:   14
 ooCMF Iter:  206 Total= -5067.489840625562 G=     1.10e-06 #SS:   14
 ooCMF Iter:  207 Total= -5067.489840625566 G=     1.08e-06 #SS:   14
 ooCMF Iter:  208 Total= -5067.489840625567 G=     1.06e-06 #SS:   14
 ooCMF Iter:  209 Total= -5067.489840625569 G=     1.04e-06 #SS:   14
 ooCMF Iter:  210 Total= -5067.489840625570 G=     1.01e-06 #SS:   14
*ooCMF Iter:  211 Total= -5067.489840625569 G=     9.82e-07 #SS:   14
