 Working with file:  m050/energies
6
 Energy shift: -55758.45317000
Extrapolated Result:   -55.75844306
R^2                :    -0.98177176
Var root 1 [1.50621 0.48634 0.23736 0.09057 0.03137]
PT  root 1 [0.23839 0.11014 0.05055 0.01375 0.     ]
Extrapolated Result:   -55.75799396
R^2                :    -0.98133608
Var root 2 [1.90777 0.91884 0.67599 0.53567 0.47904]
PT  root 2 [0.6775  0.55508 0.49738 0.46235 0.44923]
Extrapolated Result:   -55.75709353
R^2                :    -0.98041089
Var root 3 [2.71393 1.7886  1.56059 1.42964 1.37699]
PT  root 3 [1.55776 1.44737 1.39408 1.36212 1.34999]
Extrapolated Result:   -55.75573753
R^2                :    -0.97866203
Var root 4 [3.93078 3.09666 2.88959 2.77523 2.72928]
PT  root 4 [2.88328 2.79067 2.74389 2.71696 2.70659]
Extrapolated Result:   -55.75391996
R^2                :    -0.97523337
Var root 5 [5.5674  4.84883 4.66777 4.57902 4.54247]
PT  root 5 [4.66043 4.59116 4.55251 4.5331  4.52538]
Extrapolated Result:   -55.75163391
R^2                :    -0.96864178
Var root 6 [7.63695 7.05154 6.90067 6.84828 6.82439]
PT  root 6 [6.89803 6.85622 6.82681 6.81801 6.81422]
x:  (-1.2678200000009383, 0)
y:  (-1.0, 8.228517439860493)
[0.010109197921252588, 0.45920947932005557, 1.3596412496581396, 2.7156366214121146, 4.533206741539547, 6.819263676096461]
