max_iter         : 20
 nbody            : 4
 H0               : Hcmf
 thresh_var       : 0.01
 thresh_foi       : 1.0e-6
 thresh_pt        : 0.0001
 ci_conv          : 1.0e-5
 ci_max_iter      : 50
 ci_max_ss_vecs   : 12
 ci_lindep_thresh : 1.0e-10
 resolve_ss       : false
 do_pt            : true
 tol_tucker       : 1.0e-6



 ===================================================================
     BST Iteration:    1 epsilon:   0.01000000
 ===================================================================
 Ref state compressed from:                                 4 → 4          (thresh =  1.0e-02)
 Compute zeroth-order energy:                        0.001373 seconds (13.71 k allocations: 2.628 MiB)
 Compute <S^2>:                                      0.000985 seconds (6.51 k allocations: 2.222 MiB)
  Root       Energy           S2
     1 -79.05272351  12.00000000
     2 -79.05237400   6.00000000
     3 -79.05214100   2.00000000
     4 -79.05202450   0.00000000

 Compute FOIS. Reference space dim:                         4
 Number of tasks:                                          73
 Compute tasks:                                    
 Time building compressed vector:                    0.200349 seconds   4.24e-01 Gb GC: 9.4e-02 sec
 Add results together:                               0.041629 seconds   3.80e-02 Gb GC: 0.0e+00 sec
 Compute Compressed FOIS:                            0.262395 seconds   4.81e-01 Gb

 |...................................BST-PT2............................................
 Length of input      FOIS:                             72120
 Compute <X|H|0>:                                    0.013283 seconds   5.49e-02 Gb
 Compute <X|F|0>:                                    0.000707 seconds   2.28e-03 Gb
 State   1: E(PT2) corr:                          -0.00322998
 State   2: E(PT2) corr:                          -0.00477027
 State   3: E(PT2) corr:                          -0.00579764
 State   4: E(PT2) corr:                          -0.00631693
  Root         E(0)         E(2)
     1 -79.05272351 -79.05595348
     2 -79.05237400 -79.05714427
     3 -79.05214100 -79.05793864
     4 -79.05202450 -79.05834143
 ......................................................................................|
 Total time spent building FOIS:                     0.364559 seconds
 FOIS compressed from:                                  72120 → 31264      (thresh =  1.0e-06)
     1   0.00065886
     2   0.00526641
     3   0.00691326
     4   0.01885521

 Variational space compressed from:                     31264 → 7545       (thresh =  1.0e-04)
 Add new space to variational space:                 0.029809 seconds
 Solve in compressed FOIS:                         
 |== BST CI ========================================================
 Solve CI with # variables:                              7545
 Cache Hamiltonian:                                  3.867882 seconds (3.62 M allocations: 3.735 GiB, 41.75% gc time)
 Iter:   1 SS: 4    E:  -79.06045913   -79.05994093   -79.05884728   -79.05724090   R: 4.1e-02  3.9e-02  3.7e-02  3.2e-02   LinDep: 0.0e+00* 
 Iter:   2 SS: 8    E:  -79.06196451   -79.06129524   -79.05996195   -79.05798594   R: 3.7e-02  3.4e-02  3.1e-02  2.3e-02   LinDep: 4.4e-16* 
 Iter:   3 SS: 12   E:  -79.06258437   -79.06184661   -79.06037342   -79.05820085   R: 3.3e-02  3.1e-02  2.7e-02  1.9e-02   LinDep: 0.0e+00* 
 Iter:   4 SS: 16   E:  -79.06326331   -79.06243729   -79.06084293   -79.05845916   R: 1.7e-02  1.6e-02  1.5e-02  1.2e-02   LinDep: 1.3e-15* 
 Iter:   5 SS: 20   E:  -79.06338553   -79.06255649   -79.06093219   -79.05850615   R: 1.0e-02  9.5e-03  8.9e-03  7.4e-03   LinDep: 3.3e-16* 
 Iter:   6 SS: 24   E:  -79.06342520   -79.06258445   -79.06095953   -79.05852632   R: 6.0e-03  5.5e-03  4.7e-03  3.4e-03   LinDep: 5.6e-16* 
 Iter:   7 SS: 28   E:  -79.06344500   -79.06260279   -79.06097114   -79.05853129   R: 5.2e-03  4.4e-03  3.6e-03  2.4e-03   LinDep: 1.3e-15* 
 Iter:   8 SS: 32   E:  -79.06345670   -79.06261086   -79.06097652   -79.05853378   R: 3.5e-03  3.2e-03  2.3e-03  1.2e-03   LinDep: 2.2e-15* 
 Iter:   9 SS: 36   E:  -79.06346535   -79.06261765   -79.06098013   -79.05853482   R: 2.4e-03  2.0e-03  1.5e-03  7.7e-04   LinDep: 0.0e+00* 
 Iter:  10 SS: 40   E:  -79.06346795   -79.06261979   -79.06098114   -79.05853500   R: 2.0e-03  1.9e-03  1.3e-03  4.4e-04   LinDep: 1.1e-15* 
 Iter:  11 SS: 44   E:  -79.06347001   -79.06262132   -79.06098201   -79.05853512   R: 1.2e-03  1.1e-03  8.1e-04  2.2e-04   LinDep: 2.4e-15* 
 Iter:  12 SS: 4    E:  -79.06347091   -79.06262214   -79.06098243   -79.05853514   R: 1.1e-03  9.9e-04  7.9e-04  1.8e-04   LinDep: 8.9e-16* 
 Iter:  13 SS: 8    E:  -79.06347123   -79.06262241   -79.06098259   -79.05853515   R: 6.4e-04  5.9e-04  4.6e-04  1.0e-04   LinDep: 5.4e-14* 
 Iter:  14 SS: 12   E:  -79.06347155   -79.06262266   -79.06098276   -79.05853516   R: 5.6e-04  5.1e-04  4.3e-04  6.3e-05   LinDep: 5.6e-14* 
 Iter:  15 SS: 16   E:  -79.06347170   -79.06262280   -79.06098287   -79.05853516   R: 5.0e-04  4.8e-04  4.3e-04  4.5e-05   LinDep: 5.4e-14* 
 Iter:  16 SS: 20   E:  -79.06347183   -79.06262291   -79.06098297   -79.05853516   R: 2.9e-04  2.8e-04  2.7e-04  2.3e-05   LinDep: 5.5e-14* 
 Iter:  17 SS: 24   E:  -79.06347188   -79.06262296   -79.06098301   -79.05853516   R: 2.3e-04  2.3e-04  2.3e-04  1.9e-05   LinDep: 5.6e-14* 
 Iter:  18 SS: 28   E:  -79.06347190   -79.06262298   -79.06098303   -79.05853516   R: 1.5e-04  1.6e-04  1.6e-04  1.2e-05   LinDep: 5.8e-14* 
 Iter:  19 SS: 32   E:  -79.06347191   -79.06262299   -79.06098305   -79.05853516*  R: 1.3e-04  1.3e-04  1.2e-04  9.7e-06*  LinDep: 5.6e-14* 
 Iter:  20 SS: 35   E:  -79.06347192   -79.06262300   -79.06098305   -79.05853516*  R: 9.8e-05  1.0e-04  8.7e-05  9.7e-06*  LinDep: 5.5e-14* 
 Iter:  21 SS: 38   E:  -79.06347192   -79.06262301   -79.06098306   -79.05853516*  R: 5.6e-05  5.5e-05  4.5e-05  9.7e-06*  LinDep: 5.8e-14* 
 Iter:  22 SS: 41   E:  -79.06347193   -79.06262301   -79.06098306   -79.05853516*  R: 4.0e-05  4.0e-05  3.2e-05  9.6e-06*  LinDep: 6.3e-14* 
 Iter:  23 SS: 44   E:  -79.06347193   -79.06262301   -79.06098306   -79.05853516*  R: 2.0e-05  2.1e-05  1.6e-05  9.5e-06*  LinDep: 6.2e-14* 
 Iter:  24 SS: 47   E:  -79.06347193   -79.06262301   -79.06098306   -79.05853516*  R: 2.1e-05  2.0e-05  1.5e-05  9.3e-06*  LinDep: 5.6e-14* 
 Iter:  25 SS: 4    E:  -79.06347193   -79.06262301   -79.06098306*  -79.05853516*  R: 1.2e-05  1.4e-05  8.8e-06* 9.3e-06*  LinDep: 5.4e-14* 
 Iter:  26 SS: 6    E:  -79.06347193*  -79.06262301*  -79.06098306*  -79.05853516*  R: 8.1e-06* 8.9e-06* 7.9e-06* 8.8e-06*  LinDep: 5.2e-14* 
 Diagonalization time:                               5.604741 seconds
 Compute <S^2>:                                      0.032942 seconds (497.49 k allocations: 121.917 MiB)
  Root       Energy           S2
     1 -79.06347193   0.00063127
     2 -79.06262301   2.00022544
     3 -79.06098306   5.99941804
     4 -79.05853516  11.99977791
 ==================================================================|
 Compute <S^2>:                                      0.087067 seconds (567.44 k allocations: 119.899 MiB, 56.71% gc time)
 E(Reference):       -79.05272351 -79.05237400 -79.05214100 -79.05202450 
 E(PT2):             -79.05595348 -79.05714427 -79.05793864 -79.05834143 
 E(BST):             -79.06347193 -79.06262301 -79.06098306 -79.05853516 




 ===================================================================
     BST Iteration:    2 epsilon:   0.01000000
 ===================================================================
 Ref state compressed from:                              7545 → 192        (thresh =  1.0e-02)
 Compute zeroth-order energy:                        0.489529 seconds (902.93 k allocations: 913.831 MiB, 32.30% gc time)
 Compute <S^2>:                                      0.006716 seconds (90.97 k allocations: 18.023 MiB)
  Root       Energy           S2
     1 -79.05960505   0.00208939
     2 -79.05938118   2.00103984
     3 -79.05757566   5.99884687
     4 -79.05519348  11.99839375

 Compute FOIS. Reference space dim:                       192
 Number of tasks:                                          73
 Compute tasks:                                    
 Time building compressed vector:                    3.111182 seconds   7.28e+00 Gb GC: 1.8e+00 sec
 Add results together:                               2.521529 seconds   3.87e+00 Gb GC: 1.2e+00 sec
 Compute Compressed FOIS:                            5.635253 seconds   1.12e+01 Gb

 |...................................BST-PT2............................................
 Length of input      FOIS:                           3091026
 Compute <X|H|0>:                                   15.683951 seconds   1.99e+01 Gb
 Compute <X|F|0>:                                    0.029023 seconds   2.38e-01 Gb
 State   1: E(PT2) corr:                          -0.00291611
 State   2: E(PT2) corr:                          -0.00251361
 State   3: E(PT2) corr:                          -0.00255083
 State   4: E(PT2) corr:                          -0.00242337
  Root         E(0)         E(2)
     1 -79.05960505 -79.06252116
     2 -79.05938118 -79.06189479
     3 -79.05757566 -79.06012649
     4 -79.05519348 -79.05761685
 ......................................................................................|
 Total time spent building FOIS:                    27.160439 seconds
 FOIS compressed from:                                3091026 → 647304     (thresh =  1.0e-06)
     1   0.93179282
     2   0.94338243
     3   0.93398903
     4   0.91775322

 Variational space compressed from:                    655454 → 33173      (thresh =  1.0e-04)
 Add new space to variational space:                 0.242325 seconds
 Solve in compressed FOIS:                         
 |== BST CI ========================================================
 Solve CI with # variables:                             33173
 Cache Hamiltonian:                                 22.696868 seconds (6.93 M allocations: 14.390 GiB, 74.41% gc time)
 Iter:   1 SS: 4    E:  -79.06206397   -79.06146294   -79.05967306   -79.05722683   R: 5.2e-02  4.9e-02  5.1e-02  5.0e-02   LinDep: 0.0e+00* 
 Iter:   2 SS: 8    E:  -79.06327656   -79.06250615   -79.06079651   -79.05828578   R: 3.4e-02  3.1e-02  3.2e-02  3.2e-02   LinDep: 1.6e-15* 
 Iter:   3 SS: 12   E:  -79.06358881   -79.06277062   -79.06108886   -79.05857150   R: 8.8e-03  8.2e-03  8.0e-03  6.8e-03   LinDep: 5.6e-16* 
 Iter:   4 SS: 16   E:  -79.06364124   -79.06281479   -79.06113090   -79.05860091   R: 6.2e-03  5.8e-03  5.7e-03  5.0e-03   LinDep: 1.3e-15* 
 Iter:   5 SS: 20   E:  -79.06365419   -79.06282658   -79.06114114   -79.05860775   R: 4.0e-03  3.7e-03  3.5e-03  2.7e-03   LinDep: 3.2e-15* 
 Iter:   6 SS: 24   E:  -79.06366217   -79.06283281   -79.06114721   -79.05861126   R: 3.1e-03  2.8e-03  2.8e-03  2.1e-03   LinDep: 3.1e-15* 
 Iter:   7 SS: 28   E:  -79.06366604   -79.06283632   -79.06115047   -79.05861289   R: 2.2e-03  2.1e-03  2.0e-03  1.3e-03   LinDep: 2.7e-15* 
 Iter:   8 SS: 32   E:  -79.06366831   -79.06283813   -79.06115251   -79.05861367   R: 1.6e-03  1.5e-03  1.5e-03  8.7e-04   LinDep: 1.2e-15* 
 Iter:   9 SS: 36   E:  -79.06366942   -79.06283938   -79.06115378   -79.05861402   R: 1.0e-03  1.0e-03  1.2e-03  5.9e-04   LinDep: 2.2e-15* 
 Iter:  10 SS: 40   E:  -79.06366978   -79.06283976   -79.06115434   -79.05861414   R: 6.6e-04  7.4e-04  9.1e-04  3.4e-04   LinDep: 3.6e-15* 
 Iter:  11 SS: 44   E:  -79.06367002   -79.06284009   -79.06115490   -79.05861420   R: 5.3e-04  6.8e-04  9.5e-04  2.7e-04   LinDep: 8.9e-16* 
 Iter:  12 SS: 4    E:  -79.06367015   -79.06284035   -79.06115536   -79.05861422   R: 4.4e-04  6.6e-04  8.9e-04  1.5e-04   LinDep: 2.2e-16* 
 Iter:  13 SS: 8    E:  -79.06367021   -79.06284048   -79.06115561   -79.05861423   R: 3.0e-04  4.4e-04  6.2e-04  1.2e-04   LinDep: 1.0e-14* 
 Iter:  14 SS: 12   E:  -79.06367027   -79.06284059   -79.06115581   -79.05861424   R: 2.6e-04  3.8e-04  5.2e-04  1.0e-04   LinDep: 9.3e-15* 
 Iter:  15 SS: 16   E:  -79.06367030   -79.06284067   -79.06115595   -79.05861424   R: 2.3e-04  4.0e-04  4.9e-04  9.6e-05   LinDep: 8.4e-15* 
 Iter:  16 SS: 20   E:  -79.06367032   -79.06284077   -79.06115609   -79.05861425   R: 1.7e-04  3.5e-04  4.4e-04  6.5e-05   LinDep: 7.5e-15* 
 Iter:  17 SS: 24   E:  -79.06367034   -79.06284084   -79.06115621   -79.05861425   R: 1.4e-04  3.5e-04  4.2e-04  5.7e-05   LinDep: 1.1e-14* 
 Iter:  18 SS: 28   E:  -79.06367035   -79.06284090   -79.06115629   -79.05861425   R: 1.0e-04  2.6e-04  3.4e-04  4.2e-05   LinDep: 6.9e-15* 
 Iter:  19 SS: 32   E:  -79.06367035   -79.06284093   -79.06115635   -79.05861425   R: 7.2e-05  2.1e-04  2.8e-04  3.5e-05   LinDep: 9.5e-15* 
 Iter:  20 SS: 36   E:  -79.06367035   -79.06284095   -79.06115639   -79.05861425   R: 6.4e-05  1.7e-04  2.5e-04  2.8e-05   LinDep: 8.0e-15* 
 Iter:  21 SS: 40   E:  -79.06367036   -79.06284096   -79.06115642   -79.05861425   R: 3.6e-05  1.0e-04  1.6e-04  1.7e-05   LinDep: 6.7e-15* 
 Iter:  22 SS: 44   E:  -79.06367036   -79.06284097   -79.06115644   -79.05861425   R: 3.1e-05  8.3e-05  1.5e-04  1.4e-05   LinDep: 8.9e-15* 
 Iter:  23 SS: 47   E:  -79.06367036   -79.06284097   -79.06115644   -79.05861425   R: 1.6e-05  4.5e-05  7.6e-05  1.1e-05   LinDep: 7.1e-15* 
 Iter:  24 SS: 4    E:  -79.06367036*  -79.06284097   -79.06115645   -79.05861425   R: 9.6e-06* 2.8e-05  5.1e-05  1.1e-05   LinDep: 6.2e-15* 
 Iter:  25 SS: 6    E:  -79.06367036*  -79.06284097   -79.06115645   -79.05861425   R: 8.1e-06* 1.7e-05  2.7e-05  1.0e-05   LinDep: 2.8e-14* 
 Iter:  26 SS: 8    E:  -79.06367036*  -79.06284097   -79.06115645   -79.05861425   R: 8.1e-06* 1.7e-05  2.3e-05  1.0e-05   LinDep: 2.6e-14* 
 Iter:  27 SS: 10   E:  -79.06367036*  -79.06284097   -79.06115645   -79.05861425   R: 7.8e-06* 1.4e-05  1.7e-05  1.0e-05   LinDep: 2.7e-14* 
 Iter:  28 SS: 12   E:  -79.06367036*  -79.06284097   -79.06115645   -79.05861425   R: 7.7e-06* 1.1e-05  1.2e-05  1.0e-05   LinDep: 2.6e-14* 
 Iter:  29 SS: 14   E:  -79.06367036*  -79.06284097*  -79.06115645*  -79.05861425*  R: 7.6e-06* 7.1e-06* 8.0e-06* 9.9e-06*  LinDep: 2.8e-14* 
 Diagonalization time:                              50.135789 seconds
 Compute <S^2>:                                      0.851407 seconds (730.99 k allocations: 305.530 MiB, 93.24% gc time)
  Root       Energy           S2
     1 -79.06367036   0.00007102
     2 -79.06284097   2.00002126
     3 -79.06115645   5.99995978
     4 -79.05861425  11.99996726
 ==================================================================|
 Compute <S^2>:                                      0.091621 seconds (734.37 k allocations: 309.303 MiB, 31.79% gc time)
 E(Reference):       -79.05960505 -79.05938118 -79.05757566 -79.05519348 
 E(PT2):             -79.06252116 -79.06189479 -79.06012649 -79.05761685 
 E(BST):             -79.06367036 -79.06284097 -79.06115645 -79.05861425 




 ===================================================================
     BST Iteration:    3 epsilon:   0.01000000
 ===================================================================
 Ref state compressed from:                             33173 → 196        (thresh =  1.0e-02)
 Compute zeroth-order energy:                        0.501788 seconds (1.16 M allocations: 1.168 GiB, 31.57% gc time)
 Compute <S^2>:                                      0.008639 seconds (115.91 k allocations: 22.764 MiB)
  Root       Energy           S2
     1 -79.05961159   0.00170539
     2 -79.05938976   2.00097215
     3 -79.05758981   5.99937567
     4 -79.05518960  11.99845617

 Compute FOIS. Reference space dim:                       196
 Number of tasks:                                          73
 Compute tasks:                                    
 Time building compressed vector:                    3.553176 seconds   7.90e+00 Gb GC: 2.0e+00 sec
 Add results together:                               2.886825 seconds   4.23e+00 Gb GC: 1.3e+00 sec
 Compute Compressed FOIS:                            6.442018 seconds   1.22e+01 Gb

 |...................................BST-PT2............................................
 Length of input      FOIS:                           3215666
 Compute <X|H|0>:                                   17.333443 seconds   2.11e+01 Gb
 Compute <X|F|0>:                                    0.144868 seconds   2.46e-01 Gb
 State   1: E(PT2) corr:                          -0.00291992
 State   2: E(PT2) corr:                          -0.00250611
 State   3: E(PT2) corr:                          -0.00253401
 State   4: E(PT2) corr:                          -0.00242651
  Root         E(0)         E(2)
     1 -79.05961159 -79.06253151
     2 -79.05938976 -79.06189588
     3 -79.05758981 -79.06012382
     4 -79.05518960 -79.05761611
 ......................................................................................|
 Total time spent building FOIS:                    30.370104 seconds
 FOIS compressed from:                                3215666 → 692004     (thresh =  1.0e-06)
     1   0.92586154
     2   0.93694275
     3   0.92921496
     4   0.91323427

 Variational space compressed from:                    700264 → 33508      (thresh =  1.0e-04)
 Add new space to variational space:                 0.493658 seconds
 Solve in compressed FOIS:                         
 |== BST CI ========================================================
 Solve CI with # variables:                             33508
 Cache Hamiltonian:                                 22.240224 seconds (7.28 M allocations: 14.483 GiB, 73.17% gc time)
 Iter:   1 SS: 4    E:  -79.06206946   -79.06147062   -79.05968669   -79.05722994   R: 5.2e-02  4.9e-02  5.1e-02  5.0e-02   LinDep: 4.4e-16* 
 Iter:   2 SS: 8    E:  -79.06329490   -79.06252437   -79.06081920   -79.05829350   R: 3.3e-02  3.1e-02  3.2e-02  3.2e-02   LinDep: 4.4e-16* 
 Iter:   3 SS: 12   E:  -79.06360679   -79.06278875   -79.06110922   -79.05857626   R: 8.9e-03  8.3e-03  7.9e-03  6.8e-03   LinDep: 1.3e-15* 
 Iter:   4 SS: 16   E:  -79.06365703   -79.06283109   -79.06114803   -79.05860360   R: 6.4e-03  5.9e-03  5.7e-03  5.4e-03   LinDep: 1.6e-15* 
 Iter:   5 SS: 20   E:  -79.06367026   -79.06284274   -79.06115780   -79.05861141   R: 3.8e-03  3.5e-03  3.2e-03  2.6e-03   LinDep: 1.1e-15* 
 Iter:   6 SS: 24   E:  -79.06367740   -79.06284808   -79.06116236   -79.05861459   R: 3.0e-03  2.6e-03  2.4e-03  2.1e-03   LinDep: 0.0e+00* 
 Iter:   7 SS: 28   E:  -79.06368088   -79.06285095   -79.06116460   -79.05861621   R: 2.1e-03  1.8e-03  1.6e-03  1.2e-03   LinDep: 2.2e-15* 
 Iter:   8 SS: 32   E:  -79.06368299   -79.06285236   -79.06116586   -79.05861698   R: 1.5e-03  1.3e-03  1.1e-03  8.4e-04   LinDep: 6.0e-15* 
 Iter:   9 SS: 36   E:  -79.06368404   -79.06285325   -79.06116646   -79.05861732   R: 9.8e-04  8.5e-04  7.5e-04  5.8e-04   LinDep: 4.4e-16* 
 Iter:  10 SS: 40   E:  -79.06368437   -79.06285347   -79.06116664   -79.05861744   R: 6.2e-04  5.1e-04  4.2e-04  3.4e-04   LinDep: 7.8e-16* 
 Iter:  11 SS: 44   E:  -79.06368457   -79.06285360   -79.06116673   -79.05861749   R: 4.8e-04  3.9e-04  3.0e-04  2.7e-04   LinDep: 3.8e-15* 
 Iter:  12 SS: 4    E:  -79.06368468   -79.06285367   -79.06116676   -79.05861752   R: 4.0e-04  3.2e-04  2.0e-04  1.5e-04   LinDep: 4.4e-16* 
 Iter:  13 SS: 8    E:  -79.06368473   -79.06285370   -79.06116677   -79.05861752   R: 2.7e-04  2.3e-04  1.5e-04  1.2e-04   LinDep: 4.4e-15* 
 Iter:  14 SS: 12   E:  -79.06368478   -79.06285373   -79.06116679   -79.05861753   R: 2.4e-04  2.0e-04  1.4e-04  9.7e-05   LinDep: 2.1e-15* 
 Iter:  15 SS: 16   E:  -79.06368481   -79.06285376   -79.06116680   -79.05861754   R: 2.2e-04  1.9e-04  1.3e-04  9.1e-05   LinDep: 2.8e-15* 
 Iter:  16 SS: 20   E:  -79.06368483   -79.06285377   -79.06116680   -79.05861754   R: 1.6e-04  1.3e-04  9.4e-05  6.3e-05   LinDep: 3.4e-15* 
 Iter:  17 SS: 24   E:  -79.06368484   -79.06285378   -79.06116681   -79.05861754   R: 1.3e-04  1.0e-04  8.1e-05  5.1e-05   LinDep: 5.8e-15* 
 Iter:  18 SS: 28   E:  -79.06368485   -79.06285379   -79.06116681   -79.05861754   R: 1.0e-04  7.6e-05  6.8e-05  4.1e-05   LinDep: 3.2e-15* 
 Iter:  19 SS: 32   E:  -79.06368486   -79.06285379   -79.06116681   -79.05861754   R: 7.3e-05  6.4e-05  5.7e-05  3.5e-05   LinDep: 6.9e-15* 
 Iter:  20 SS: 36   E:  -79.06368486   -79.06285379   -79.06116682   -79.05861754   R: 6.9e-05  5.1e-05  5.6e-05  3.1e-05   LinDep: 6.0e-15* 
 Iter:  21 SS: 40   E:  -79.06368486   -79.06285379   -79.06116682   -79.05861754   R: 3.9e-05  3.5e-05  3.5e-05  2.1e-05   LinDep: 3.3e-15* 
 Iter:  22 SS: 44   E:  -79.06368486   -79.06285379   -79.06116682   -79.05861754   R: 3.2e-05  2.9e-05  3.2e-05  1.9e-05   LinDep: 7.9e-15* 
 Iter:  23 SS: 4    E:  -79.06368486   -79.06285379   -79.06116682   -79.05861754   R: 1.7e-05  1.8e-05  2.0e-05  1.3e-05   LinDep: 8.7e-15* 
 Iter:  24 SS: 8    E:  -79.06368486   -79.06285379   -79.06116682   -79.05861754   R: 1.3e-05  1.4e-05  1.7e-05  1.1e-05   LinDep: 2.1e-15* 
 Iter:  25 SS: 11   E:  -79.06368486*  -79.06285379   -79.06116682   -79.05861754   R: 9.7e-06* 1.1e-05  1.3e-05  1.0e-05   LinDep: 6.7e-16* 
 Iter:  26 SS: 13   E:  -79.06368486*  -79.06285379   -79.06116682   -79.05861754   R: 9.6e-06* 1.0e-05  1.3e-05  1.0e-05   LinDep: 2.1e-15* 
 Iter:  27 SS: 15   E:  -79.06368486*  -79.06285379*  -79.06116682*  -79.05861754*  R: 8.2e-06* 8.0e-06* 9.4e-06* 9.3e-06*  LinDep: 2.0e-15* 
 Diagonalization time:                              49.815400 seconds
 Compute <S^2>:                                      0.057870 seconds (779.96 k allocations: 315.104 MiB)
  Root       Energy           S2
     1 -79.06368486   0.00006168
     2 -79.06285379   2.00002039
     3 -79.06116682   5.99996889
     4 -79.05861754  11.99995056
 ==================================================================|
 Compute <S^2>:                                      0.084459 seconds (783.91 k allocations: 316.493 MiB, 30.54% gc time)
 E(Reference):       -79.05961159 -79.05938976 -79.05758981 -79.05518960 
 E(PT2):             -79.06253151 -79.06189588 -79.06012382 -79.05761611 
 E(BST):             -79.06368486 -79.06285379 -79.06116682 -79.05861754 




 ===================================================================
     BST Iteration:    4 epsilon:   0.01000000
 ===================================================================
 Ref state compressed from:                             33508 → 196        (thresh =  1.0e-02)
 Compute zeroth-order energy:                        1.410629 seconds (1.17 M allocations: 1.169 GiB, 72.49% gc time)
 Compute <S^2>:                                      0.008898 seconds (117.08 k allocations: 22.828 MiB)
  Root       Energy           S2
     1 -79.05961754   0.00170541
     2 -79.05939601   2.00097289
     3 -79.05759456   5.99938613
     4 -79.05519140  11.99843518

 Compute FOIS. Reference space dim:                       196
 Number of tasks:                                          73
 Compute tasks:                                    
 Time building compressed vector:                    3.034580 seconds   7.91e+00 Gb GC: 1.6e+00 sec
 Add results together:                               2.947265 seconds   4.22e+00 Gb GC: 1.5e+00 sec
 Compute Compressed FOIS:                            5.983923 seconds   1.21e+01 Gb

 |...................................BST-PT2............................................
 Length of input      FOIS:                           3230758
 Compute <X|H|0>:                                   17.849961 seconds   2.13e+01 Gb
 Compute <X|F|0>:                                    0.154249 seconds   2.46e-01 Gb
 State   1: E(PT2) corr:                          -0.00291822
 State   2: E(PT2) corr:                          -0.00250371
 State   3: E(PT2) corr:                          -0.00253205
 State   4: E(PT2) corr:                          -0.00242516
  Root         E(0)         E(2)
     1 -79.05961754 -79.06253576
     2 -79.05939601 -79.06189972
     3 -79.05759456 -79.06012660
     4 -79.05519140 -79.05761656
 ......................................................................................|
 Total time spent building FOIS:                    30.461117 seconds
 FOIS compressed from:                                3230758 → 700974     (thresh =  1.0e-06)
     1   0.92573215
     2   0.93680280
     3   0.92906061
     4   0.91329223

 Variational space compressed from:                    709306 → 33240      (thresh =  1.0e-04)
 Add new space to variational space:                 0.248362 seconds
 Solve in compressed FOIS:                         
 |== BST CI ========================================================
 Solve CI with # variables:                             33240
 Cache Hamiltonian:                                 21.831191 seconds (7.22 M allocations: 14.319 GiB, 73.93% gc time)
 Iter:   1 SS: 4    E:  -79.06207353   -79.06147448   -79.05968942   -79.05723053   R: 5.2e-02  4.9e-02  5.1e-02  5.0e-02   LinDep: 1.6e-15* 
 Iter:   2 SS: 8    E:  -79.06329978   -79.06252885   -79.06082224   -79.05829369   R: 3.3e-02  3.1e-02  3.2e-02  3.2e-02   LinDep: 1.7e-15* 
 Iter:   3 SS: 12   E:  -79.06361241   -79.06279380   -79.06111288   -79.05857704   R: 8.9e-03  8.3e-03  7.9e-03  6.8e-03   LinDep: 2.0e-15* 
 Iter:   4 SS: 16   E:  -79.06366302   -79.06283636   -79.06115196   -79.05860461   R: 6.3e-03  5.8e-03  5.6e-03  5.3e-03   LinDep: 2.2e-16* 
 Iter:   5 SS: 20   E:  -79.06367597   -79.06284787   -79.06116147   -79.05861216   R: 3.8e-03  3.5e-03  3.2e-03  2.6e-03   LinDep: 1.1e-15* 
 Iter:   6 SS: 24   E:  -79.06368308   -79.06285318   -79.06116604   -79.05861538   R: 3.0e-03  2.6e-03  2.4e-03  2.0e-03   LinDep: 1.4e-15* 
 Iter:   7 SS: 28   E:  -79.06368654   -79.06285604   -79.06116824   -79.05861696   R: 2.1e-03  1.8e-03  1.6e-03  1.2e-03   LinDep: 1.6e-15* 
 Iter:   8 SS: 32   E:  -79.06368862   -79.06285744   -79.06116948   -79.05861772   R: 1.5e-03  1.3e-03  1.1e-03  8.4e-04   LinDep: 1.8e-15* 
 Iter:   9 SS: 36   E:  -79.06368967   -79.06285832   -79.06117007   -79.05861806   R: 9.8e-04  8.5e-04  7.5e-04  5.8e-04   LinDep: 4.2e-15* 
 Iter:  10 SS: 40   E:  -79.06369000   -79.06285855   -79.06117025   -79.05861818   R: 6.2e-04  5.1e-04  4.2e-04  3.4e-04   LinDep: 1.2e-15* 
 Iter:  11 SS: 44   E:  -79.06369020   -79.06285867   -79.06117033   -79.05861823   R: 4.8e-04  3.8e-04  2.9e-04  2.7e-04   LinDep: 2.4e-15* 
 Iter:  12 SS: 4    E:  -79.06369031   -79.06285874   -79.06117037   -79.05861826   R: 4.0e-04  3.1e-04  1.9e-04  1.5e-04   LinDep: 2.2e-15* 
 Iter:  13 SS: 8    E:  -79.06369036   -79.06285877   -79.06117038   -79.05861826   R: 2.7e-04  2.3e-04  1.5e-04  1.2e-04   LinDep: 1.3e-14* 
 Iter:  14 SS: 12   E:  -79.06369040   -79.06285880   -79.06117039   -79.05861827   R: 2.4e-04  2.0e-04  1.3e-04  9.9e-05   LinDep: 1.4e-14* 
 Iter:  15 SS: 16   E:  -79.06369043   -79.06285882   -79.06117040   -79.05861828   R: 2.2e-04  1.9e-04  1.2e-04  9.2e-05   LinDep: 1.4e-14* 
 Iter:  16 SS: 20   E:  -79.06369045   -79.06285884   -79.06117041   -79.05861828   R: 1.6e-04  1.2e-04  8.3e-05  6.4e-05   LinDep: 1.2e-14* 
 Iter:  17 SS: 24   E:  -79.06369047   -79.06285885   -79.06117041   -79.05861828   R: 1.3e-04  1.0e-04  6.9e-05  5.3e-05   LinDep: 1.6e-14* 
 Iter:  18 SS: 28   E:  -79.06369047   -79.06285885   -79.06117041   -79.05861828   R: 9.8e-05  7.2e-05  5.7e-05  4.2e-05   LinDep: 1.4e-14* 
 Iter:  19 SS: 32   E:  -79.06369048   -79.06285886   -79.06117041   -79.05861828   R: 7.2e-05  6.0e-05  4.7e-05  3.5e-05   LinDep: 1.2e-14* 
 Iter:  20 SS: 36   E:  -79.06369048   -79.06285886   -79.06117042   -79.05861828   R: 6.8e-05  4.8e-05  4.8e-05  3.2e-05   LinDep: 1.0e-14* 
 Iter:  21 SS: 40   E:  -79.06369048   -79.06285886   -79.06117042   -79.05861828   R: 3.9e-05  3.2e-05  3.0e-05  2.1e-05   LinDep: 1.0e-14* 
 Iter:  22 SS: 44   E:  -79.06369048   -79.06285886   -79.06117042   -79.05861829   R: 3.2e-05  2.7e-05  2.8e-05  1.9e-05   LinDep: 1.0e-14* 
 Iter:  23 SS: 4    E:  -79.06369048   -79.06285886   -79.06117042   -79.05861829   R: 1.8e-05  1.7e-05  1.8e-05  1.3e-05   LinDep: 1.2e-14* 
 Iter:  24 SS: 8    E:  -79.06369048   -79.06285886   -79.06117042   -79.05861829   R: 1.4e-05  1.2e-05  1.5e-05  1.1e-05   LinDep: 1.6e-14* 
 Iter:  25 SS: 10   E:  -79.06369048   -79.06285886*  -79.06117042   -79.05861829   R: 1.0e-05  9.5e-06* 1.4e-05  1.1e-05   LinDep: 1.9e-14* 
 Iter:  26 SS: 12   E:  -79.06369048   -79.06285886*  -79.06117042   -79.05861829*  R: 1.1e-05  9.6e-06* 1.4e-05  8.8e-06*  LinDep: 1.7e-14* 
 Iter:  27 SS: 13   E:  -79.06369049*  -79.06285886*  -79.06117042   -79.05861829*  R: 8.4e-06* 9.6e-06* 1.3e-05  8.8e-06*  LinDep: 1.8e-14* 
 Iter:  28 SS: 14   E:  -79.06369049*  -79.06285886*  -79.06117042*  -79.05861829*  R: 7.4e-06* 9.6e-06* 9.3e-06* 8.8e-06*  LinDep: 2.1e-14* 
 Diagonalization time:                              50.240780 seconds
 Compute <S^2>:                                      0.090798 seconds (771.24 k allocations: 311.650 MiB, 35.21% gc time)
  Root       Energy           S2
     1 -79.06369049   0.00006535
     2 -79.06285886   2.00002026
     3 -79.06117042   5.99996684
     4 -79.05861829  11.99994143
 ==================================================================|
 Compute <S^2>:                                      0.086263 seconds (772.08 k allocations: 311.692 MiB, 30.97% gc time)
 E(Reference):       -79.05961754 -79.05939601 -79.05759456 -79.05519140 
 E(PT2):             -79.06253576 -79.06189972 -79.06012660 -79.05761656 
 E(BST):             -79.06369049 -79.06285886 -79.06117042 -79.05861829 




 ===================================================================
     BST Iteration:    5 epsilon:   0.01000000
 ===================================================================
 Ref state compressed from:                             33240 → 196        (thresh =  1.0e-02)
 Compute zeroth-order energy:                        1.451726 seconds (1.16 M allocations: 1.168 GiB, 69.25% gc time)
 Compute <S^2>:                                      0.009076 seconds (115.45 k allocations: 22.747 MiB)
  Root       Energy           S2
     1 -79.05962015   0.00171430
     2 -79.05939881   2.00097440
     3 -79.05759640   5.99938508
     4 -79.05519260  11.99842113

 Compute FOIS. Reference space dim:                       196
 Number of tasks:                                          73
 Compute tasks:                                    
 Time building compressed vector:                    3.115626 seconds   7.90e+00 Gb GC: 1.6e+00 sec
 Add results together:                               2.964358 seconds   4.23e+00 Gb GC: 1.6e+00 sec
 Compute Compressed FOIS:                            6.081962 seconds   1.22e+01 Gb

 |...................................BST-PT2............................................
 Length of input      FOIS:                           3243846
 Compute <X|H|0>:                                   16.156958 seconds   2.12e+01 Gb
 Compute <X|F|0>:                                    0.147218 seconds   2.46e-01 Gb
 State   1: E(PT2) corr:                          -0.00291784
 State   2: E(PT2) corr:                          -0.00250289
 State   3: E(PT2) corr:                          -0.00253144
 State   4: E(PT2) corr:                          -0.00242417
  Root         E(0)         E(2)
     1 -79.05962015 -79.06253799
     2 -79.05939881 -79.06190169
     3 -79.05759640 -79.06012784
     4 -79.05519260 -79.05761677
 ......................................................................................|
 Total time spent building FOIS:                    29.204704 seconds
 FOIS compressed from:                                3243846 → 706390     (thresh =  1.0e-06)
     1   0.92570155
     2   0.93677252
     3   0.92903337
     4   0.91338713

 Variational space compressed from:                    714744 → 33240      (thresh =  1.0e-04)
 Add new space to variational space:                 0.251390 seconds
 Solve in compressed FOIS:                         
 |== BST CI ========================================================
 Solve CI with # variables:                             33240
 Cache Hamiltonian:                                 23.239406 seconds (7.31 M allocations: 14.306 GiB, 72.87% gc time)
 Iter:   1 SS: 4    E:  -79.06207537   -79.06147629   -79.05969058   -79.05723082   R: 5.2e-02  4.9e-02  5.1e-02  5.0e-02   LinDep: 5.6e-16* 
 Iter:   2 SS: 8    E:  -79.06330186   -79.06253083   -79.06082340   -79.05829364   R: 3.4e-02  3.1e-02  3.2e-02  3.2e-02   LinDep: 8.9e-16* 
 Iter:   3 SS: 12   E:  -79.06361493   -79.06279616   -79.06111443   -79.05857732   R: 8.9e-03  8.3e-03  7.9e-03  6.8e-03   LinDep: 1.1e-15* 
 Iter:   4 SS: 16   E:  -79.06366576   -79.06283889   -79.06115367   -79.05860503   R: 6.3e-03  5.8e-03  5.6e-03  5.3e-03   LinDep: 2.2e-15* 
 Iter:   5 SS: 20   E:  -79.06367858   -79.06285030   -79.06116307   -79.05861246   R: 3.8e-03  3.5e-03  3.2e-03  2.6e-03   LinDep: 2.2e-16* 
 Iter:   6 SS: 24   E:  -79.06368567   -79.06285560   -79.06116764   -79.05861570   R: 3.0e-03  2.6e-03  2.4e-03  2.0e-03   LinDep: 3.3e-15* 
 Iter:   7 SS: 28   E:  -79.06368914   -79.06285846   -79.06116984   -79.05861727   R: 2.1e-03  1.8e-03  1.6e-03  1.2e-03   LinDep: 7.8e-16* 
 Iter:   8 SS: 32   E:  -79.06369120   -79.06285984   -79.06117107   -79.05861802   R: 1.5e-03  1.3e-03  1.1e-03  8.4e-04   LinDep: 4.4e-16* 
 Iter:   9 SS: 36   E:  -79.06369225   -79.06286072   -79.06117166   -79.05861836   R: 9.8e-04  8.5e-04  7.5e-04  5.8e-04   LinDep: 8.9e-16* 
 Iter:  10 SS: 40   E:  -79.06369258   -79.06286096   -79.06117184   -79.05861848   R: 6.2e-04  5.1e-04  4.2e-04  3.4e-04   LinDep: 1.0e-15* 
 Iter:  11 SS: 44   E:  -79.06369278   -79.06286108   -79.06117192   -79.05861853   R: 4.8e-04  3.8e-04  2.9e-04  2.7e-04   LinDep: 2.0e-15* 
 Iter:  12 SS: 4    E:  -79.06369289   -79.06286115   -79.06117195   -79.05861856   R: 4.0e-04  3.1e-04  1.9e-04  1.5e-04   LinDep: 5.2e-15* 
 Iter:  13 SS: 8    E:  -79.06369294   -79.06286118   -79.06117197   -79.05861857   R: 2.7e-04  2.3e-04  1.5e-04  1.2e-04   LinDep: 1.6e-14* 
 Iter:  14 SS: 12   E:  -79.06369298   -79.06286121   -79.06117198   -79.05861857   R: 2.4e-04  2.0e-04  1.3e-04  1.0e-04   LinDep: 1.5e-14* 
 Iter:  15 SS: 16   E:  -79.06369301   -79.06286123   -79.06117199   -79.05861858   R: 2.2e-04  1.8e-04  1.2e-04  9.2e-05   LinDep: 1.6e-14* 
 Iter:  16 SS: 20   E:  -79.06369303   -79.06286125   -79.06117199   -79.05861858   R: 1.6e-04  1.2e-04  8.2e-05  6.4e-05   LinDep: 1.7e-14* 
 Iter:  17 SS: 24   E:  -79.06369305   -79.06286126   -79.06117200   -79.05861858   R: 1.3e-04  9.9e-05  6.8e-05  5.3e-05   LinDep: 1.8e-14* 
 Iter:  18 SS: 28   E:  -79.06369305   -79.06286126   -79.06117200   -79.05861858   R: 9.8e-05  7.1e-05  5.6e-05  4.3e-05   LinDep: 1.9e-14* 
 Iter:  19 SS: 32   E:  -79.06369306   -79.06286126   -79.06117200   -79.05861859   R: 7.2e-05  5.9e-05  4.5e-05  3.6e-05   LinDep: 1.7e-14* 
 Iter:  20 SS: 36   E:  -79.06369306   -79.06286126   -79.06117200   -79.05861859   R: 6.8e-05  4.7e-05  4.6e-05  3.2e-05   LinDep: 1.4e-14* 
 Iter:  21 SS: 40   E:  -79.06369306   -79.06286126   -79.06117200   -79.05861859   R: 3.9e-05  3.1e-05  2.9e-05  2.2e-05   LinDep: 1.7e-14* 
 Iter:  22 SS: 44   E:  -79.06369306   -79.06286127   -79.06117200   -79.05861859   R: 3.2e-05  2.6e-05  2.7e-05  1.9e-05   LinDep: 1.5e-14* 
 Iter:  23 SS: 4    E:  -79.06369306   -79.06286127   -79.06117200   -79.05861859   R: 1.8e-05  1.6e-05  1.8e-05  1.4e-05   LinDep: 1.8e-14* 
 Iter:  24 SS: 8    E:  -79.06369306   -79.06286127   -79.06117200   -79.05861859   R: 1.4e-05  1.2e-05  1.5e-05  1.1e-05   LinDep: 1.2e-14* 
 Iter:  25 SS: 10   E:  -79.06369306   -79.06286127*  -79.06117200   -79.05861859   R: 1.0e-05  9.1e-06* 1.3e-05  1.1e-05   LinDep: 1.3e-14* 
 Iter:  26 SS: 12   E:  -79.06369306   -79.06286127*  -79.06117200   -79.05861859*  R: 1.1e-05  9.2e-06* 1.4e-05  8.9e-06*  LinDep: 1.0e-14* 
 Iter:  27 SS: 13   E:  -79.06369306*  -79.06286127*  -79.06117200   -79.05861859*  R: 8.5e-06* 9.2e-06* 1.3e-05  8.9e-06*  LinDep: 1.3e-14* 
 Iter:  28 SS: 14   E:  -79.06369306*  -79.06286127*  -79.06117200*  -79.05861859*  R: 7.5e-06* 9.2e-06* 9.1e-06* 8.9e-06*  LinDep: 1.4e-14* 
 Diagonalization time:                              48.385097 seconds
 Compute <S^2>:                                      0.088722 seconds (771.12 k allocations: 313.401 MiB, 34.11% gc time)
  Root       Energy           S2
     1 -79.06369306   0.00006925
     2 -79.06286127   2.00002036
     3 -79.06117200   5.99996494
     4 -79.05861859  11.99993434
 ==================================================================|
 Compute <S^2>:                                      0.087633 seconds (772.31 k allocations: 313.460 MiB, 31.81% gc time)
 E(Reference):       -79.05962015 -79.05939881 -79.05759640 -79.05519260 
 E(PT2):             -79.06253799 -79.06190169 -79.06012784 -79.05761677 
 E(BST):             -79.06369306 -79.06286127 -79.06117200 -79.05861859 




 ===================================================================
     BST Iteration:    6 epsilon:   0.01000000
 ===================================================================
 Ref state compressed from:                             33240 → 196        (thresh =  1.0e-02)
 Compute zeroth-order energy:                        1.364416 seconds (1.16 M allocations: 1.168 GiB, 69.88% gc time)
 Compute <S^2>:                                      0.008937 seconds (115.62 k allocations: 22.754 MiB)
  Root       Energy           S2
     1 -79.05962110   0.00172101
     2 -79.05939996   2.00097542
     3 -79.05759708   5.99938416
     4 -79.05519325  11.99841121

 Compute FOIS. Reference space dim:                       196
 Number of tasks:                                          73
 Compute tasks:                                    
 Time building compressed vector:                    3.024549 seconds   7.90e+00 Gb GC: 1.6e+00 sec
 Add results together:                               2.908985 seconds   4.23e+00 Gb GC: 1.5e+00 sec
 Compute Compressed FOIS:                            5.935637 seconds   1.21e+01 Gb

 |...................................BST-PT2............................................
 Length of input      FOIS:                           3246506
 Compute <X|H|0>:                                   17.460581 seconds   2.13e+01 Gb
 Compute <X|F|0>:                                    0.138040 seconds   2.46e-01 Gb
 State   1: E(PT2) corr:                          -0.00291804
 State   2: E(PT2) corr:                          -0.00250276
 State   3: E(PT2) corr:                          -0.00253135
 State   4: E(PT2) corr:                          -0.00242359
  Root         E(0)         E(2)
     1 -79.05962110 -79.06253914
     2 -79.05939996 -79.06190272
     3 -79.05759708 -79.06012843
     4 -79.05519325 -79.05761684
 ......................................................................................|
 Total time spent building FOIS:                    30.094658 seconds
 FOIS compressed from:                                3246506 → 714858     (thresh =  1.0e-06)
     1   0.92568298
     2   0.93675868
     3   0.92902288
     4   0.91344859

 Variational space compressed from:                    723238 → 33240      (thresh =  1.0e-04)
 Add new space to variational space:                 0.550729 seconds
 Solve in compressed FOIS:                         
 |== BST CI ========================================================
 Solve CI with # variables:                             33240
 Cache Hamiltonian:                                 22.060588 seconds (7.22 M allocations: 14.324 GiB, 74.52% gc time)
 Iter:   1 SS: 4    E:  -79.06207620   -79.06147716   -79.05969107   -79.05723093   R: 5.2e-02  4.9e-02  5.1e-02  5.0e-02   LinDep: 1.2e-15* 
 Iter:   2 SS: 8    E:  -79.06330271   -79.06253171   -79.06082378   -79.05829346   R: 3.4e-02  3.1e-02  3.2e-02  3.2e-02   LinDep: 4.4e-16* 
 Iter:   3 SS: 12   E:  -79.06361611   -79.06279734   -79.06111511   -79.05857741   R: 8.9e-03  8.3e-03  7.9e-03  6.8e-03   LinDep: 4.4e-16* 
 Iter:   4 SS: 16   E:  -79.06366712   -79.06284018   -79.06115449   -79.05860521   R: 6.2e-03  5.8e-03  5.6e-03  5.3e-03   LinDep: 1.6e-15* 
 Iter:   5 SS: 20   E:  -79.06367983   -79.06285153   -79.06116381   -79.05861256   R: 3.8e-03  3.5e-03  3.2e-03  2.6e-03   LinDep: 1.0e-15* 
 Iter:   6 SS: 24   E:  -79.06368692   -79.06285681   -79.06116839   -79.05861582   R: 3.0e-03  2.6e-03  2.4e-03  2.0e-03   LinDep: 6.7e-15* 
 Iter:   7 SS: 28   E:  -79.06369039   -79.06285968   -79.06117059   -79.05861738   R: 2.1e-03  1.8e-03  1.6e-03  1.2e-03   LinDep: 2.4e-15* 
 Iter:   8 SS: 32   E:  -79.06369244   -79.06286106   -79.06117181   -79.05861812   R: 1.5e-03  1.3e-03  1.1e-03  8.4e-04   LinDep: 4.8e-15* 
 Iter:   9 SS: 36   E:  -79.06369349   -79.06286193   -79.06117239   -79.05861847   R: 9.8e-04  8.5e-04  7.5e-04  5.8e-04   LinDep: 8.8e-15* 
 Iter:  10 SS: 40   E:  -79.06369382   -79.06286217   -79.06117258   -79.05861858   R: 6.2e-04  5.1e-04  4.2e-04  3.4e-04   LinDep: 6.4e-15* 
 Iter:  11 SS: 44   E:  -79.06369402   -79.06286229   -79.06117266   -79.05861864   R: 4.8e-04  3.8e-04  2.9e-04  2.7e-04   LinDep: 2.2e-15* 
 Iter:  12 SS: 4    E:  -79.06369413   -79.06286236   -79.06117269   -79.05861866   R: 4.0e-04  3.1e-04  1.9e-04  1.5e-04   LinDep: 6.3e-15* 
 Iter:  13 SS: 8    E:  -79.06369418   -79.06286239   -79.06117270   -79.05861867   R: 2.7e-04  2.3e-04  1.5e-04  1.2e-04   LinDep: 1.3e-15* 
 Iter:  14 SS: 12   E:  -79.06369422   -79.06286242   -79.06117271   -79.05861868   R: 2.4e-04  2.0e-04  1.3e-04  1.0e-04   LinDep: 1.1e-16* 
 Iter:  15 SS: 16   E:  -79.06369425   -79.06286244   -79.06117272   -79.05861868   R: 2.2e-04  1.9e-04  1.2e-04  9.3e-05   LinDep: 4.4e-16* 
 Iter:  16 SS: 20   E:  -79.06369427   -79.06286246   -79.06117273   -79.05861869   R: 1.6e-04  1.2e-04  8.1e-05  6.5e-05   LinDep: 3.3e-16* 
 Iter:  17 SS: 24   E:  -79.06369429   -79.06286247   -79.06117273   -79.05861869   R: 1.3e-04  9.9e-05  6.7e-05  5.4e-05   LinDep: 3.0e-15* 
 Iter:  18 SS: 28   E:  -79.06369429   -79.06286247   -79.06117274   -79.05861869   R: 9.8e-05  7.1e-05  5.5e-05  4.3e-05   LinDep: 0.0e+00* 
 Iter:  19 SS: 32   E:  -79.06369430   -79.06286247   -79.06117274   -79.05861869   R: 7.2e-05  5.9e-05  4.4e-05  3.6e-05   LinDep: 2.2e-16* 
 Iter:  20 SS: 36   E:  -79.06369430   -79.06286248   -79.06117274   -79.05861869   R: 6.8e-05  4.7e-05  4.6e-05  3.3e-05   LinDep: 2.7e-15* 
 Iter:  21 SS: 40   E:  -79.06369430   -79.06286248   -79.06117274   -79.05861869   R: 3.9e-05  3.1e-05  2.9e-05  2.2e-05   LinDep: 3.6e-15* 
 Iter:  22 SS: 44   E:  -79.06369430   -79.06286248   -79.06117274   -79.05861869   R: 3.3e-05  2.6e-05  2.7e-05  1.9e-05   LinDep: 1.4e-15* 
 Iter:  23 SS: 4    E:  -79.06369431   -79.06286248   -79.06117274   -79.05861869   R: 1.8e-05  1.6e-05  1.7e-05  1.4e-05   LinDep: 6.7e-16* 
 Iter:  24 SS: 8    E:  -79.06369431   -79.06286248   -79.06117274   -79.05861869   R: 1.4e-05  1.2e-05  1.5e-05  1.1e-05   LinDep: 3.8e-15* 
 Iter:  25 SS: 10   E:  -79.06369431   -79.06286248*  -79.06117274   -79.05861869   R: 1.0e-05  9.0e-06* 1.3e-05  1.1e-05   LinDep: 2.2e-15* 
 Iter:  26 SS: 12   E:  -79.06369431   -79.06286248*  -79.06117274   -79.05861869*  R: 1.1e-05  9.0e-06* 1.4e-05  8.9e-06*  LinDep: 8.9e-16* 
 Iter:  27 SS: 13   E:  -79.06369431*  -79.06286248*  -79.06117274   -79.05861869*  R: 8.6e-06* 9.0e-06* 1.3e-05  8.9e-06*  LinDep: 2.9e-15* 
 Iter:  28 SS: 14   E:  -79.06369431*  -79.06286248*  -79.06117274*  -79.05861869*  R: 7.6e-06* 9.0e-06* 9.0e-06* 8.9e-06*  LinDep: 5.6e-16* 
 Diagonalization time:                              49.149241 seconds
 Compute <S^2>:                                      0.088127 seconds (772.78 k allocations: 312.286 MiB, 32.80% gc time)
  Root       Energy           S2
     1 -79.06369431   0.00007184
     2 -79.06286248   2.00002039
     3 -79.06117274   5.99996423
     4 -79.05861869  11.99992881
 ==================================================================|
 Compute <S^2>:                                      0.086786 seconds (775.10 k allocations: 312.383 MiB, 32.89% gc time)
 E(Reference):       -79.05962110 -79.05939996 -79.05759708 -79.05519325 
 E(PT2):             -79.06253914 -79.06190272 -79.06012843 -79.05761684 
 E(BST):             -79.06369431 -79.06286248 -79.06117274 -79.05861869 




 ===================================================================
     BST Iteration:    7 epsilon:   0.01000000
 ===================================================================
 Ref state compressed from:                             33240 → 196        (thresh =  1.0e-02)
 Compute zeroth-order energy:                        1.395200 seconds (1.16 M allocations: 1.168 GiB, 72.39% gc time)
 Compute <S^2>:                                      0.008728 seconds (115.82 k allocations: 22.763 MiB)
  Root       Energy           S2
     1 -79.05962140   0.00172514
     2 -79.05940044   2.00097605
     3 -79.05759733   5.99938428
     4 -79.05519361  11.99840407

 Compute FOIS. Reference space dim:                       196
 Number of tasks:                                          73
 Compute tasks:                                    
 Time building compressed vector:                    3.074274 seconds   7.90e+00 Gb GC: 1.6e+00 sec
 Add results together:                               2.965274 seconds   4.24e+00 Gb GC: 1.5e+00 sec
 Compute Compressed FOIS:                            6.041540 seconds   1.22e+01 Gb

 |...................................BST-PT2............................................
 Length of input      FOIS:                           3257238
 Compute <X|H|0>:                                   16.810251 seconds   2.12e+01 Gb
 Compute <X|F|0>:                                    0.135912 seconds   2.46e-01 Gb
 State   1: E(PT2) corr:                          -0.00291834
 State   2: E(PT2) corr:                          -0.00250284
 State   3: E(PT2) corr:                          -0.00253138
 State   4: E(PT2) corr:                          -0.00242324
  Root         E(0)         E(2)
     1 -79.05962140 -79.06253974
     2 -79.05940044 -79.06190328
     3 -79.05759733 -79.06012872
     4 -79.05519361 -79.05761685
 ......................................................................................|
 Total time spent building FOIS:                    29.450545 seconds
 FOIS compressed from:                                3257238 → 719252     (thresh =  1.0e-06)
     1   0.92567231
     2   0.93675037
     3   0.92901811
     4   0.91349007

 Variational space compressed from:                    727728 → 33240      (thresh =  1.0e-04)
 Add new space to variational space:                 0.527545 seconds
 Solve in compressed FOIS:                         
 |== BST CI ========================================================
 Solve CI with # variables:                             33240
 Cache Hamiltonian:                                 22.047808 seconds (7.23 M allocations: 14.300 GiB, 73.33% gc time)
 Iter:   1 SS: 4    E:  -79.06207660   -79.06147759   -79.05969128   -79.05723096   R: 5.2e-02  4.9e-02  5.1e-02  5.0e-02   LinDep: 0.0e+00* 
 Iter:   2 SS: 8    E:  -79.06330303   -79.06253209   -79.06082384   -79.05829324   R: 3.4e-02  3.1e-02  3.2e-02  3.2e-02   LinDep: 5.6e-16* 
 Iter:   3 SS: 12   E:  -79.06361669   -79.06279794   -79.06111541   -79.05857741   R: 8.9e-03  8.3e-03  7.9e-03  6.8e-03   LinDep: 2.1e-15* 
 Iter:   4 SS: 16   E:  -79.06366783   -79.06284088   -79.06115490   -79.05860529   R: 6.2e-03  5.7e-03  5.6e-03  5.3e-03   LinDep: 2.2e-15* 
 Iter:   5 SS: 20   E:  -79.06368047   -79.06285218   -79.06116415   -79.05861258   R: 3.8e-03  3.5e-03  3.2e-03  2.6e-03   LinDep: 1.8e-15* 
 Iter:   6 SS: 24   E:  -79.06368755   -79.06285745   -79.06116874   -79.05861585   R: 3.0e-03  2.6e-03  2.4e-03  2.0e-03   LinDep: 3.7e-15* 
 Iter:   7 SS: 28   E:  -79.06369102   -79.06286033   -79.06117094   -79.05861740   R: 2.1e-03  1.8e-03  1.6e-03  1.2e-03   LinDep: 8.9e-16* 
 Iter:   8 SS: 32   E:  -79.06369306   -79.06286170   -79.06117215   -79.05861814   R: 1.5e-03  1.3e-03  1.1e-03  8.4e-04   LinDep: 1.6e-15* 
 Iter:   9 SS: 36   E:  -79.06369411   -79.06286257   -79.06117274   -79.05861849   R: 9.8e-04  8.5e-04  7.5e-04  5.8e-04   LinDep: 2.3e-15* 
 Iter:  10 SS: 40   E:  -79.06369444   -79.06286281   -79.06117293   -79.05861860   R: 6.2e-04  5.1e-04  4.2e-04  3.4e-04   LinDep: 2.2e-16* 
 Iter:  11 SS: 44   E:  -79.06369464   -79.06286293   -79.06117301   -79.05861865   R: 4.8e-04  3.8e-04  2.9e-04  2.7e-04   LinDep: 4.4e-16* 
 Iter:  12 SS: 4    E:  -79.06369475   -79.06286300   -79.06117304   -79.05861868   R: 4.0e-04  3.1e-04  1.9e-04  1.5e-04   LinDep: 2.3e-15* 
 Iter:  13 SS: 8    E:  -79.06369480   -79.06286303   -79.06117305   -79.05861869   R: 2.8e-04  2.3e-04  1.5e-04  1.2e-04   LinDep: 2.3e-15* 
 Iter:  14 SS: 12   E:  -79.06369485   -79.06286306   -79.06117306   -79.05861869   R: 2.4e-04  2.0e-04  1.3e-04  1.0e-04   LinDep: 3.9e-15* 
 Iter:  15 SS: 16   E:  -79.06369488   -79.06286308   -79.06117307   -79.05861870   R: 2.2e-04  1.9e-04  1.2e-04  9.3e-05   LinDep: 4.2e-15* 
 Iter:  16 SS: 20   E:  -79.06369490   -79.06286310   -79.06117308   -79.05861870   R: 1.6e-04  1.2e-04  8.1e-05  6.5e-05   LinDep: 5.4e-15* 
 Iter:  17 SS: 24   E:  -79.06369491   -79.06286311   -79.06117308   -79.05861871   R: 1.3e-04  9.8e-05  6.7e-05  5.4e-05   LinDep: 4.7e-15* 
 Iter:  18 SS: 28   E:  -79.06369492   -79.06286311   -79.06117308   -79.05861871   R: 9.9e-05  7.1e-05  5.5e-05  4.3e-05   LinDep: 2.3e-15* 
 Iter:  19 SS: 32   E:  -79.06369492   -79.06286311   -79.06117309   -79.05861871   R: 7.2e-05  5.8e-05  4.4e-05  3.6e-05   LinDep: 3.3e-15* 
 Iter:  20 SS: 36   E:  -79.06369493   -79.06286312   -79.06117309   -79.05861871   R: 6.9e-05  4.7e-05  4.5e-05  3.3e-05   LinDep: 5.4e-15* 
 Iter:  21 SS: 40   E:  -79.06369493   -79.06286312   -79.06117309   -79.05861871   R: 3.9e-05  3.1e-05  2.9e-05  2.2e-05   LinDep: 5.8e-15* 
 Iter:  22 SS: 44   E:  -79.06369493   -79.06286312   -79.06117309   -79.05861871   R: 3.3e-05  2.6e-05  2.7e-05  1.9e-05   LinDep: 9.5e-15* 
 Iter:  23 SS: 4    E:  -79.06369493   -79.06286312   -79.06117309   -79.05861871   R: 1.8e-05  1.6e-05  1.7e-05  1.4e-05   LinDep: 7.9e-15* 
 Iter:  24 SS: 8    E:  -79.06369493   -79.06286312   -79.06117309   -79.05861871   R: 1.4e-05  1.2e-05  1.5e-05  1.1e-05   LinDep: 3.1e-15* 
 Iter:  25 SS: 10   E:  -79.06369493   -79.06286312*  -79.06117309   -79.05861871   R: 1.1e-05  8.9e-06* 1.3e-05  1.1e-05   LinDep: 3.1e-15* 
 Iter:  26 SS: 12   E:  -79.06369493   -79.06286312*  -79.06117309   -79.05861871*  R: 1.1e-05  8.9e-06* 1.4e-05  8.9e-06*  LinDep: 4.4e-15* 
 Iter:  27 SS: 13   E:  -79.06369493*  -79.06286312*  -79.06117309   -79.05861871*  R: 8.6e-06* 8.9e-06* 1.3e-05  8.9e-06*  LinDep: 1.8e-15* 
 Iter:  28 SS: 14   E:  -79.06369493*  -79.06286312*  -79.06117309*  -79.05861871*  R: 7.6e-06* 8.9e-06* 9.0e-06* 8.9e-06*  LinDep: 2.7e-15* 
 Diagonalization time:                              49.211722 seconds
 Compute <S^2>:                                      0.089638 seconds (771.69 k allocations: 312.802 MiB, 35.35% gc time)
  Root       Energy           S2
     1 -79.06369493   0.00007503
     2 -79.06286312   2.00002045
     3 -79.06117309   5.99996255
     4 -79.05861871  11.99992457
 ==================================================================|
 Compute <S^2>:                                      0.086112 seconds (773.32 k allocations: 312.882 MiB, 32.04% gc time)
 E(Reference):       -79.05962140 -79.05940044 -79.05759733 -79.05519361 
 E(PT2):             -79.06253974 -79.06190328 -79.06012872 -79.05761685 
 E(BST):             -79.06369493 -79.06286312 -79.06117309 -79.05861871 

*Converged E(Ref):             -79.05962140 -79.05940044 -79.05759733 -79.05519361 
*Converged E(BST):             -79.06369493 -79.06286312 -79.06117309 -79.05861871 

 Energies per BST iteration:
   Projected Energies: 
   Iter:   1   -79.05272351 -79.05237400 -79.05214100 -79.05202450 Dim:         4
   Iter:   2   -79.05960505 -79.05938118 -79.05757566 -79.05519348 Dim:       192
   Iter:   3   -79.05961159 -79.05938976 -79.05758981 -79.05518960 Dim:       196
   Iter:   4   -79.05961754 -79.05939601 -79.05759456 -79.05519140 Dim:       196
   Iter:   5   -79.05962015 -79.05939881 -79.05759640 -79.05519260 Dim:       196
   Iter:   6   -79.05962110 -79.05939996 -79.05759708 -79.05519325 Dim:       196
   Iter:   7   -79.05962140 -79.05940044 -79.05759733 -79.05519361 Dim:       196

   Variational Energies: 
   Iter:   1   -79.06347193 -79.06262301 -79.06098306 -79.05853516 Dim:      7545
   Iter:   2   -79.06367036 -79.06284097 -79.06115645 -79.05861425 Dim:     33173
   Iter:   3   -79.06368486 -79.06285379 -79.06116682 -79.05861754 Dim:     33508
   Iter:   4   -79.06369049 -79.06285886 -79.06117042 -79.05861829 Dim:     33240
   Iter:   5   -79.06369306 -79.06286127 -79.06117200 -79.05861859 Dim:     33240
   Iter:   6   -79.06369431 -79.06286248 -79.06117274 -79.05861869 Dim:     33240
   Iter:   7   -79.06369493 -79.06286312 -79.06117309 -79.05861871 Dim:     33240
 ─────────────────────────────────────────────────────────────────────
                             Time                    Allocations      
                    ───────────────────────   ────────────────────────
  Tot / % measured:       633s /  98.8%            573GiB /  98.6%    

 Section    ncalls     time    %tot     avg     alloc    %tot      avg
 ─────────────────────────────────────────────────────────────────────
 CI big          7     443s   70.8%   63.3s    348GiB   61.6%  49.8GiB
 FOIS            7     177s   28.3%   25.3s    211GiB   37.3%  30.1GiB
 compress       14    4.43s    0.7%   316ms   4.25GiB    0.8%   311MiB
 S2             14    662ms    0.1%  47.3ms   2.08GiB    0.4%   152MiB
 add             7    170ms    0.0%  24.3ms    273MiB    0.0%  39.0MiB
 ─────────────────────────────────────────────────────────────────────
 ==================================================================|

julia> e2_bst = FermiCG.compute_pt2_energy(vbst, cluster_ops, clustered_ham, thresh_foi=1e-6);

 |...................................BST-PT2............................................
 H0          : Hcmf
 nbody       : 4
 thresh_foi  : 1.0e-6
 max_number  : nothing
 opt_ref     : true
 ci_tol      : 1.0e-6
 verbose     : 1

 Length of Reference:                                   33240
 Solve zeroth-order problem:                       
 |== BST CI ========================================================
 Solve CI with # variables:                             33240
 Cache Hamiltonian:                                 22.419259 seconds (7.35 M allocations: 14.287 GiB, 75.25% gc time)
 Iter:   1 SS: 4    E:  -79.06369493   -79.06286312   -79.06117309   -79.05861871   R: 7.6e-06  8.8e-06  9.0e-06  8.9e-06   LinDep: 1.1e-15* 
 Iter:   2 SS: 8    E:  -79.06369493   -79.06286312   -79.06117309   -79.05861871   R: 5.3e-06  6.9e-06  6.4e-06  6.7e-06   LinDep: 4.4e-16* 
 Iter:   3 SS: 12   E:  -79.06369493   -79.06286312   -79.06117309   -79.05861871   R: 4.0e-06  6.0e-06  6.2e-06  5.9e-06   LinDep: 4.4e-16* 
 Iter:   4 SS: 16   E:  -79.06369493   -79.06286312   -79.06117309   -79.05861871   R: 3.9e-06  6.7e-06  5.4e-06  7.2e-06   LinDep: 1.2e-15* 
 Iter:   5 SS: 20   E:  -79.06369493   -79.06286312   -79.06117309   -79.05861871   R: 3.2e-06  4.6e-06  4.1e-06  5.1e-06   LinDep: 0.0e+00* 
 Iter:   6 SS: 24   E:  -79.06369493   -79.06286312   -79.06117309   -79.05861871   R: 3.4e-06  2.6e-06  4.3e-06  3.0e-06   LinDep: 2.9e-15* 
 Iter:   7 SS: 28   E:  -79.06369493   -79.06286312   -79.06117309   -79.05861871   R: 2.4e-06  2.0e-06  3.2e-06  2.4e-06   LinDep: 4.4e-16* 
 Iter:   8 SS: 32   E:  -79.06369493   -79.06286312   -79.06117309   -79.05861871   R: 1.9e-06  1.7e-06  2.1e-06  2.1e-06   LinDep: 5.6e-15* 
 Iter:   9 SS: 35   E:  -79.06369493   -79.06286312   -79.06117309   -79.05861871   R: 1.3e-06  1.6e-06  1.5e-06  1.9e-06   LinDep: 1.4e-15* 
 Iter:  10 SS: 37   E:  -79.06369493*  -79.06286312   -79.06117309   -79.05861871   R: 8.8e-07* 1.5e-06  1.2e-06  2.0e-06   LinDep: 1.1e-15* 
 Iter:  11 SS: 39   E:  -79.06369493*  -79.06286312*  -79.06117309   -79.05861871   R: 8.8e-07* 8.7e-07* 1.3e-06  1.4e-06   LinDep: 3.8e-15* 
 Iter:  12 SS: 41   E:  -79.06369493*  -79.06286312*  -79.06117309*  -79.05861871   R: 6.3e-07* 7.5e-07* 8.8e-07* 1.2e-06   LinDep: 2.4e-15* 
 Iter:  13 SS: 42   E:  -79.06369493*  -79.06286312*  -79.06117309*  -79.05861871*  R: 6.3e-07* 6.7e-07* 8.8e-07* 9.6e-07*  LinDep: 1.6e-15* 
 Diagonalization time:                              20.526679 seconds
 Compute <S^2>:                                      0.882230 seconds (776.07 k allocations: 313.018 MiB, 93.40% gc time)
  Root       Energy           S2
     1 -79.06369493   0.00007479
     2 -79.06286312   2.00002063
     3 -79.06117309   5.99996250
     4 -79.05861871  11.99992493
 ==================================================================|
 Diagonalization time:                              43.844568 seconds
 Compute <0|H0|0>:                                   0.016941 seconds (164.91 k allocations: 63.961 MiB)
  Root      <0|H|0>      <0|F|0>
     1 -79.06369493 -50.57164874
     2 -79.06286312 -50.57367615
     3 -79.06117309 -50.57790638
     4 -79.05861871 -50.58440836
 Number of jobs:    541
 Number of threads: 24
 |----------------------------------------------------------------------------------------------------|
 |0%                                                                                              100%|
 |----------------------------------------------------------------------------------------------------|
 Time spent computing E2:                            2219.9 s Allocated:    3.0e+03 GB
 State   1: E(PT2) corr:                          -0.00004108
 State   2: E(PT2) corr:                          -0.00003539
 State   3: E(PT2) corr:                          -0.00003373
 State   4: E(PT2) corr:                          -0.00002931
  Root         E(0)         E(2)
     1 -79.06369493 -79.06373601
     2 -79.06286312 -79.06289851
     3 -79.06117309 -79.06120682
     4 -79.05861871 -79.05864802
 ......................................................................................|