 Working with file:  m200/energies
4
 Energy shift: -55761.11644000
Extrapolated Result:   -55.76117948
R^2                :    -0.98503274
Var root 1 [2.2139  0.98027 0.46137]
PT  root 1 [0.27606 0.11777 0.     ]
Extrapolated Result:   -55.76070658
R^2                :    -0.98398942
Var root 2 [2.63082 1.42358 0.91874]
PT  root 2 [0.73498 0.58359 0.46928]
Extrapolated Result:   -55.75976067
R^2                :    -0.98361348
Var root 3 [3.46949 2.32036 1.83929]
PT  root 3 [1.65485 1.51601 1.41008]
Extrapolated Result:   -55.75833784
R^2                :    -0.98432737
Var root 4 [4.73453 3.66554 3.22203]
PT  root 4 [3.0398  2.91756 2.82561]
Extrapolated Result:   -55.75643163
R^2                :    -0.98370373
Var root 5 [6.43574 5.4662  5.07208]
PT  root 5 [4.89619 4.79643 4.72118]
Extrapolated Result:   -55.75403759
R^2                :    -0.98234182
Var root 6 [8.58637 7.7266  7.3932 ]
PT  root 6 [7.23284 7.15857 7.10262]
x:  (-1.9378399999914109, 0)
y:  (-1.0630426317807313, 9.24223931884924)
[-0.06304263178073133, 0.40985573412286325, 1.3557731884461228, 2.778595586594898, 4.684808142304597, 7.078852324944966]
