IDX001:DIM16777216:001|002|003|004|005|006|007|008|009|010|011|012|
IDX002:DIM16777216:013|014|015|016|017|018|019|020|021|022|023|024|
 Solve OO-CMF with DIIS
/Users/nmayhall/code/FermiCG/src/python/venv/lib/python3.9/site-packages/pyscf/lib/misc.py:46: H5pyDeprecationWarning: Using default_file_mode other than 'r' is deprecated. Pass the mode to h5py.File() instead.
  h5py.get_config().default_file_mode = 'a'
 ooCMF Iter:    1 Total= -2648.874721264157 G=     1.47e-01 #SS:    1
 ooCMF Iter:    2 Total= -2648.878214338759 G=     7.34e-02 #SS:    2
 ooCMF Iter:    3 Total= -2648.879155682979 G=     5.36e-02 #SS:    3
 ooCMF Iter:    4 Total= -2648.880114403954 G=     2.06e-02 #SS:    4
 ooCMF Iter:    5 Total= -2648.880231289553 G=     9.46e-03 #SS:    5
 ooCMF Iter:    6 Total= -2648.880250406057 G=     5.47e-03 #SS:    6
 ooCMF Iter:    7 Total= -2648.880260983679 G=     5.25e-03 #SS:    7
 ooCMF Iter:    8 Total= -2648.880272645556 G=     5.15e-03 #SS:    8
 ooCMF Iter:    9 Total= -2648.880335808006 G=     4.72e-03 #SS:    8
 ooCMF Iter:   10 Total= -2648.880387501526 G=     4.28e-03 #SS:    8
 ooCMF Iter:   11 Total= -2648.880556442482 G=     2.22e-03 #SS:    8
 ooCMF Iter:   12 Total= -2648.880565129801 G=     2.06e-03 #SS:    8
 ooCMF Iter:   13 Total= -2648.880569315900 G=     1.95e-03 #SS:    8
 ooCMF Iter:   14 Total= -2648.880572041889 G=     1.90e-03 #SS:    8
 ooCMF Iter:   15 Total= -2648.880574228461 G=     1.86e-03 #SS:    8
 ooCMF Iter:   16 Total= -2648.880577792410 G=     1.82e-03 #SS:    8
 ooCMF Iter:   17 Total= -2648.880584018659 G=     1.74e-03 #SS:    8
 ooCMF Iter:   18 Total= -2648.880602677135 G=     1.44e-03 #SS:    8
 ooCMF Iter:   19 Total= -2648.880626525306 G=     8.98e-04 #SS:    8
 ooCMF Iter:   20 Total= -2648.880631458068 G=     7.40e-04 #SS:    8
 ooCMF Iter:   21 Total= -2648.880632582256 G=     6.90e-04 #SS:    8
 ooCMF Iter:   22 Total= -2648.880632796689 G=     6.81e-04 #SS:    8
 ooCMF Iter:   23 Total= -2648.880632938307 G=     6.76e-04 #SS:    8
 ooCMF Iter:   24 Total= -2648.880633198948 G=     6.69e-04 #SS:    8
 ooCMF Iter:   25 Total= -2648.880633975378 G=     6.52e-04 #SS:    8
 ooCMF Iter:   26 Total= -2648.880635634961 G=     6.20e-04 #SS:    8
 ooCMF Iter:   27 Total= -2648.880638419833 G=     5.66e-04 #SS:    8
 ooCMF Iter:   28 Total= -2648.880641415317 G=     5.11e-04 #SS:    8
 ooCMF Iter:   29 Total= -2648.880642739946 G=     4.92e-04 #SS:    8
 ooCMF Iter:   30 Total= -2648.880643298896 G=     4.81e-04 #SS:    8
 ooCMF Iter:   31 Total= -2648.880643726893 G=     4.74e-04 #SS:    8
 ooCMF Iter:   32 Total= -2648.880644190696 G=     4.65e-04 #SS:    8
 ooCMF Iter:   33 Total= -2648.880644627023 G=     4.56e-04 #SS:    8
 ooCMF Iter:   34 Total= -2648.880646501479 G=     4.10e-04 #SS:    8
 ooCMF Iter:   35 Total= -2648.880648987726 G=     3.41e-04 #SS:    8
 ooCMF Iter:   36 Total= -2648.880650873730 G=     2.60e-04 #SS:    8
 ooCMF Iter:   37 Total= -2648.880651243133 G=     2.36e-04 #SS:    8
 ooCMF Iter:   38 Total= -2648.880651334397 G=     2.24e-04 #SS:    8
 ooCMF Iter:   39 Total= -2648.880651401525 G=     2.14e-04 #SS:    8
 ooCMF Iter:   40 Total= -2648.880651434239 G=     2.10e-04 #SS:    8
 ooCMF Iter:   41 Total= -2648.880651469959 G=     2.07e-04 #SS:    8
 ooCMF Iter:   42 Total= -2648.880651516023 G=     2.02e-04 #SS:    8
 ooCMF Iter:   43 Total= -2648.880651690622 G=     1.86e-04 #SS:    8
 ooCMF Iter:   44 Total= -2648.880651860056 G=     1.69e-04 #SS:    8
 ooCMF Iter:   45 Total= -2648.880651926342 G=     1.60e-04 #SS:    8
 ooCMF Iter:   46 Total= -2648.880651977643 G=     1.52e-04 #SS:    8
 ooCMF Iter:   47 Total= -2648.880652073962 G=     1.37e-04 #SS:    8
 ooCMF Iter:   48 Total= -2648.880652178056 G=     1.25e-04 #SS:    8
 ooCMF Iter:   49 Total= -2648.880652231296 G=     1.16e-04 #SS:    8
 ooCMF Iter:   50 Total= -2648.880652288375 G=     1.04e-04 #SS:    8
 ooCMF Iter:   51 Total= -2648.880652319299 G=     9.12e-05 #SS:    8
 ooCMF Iter:   52 Total= -2648.880652326418 G=     8.41e-05 #SS:    8
 ooCMF Iter:   53 Total= -2648.880652327607 G=     8.22e-05 #SS:    8
 ooCMF Iter:   54 Total= -2648.880652329485 G=     8.08e-05 #SS:    8
 ooCMF Iter:   55 Total= -2648.880652332236 G=     7.91e-05 #SS:    8
 ooCMF Iter:   56 Total= -2648.880652335834 G=     7.68e-05 #SS:    8
 ooCMF Iter:   57 Total= -2648.880652339928 G=     7.44e-05 #SS:    8
 ooCMF Iter:   58 Total= -2648.880652346430 G=     7.03e-05 #SS:    8
 ooCMF Iter:   59 Total= -2648.880652351702 G=     6.71e-05 #SS:    8
 ooCMF Iter:   60 Total= -2648.880652355122 G=     6.51e-05 #SS:    8
 ooCMF Iter:   61 Total= -2648.880652356454 G=     6.46e-05 #SS:    8
 ooCMF Iter:   62 Total= -2648.880652358091 G=     6.43e-05 #SS:    8
 ooCMF Iter:   63 Total= -2648.880652364139 G=     6.32e-05 #SS:    8
 ooCMF Iter:   64 Total= -2648.880652375621 G=     6.14e-05 #SS:    8
 ooCMF Iter:   65 Total= -2648.880652399141 G=     5.74e-05 #SS:    8
 ooCMF Iter:   66 Total= -2648.880652442428 G=     4.89e-05 #SS:    8
 ooCMF Iter:   67 Total= -2648.880652483017 G=     4.03e-05 #SS:    8
 ooCMF Iter:   68 Total= -2648.880652493703 G=     3.79e-05 #SS:    8
 ooCMF Iter:   69 Total= -2648.880652497271 G=     3.70e-05 #SS:    8
 ooCMF Iter:   70 Total= -2648.880652498564 G=     3.67e-05 #SS:    8
 ooCMF Iter:   71 Total= -2648.880652500329 G=     3.63e-05 #SS:    8
 ooCMF Iter:   72 Total= -2648.880652502952 G=     3.58e-05 #SS:    8
 ooCMF Iter:   73 Total= -2648.880652506799 G=     3.51e-05 #SS:    8
 ooCMF Iter:   74 Total= -2648.880652517308 G=     3.31e-05 #SS:    8
 ooCMF Iter:   75 Total= -2648.880652531384 G=     3.04e-05 #SS:    8
 ooCMF Iter:   76 Total= -2648.880652541706 G=     2.84e-05 #SS:    8
 ooCMF Iter:   77 Total= -2648.880652545227 G=     2.77e-05 #SS:    8
 ooCMF Iter:   78 Total= -2648.880652546581 G=     2.75e-05 #SS:    8
 ooCMF Iter:   79 Total= -2648.880652547411 G=     2.72e-05 #SS:    8
 ooCMF Iter:   80 Total= -2648.880652548807 G=     2.69e-05 #SS:    8
 ooCMF Iter:   81 Total= -2648.880652550114 G=     2.66e-05 #SS:    8
 ooCMF Iter:   82 Total= -2648.880652553955 G=     2.53e-05 #SS:    8
 ooCMF Iter:   83 Total= -2648.880652560844 G=     2.31e-05 #SS:    8
 ooCMF Iter:   84 Total= -2648.880652567089 G=     2.12e-05 #SS:    8
 ooCMF Iter:   85 Total= -2648.880652569282 G=     2.08e-05 #SS:    8
 ooCMF Iter:   86 Total= -2648.880652569893 G=     2.06e-05 #SS:    8
 ooCMF Iter:   87 Total= -2648.880652570328 G=     2.05e-05 #SS:    8
 ooCMF Iter:   88 Total= -2648.880652571166 G=     2.02e-05 #SS:    8
 ooCMF Iter:   89 Total= -2648.880652572384 G=     1.99e-05 #SS:    8
 ooCMF Iter:   90 Total= -2648.880652574471 G=     1.94e-05 #SS:    8
 ooCMF Iter:   91 Total= -2648.880652579179 G=     1.81e-05 #SS:    8
 ooCMF Iter:   92 Total= -2648.880652581925 G=     1.76e-05 #SS:    8
 ooCMF Iter:   93 Total= -2648.880652583147 G=     1.74e-05 #SS:    8
 ooCMF Iter:   94 Total= -2648.880652583487 G=     1.74e-05 #SS:    8
 ooCMF Iter:   95 Total= -2648.880652583693 G=     1.74e-05 #SS:    8
 ooCMF Iter:   96 Total= -2648.880652584089 G=     1.73e-05 #SS:    8
 ooCMF Iter:   97 Total= -2648.880652585006 G=     1.72e-05 #SS:    8
 ooCMF Iter:   98 Total= -2648.880652586257 G=     1.70e-05 #SS:    8
 ooCMF Iter:   99 Total= -2648.880652588684 G=     1.67e-05 #SS:    8
 ooCMF Iter:  100 Total= -2648.880652592763 G=     1.63e-05 #SS:    8
 ooCMF Iter:  101 Total= -2648.880652594921 G=     1.62e-05 #SS:    8
 ooCMF Iter:  102 Total= -2648.880652596096 G=     1.61e-05 #SS:    8
 ooCMF Iter:  103 Total= -2648.880652596602 G=     1.60e-05 #SS:    8
 ooCMF Iter:  104 Total= -2648.880652597829 G=     1.59e-05 #SS:    8
 ooCMF Iter:  105 Total= -2648.880652600482 G=     1.56e-05 #SS:    8
 ooCMF Iter:  106 Total= -2648.880652605437 G=     1.51e-05 #SS:    8
 ooCMF Iter:  107 Total= -2648.880652611865 G=     1.44e-05 #SS:    8
 ooCMF Iter:  108 Total= -2648.880652619190 G=     1.37e-05 #SS:    8
 ooCMF Iter:  109 Total= -2648.880652622664 G=     1.35e-05 #SS:    8
 ooCMF Iter:  110 Total= -2648.880652623684 G=     1.34e-05 #SS:    8
 ooCMF Iter:  111 Total= -2648.880652624199 G=     1.34e-05 #SS:    8
 ooCMF Iter:  112 Total= -2648.880652624783 G=     1.33e-05 #SS:    8
 ooCMF Iter:  113 Total= -2648.880652627464 G=     1.29e-05 #SS:    8
 ooCMF Iter:  114 Total= -2648.880652631070 G=     1.24e-05 #SS:    8
 ooCMF Iter:  115 Total= -2648.880652634372 G=     1.21e-05 #SS:    8
 ooCMF Iter:  116 Total= -2648.880652636841 G=     1.18e-05 #SS:    8
 ooCMF Iter:  117 Total= -2648.880652638648 G=     1.16e-05 #SS:    8
 ooCMF Iter:  118 Total= -2648.880652639447 G=     1.15e-05 #SS:    8
 ooCMF Iter:  119 Total= -2648.880652640042 G=     1.14e-05 #SS:    8
 ooCMF Iter:  120 Total= -2648.880652640899 G=     1.13e-05 #SS:    8
 ooCMF Iter:  121 Total= -2648.880652643209 G=     1.08e-05 #SS:    8
 ooCMF Iter:  122 Total= -2648.880652648283 G=     9.96e-06 #SS:    8
 ooCMF Iter:  123 Total= -2648.880652651568 G=     9.36e-06 #SS:    8
 ooCMF Iter:  124 Total= -2648.880652654202 G=     8.85e-06 #SS:    8
 ooCMF Iter:  125 Total= -2648.880652655444 G=     8.63e-06 #SS:    8
 ooCMF Iter:  126 Total= -2648.880652655932 G=     8.55e-06 #SS:    8
 ooCMF Iter:  127 Total= -2648.880652656143 G=     8.50e-06 #SS:    8
 ooCMF Iter:  128 Total= -2648.880652656509 G=     8.39e-06 #SS:    8
 ooCMF Iter:  129 Total= -2648.880652657380 G=     8.10e-06 #SS:    8
 ooCMF Iter:  130 Total= -2648.880652659464 G=     7.42e-06 #SS:    8
 ooCMF Iter:  131 Total= -2648.880652660845 G=     7.11e-06 #SS:    8
 ooCMF Iter:  132 Total= -2648.880652661291 G=     6.98e-06 #SS:    8
 ooCMF Iter:  133 Total= -2648.880652661573 G=     6.90e-06 #SS:    8
 ooCMF Iter:  134 Total= -2648.880652661714 G=     6.86e-06 #SS:    8
 ooCMF Iter:  135 Total= -2648.880652661833 G=     6.83e-06 #SS:    8
 ooCMF Iter:  136 Total= -2648.880652662006 G=     6.76e-06 #SS:    8
 ooCMF Iter:  137 Total= -2648.880652662563 G=     6.53e-06 #SS:    8
 ooCMF Iter:  138 Total= -2648.880652663635 G=     6.09e-06 #SS:    8
 ooCMF Iter:  139 Total= -2648.880652664895 G=     5.63e-06 #SS:    8
 ooCMF Iter:  140 Total= -2648.880652665314 G=     5.51e-06 #SS:    8
 ooCMF Iter:  141 Total= -2648.880652665553 G=     5.39e-06 #SS:    8
 ooCMF Iter:  142 Total= -2648.880652665737 G=     5.31e-06 #SS:    8
 ooCMF Iter:  143 Total= -2648.880652665879 G=     5.22e-06 #SS:    8
 ooCMF Iter:  144 Total= -2648.880652666111 G=     5.05e-06 #SS:    8
 ooCMF Iter:  145 Total= -2648.880652666684 G=     4.54e-06 #SS:    8
 ooCMF Iter:  146 Total= -2648.880652667667 G=     3.37e-06 #SS:    8
 ooCMF Iter:  147 Total= -2648.880652668072 G=     2.60e-06 #SS:    8
 ooCMF Iter:  148 Total= -2648.880652668162 G=     2.34e-06 #SS:    8
 ooCMF Iter:  149 Total= -2648.880652668174 G=     2.27e-06 #SS:    8
 ooCMF Iter:  150 Total= -2648.880652668184 G=     2.19e-06 #SS:    8
 ooCMF Iter:  151 Total= -2648.880652668188 G=     2.13e-06 #SS:    8
 ooCMF Iter:  152 Total= -2648.880652668197 G=     2.04e-06 #SS:    8
 ooCMF Iter:  153 Total= -2648.880652668214 G=     1.88e-06 #SS:    8
 ooCMF Iter:  154 Total= -2648.880652668229 G=     1.61e-06 #SS:    8
 ooCMF Iter:  155 Total= -2648.880652668238 G=     1.44e-06 #SS:    8
 ooCMF Iter:  156 Total= -2648.880652668241 G=     1.39e-06 #SS:    8
 ooCMF Iter:  157 Total= -2648.880652668242 G=     1.37e-06 #SS:    8
 ooCMF Iter:  158 Total= -2648.880652668243 G=     1.36e-06 #SS:    8
 ooCMF Iter:  159 Total= -2648.880652668245 G=     1.33e-06 #SS:    8
 ooCMF Iter:  160 Total= -2648.880652668246 G=     1.31e-06 #SS:    8
 ooCMF Iter:  161 Total= -2648.880652668254 G=     1.24e-06 #SS:    8
 ooCMF Iter:  162 Total= -2648.880652668264 G=     1.09e-06 #SS:    8
*ooCMF Iter:  163 Total= -2648.880652668280 G=     9.25e-07 #SS:    8
