 Working with file:  m100/energies
3
 Energy shift: -171188.80080000
Extrapolated Result:  -171.18942539
R^2                :    -0.99437282
Var root 1 [8.4189 3.5534 1.8699]
PT  root 1 [1.4726 0.2633 0.    ]
Extrapolated Result:  -171.18917212
R^2                :    -0.99390241
Var root 2 [8.6308 3.7847 2.0973]
PT  root 2 [1.7087 0.505  0.2467]
Extrapolated Result:  -171.18868831
R^2                :    -0.99377352
Var root 3 [9.0602 4.2544 2.5605]
PT  root 3 [2.1901 0.9894 0.7287]
Extrapolated Result:  -171.18791868
R^2                :    -0.99297856
Var root 4 [9.7184 4.9749 3.277 ]
PT  root 4 [2.9362 1.744  1.4888]
x:  (-10, 0)
y:  (-1.6245941592039985, 13.867082085472106)
[-0.6245941592039985, -0.37131721959059494, 0.11248838946243822, 0.8821181834196663]
