 Working with file:  m010/energies
7
 Energy shift: -55746.33258000
Extrapolated Result:   -55.74633176
R^2                :    -0.99938997
Var root 1 [0.59337 0.12236 0.05553 0.01662 0.00618 0.00174]
PT  root 1 [0.12002 0.02525 0.01438 0.00349 0.00111 0.     ]
Extrapolated Result:   -55.74597637
R^2                :    -0.99938959
Var root 2 [0.93383 0.47386 0.40886 0.37127 0.36128 0.35702]
PT  root 2 [0.47043 0.37963 0.36905 0.35869 0.35642 0.35536]
Extrapolated Result:   -55.74526105
R^2                :    -0.99938870
Var root 3 [1.61887 1.18577 1.12081 1.08547 1.07613 1.07216]
PT  root 3 [1.17561 1.09356 1.08309 1.07375 1.07162 1.07067]
Extrapolated Result:   -55.74417618
R^2                :    -0.99918182
Var root 4 [2.65689 2.26363 2.20063 2.16828 2.16006 2.1566 ]
PT  root 4 [2.24447 2.17616 2.16612 2.15806 2.15615 2.15536]
Extrapolated Result:   -55.74270686
R^2                :    -0.99738652
Var root 5 [4.06108 3.72184 3.66362 3.63455 3.62774 3.62509]
PT  root 5 [3.69096 3.64242 3.63324 3.62646 3.62471 3.62416]
Extrapolated Result:   -55.74083203
R^2                :    -0.97462289
Var root 6 [5.85005 5.58033 5.5312  5.50492 5.5     5.49851]
PT  root 6 [5.53482 5.51344 5.5058  5.49986 5.49824 5.49795]
x:  (-0.4733499999929336, 0)
y:  (-1.0, 6.0272909703278525)
[0.0008169333767269471, 0.3562132901787931, 1.071533454387264, 2.1564033842631236, 3.6257192120243658, 5.500552309051938]
