

******** <class 'pyscf.df.df_jk.density_fit.<locals>.DensityFitting'> ********
method = DensityFitting-ROHF-RHF
initial guess = minao
damping factor = 0
level_shift factor = 0
DIIS = <class 'pyscf.scf.diis.CDIIS'>
diis_start_cycle = 1
diis_space = 8
SCF conv_tol = 1e-08
SCF conv_tol_grad = 1e-05
SCF max_cycles = 50
direct_scf = True
direct_scf_tol = 1e-13
chkfile to save SCF result = scf.fchk
max_memory 4000 MB (current use 0 MB)
num. doubly occ = 88  num. singly occ = 10
init E= -5004.05360176752
  HOMO = 0.157380091880549  LUMO = 0.18616850787622
cycle= 1 E= -4993.1966252547  delta_E= 10.9  |g|= 4.09  |ddm|= 8.26
  HOMO = 0.0909614202288276  LUMO = 0.148331399034628
cycle= 2 E= -4969.64463686001  delta_E= 23.6  |g|= 4.43  |ddm|= 10.8

WARN: HOMO 0.944441831645102 >= LUMO 0.584083914878512

cycle= 3 E= -4969.88402714  delta_E= -0.239  |g|= 7.15  |ddm|=   15

WARN: HOMO 0.750868272523595 >= LUMO 0.497644414023129

cycle= 4 E= -5009.50797323557  delta_E= -39.6  |g|= 2.21  |ddm|= 10.6

WARN: HOMO 0.711128827796553 >= LUMO 0.550134458818605

cycle= 5 E= -5011.16096180776  delta_E= -1.65  |g|= 1.91  |ddm|= 5.32

WARN: HOMO 0.704960375935619 >= LUMO 0.606802857509516

cycle= 6 E= -5012.18933979712  delta_E= -1.03  |g|= 1.56  |ddm|= 2.95

WARN: HOMO 0.633299270153279 >= LUMO 0.632786002577126

cycle= 7 E= -5013.09429050634  delta_E= -0.905  |g|= 0.952  |ddm|= 2.61
  HOMO = 0.578087175136052  LUMO = 0.644864193386546
cycle= 8 E= -5013.61522818931  delta_E= -0.521  |g|= 0.649  |ddm|= 1.88
  HOMO = 0.514649701667697  LUMO = 0.673532258282125
cycle= 9 E= -5013.80368904034  delta_E= -0.188  |g|= 0.442  |ddm|= 1.39
  HOMO = 0.436908009279232  LUMO = 0.631138785798543
cycle= 10 E= -5013.8843402562  delta_E= -0.0807  |g|= 0.248  |ddm|= 0.819
  HOMO = 0.296302918393222  LUMO = 0.606983454545195
cycle= 11 E= -5013.90768734126  delta_E= -0.0233  |g|= 0.132  |ddm|= 0.545
  HOMO = 0.262388360533466  LUMO = 0.600040316047411
cycle= 12 E= -5013.90527506821  delta_E= 0.00241  |g|= 0.118  |ddm|= 0.515
  HOMO = 0.255994029131965  LUMO = 0.603581182801628
cycle= 13 E= -5013.9220542802  delta_E= -0.0168  |g|= 0.0484  |ddm|= 0.358
  HOMO = 0.254725639346491  LUMO = 0.60449985798398
cycle= 14 E= -5013.92436037683  delta_E= -0.00231  |g|= 0.0227  |ddm|= 0.155
  HOMO = 0.254334448733371  LUMO = 0.604427682988262
cycle= 15 E= -5013.92484864427  delta_E= -0.000488  |g|= 0.0139  |ddm|= 0.0777
  HOMO = 0.255261316869887  LUMO = 0.604797273172977
cycle= 16 E= -5013.92503712572  delta_E= -0.000188  |g|= 0.00782  |ddm|= 0.0469
  HOMO = 0.25478728240435  LUMO = 0.605169867181299
cycle= 17 E= -5013.92510929792  delta_E= -7.22e-05  |g|= 0.00413  |ddm|= 0.025
  HOMO = 0.255148213333617  LUMO = 0.605319531404664
cycle= 18 E= -5013.92513258576  delta_E= -2.33e-05  |g|= 0.00118  |ddm|= 0.0114
  HOMO = 0.255271841579436  LUMO = 0.605385724434194
cycle= 19 E= -5013.92513327207  delta_E= -6.86e-07  |g|= 0.000979  |ddm|= 0.00524
  HOMO = 0.255247245987807  LUMO = 0.60540420600416
cycle= 20 E= -5013.92513459752  delta_E= -1.33e-06  |g|= 0.000327  |ddm|= 0.00294
  HOMO = 0.255246495977839  LUMO = 0.605403529950756
cycle= 21 E= -5013.92513472731  delta_E= -1.3e-07  |g|= 0.000154  |ddm|= 0.00112
  HOMO = 0.255247242798773  LUMO = 0.605404299263944
cycle= 22 E= -5013.92513475631  delta_E= -2.9e-08  |g|= 7.03e-05  |ddm|= 0.000496
  HOMO = 0.255246572855297  LUMO = 0.605403016980701
cycle= 23 E= -5013.92513476168  delta_E= -5.37e-09  |g|= 3.67e-05  |ddm|= 0.000229
  HOMO = 0.255247876295708  LUMO = 0.605403515568915
cycle= 24 E= -5013.9251347634  delta_E= -1.72e-09  |g|= 1.57e-05  |ddm|= 0.000119
  HOMO = 0.255247467073898  LUMO = 0.605403528046765
cycle= 25 E= -5013.92513476355  delta_E= -1.49e-10  |g|= 1.23e-05  |ddm|= 6.04e-05
  HOMO = 0.255246817403401  LUMO = 0.605403536119572
cycle= 26 E= -5013.92513476371  delta_E= -1.58e-10  |g|= 7.06e-06  |ddm|= 4e-05
  HOMO = 0.25524765615147  LUMO = 0.605403187182657
Extra cycle  E= -5013.92513476336  delta_E= 3.55e-10  |g|= 1.66e-05  |ddm|= 5.77e-05
converged SCF energy = -5013.92513476336


******** <class 'pyscf.df.df_jk.density_fit.<locals>.DensityFitting'> Newton solver flags ********
SCF tol = 1e-08
conv_tol_grad = 1e-05
max. SCF cycles = 50
direct_scf = True
direct_scf_tol = 1e-13
chkfile to save SCF result = scf.fchk
max_cycle_inner = 12
max_stepsize = 0.05
ah_start_tol = 1e+09
ah_level_shift = 0
ah_conv_tol = 1e-12
ah_lindep = 1e-14
ah_start_cycle = 1
ah_max_cycle = 40
ah_grad_trust_region = 2.5
kf_interval = 4
kf_trust_region = 5
canonicalization = True
max_memory 4000 MB (current use 0 MB)
  HOMO = 0.11296005522062  LUMO = 0.376366442947297
Initial guess E= -5067.29291862321  |g|= 0.636816
macro= 0  E= -5067.48927304569  delta_E= -0.196354  |g|= 0.00989661  4 KF 14 JK
macro= 1  E= -5067.48928020181  delta_E= -7.15612e-06  |g|= 2.1415e-05  3 KF 11 JK
macro= 2  E= -5067.4892802018  delta_E= 1.09139e-11  |g|= 3.77327e-06  1 KF 2 JK
Canonicalize SCF orbitals
macro X = 3  E=-5067.4892802018  |g|= 3.77327e-06  total 9 KF 31 JK
converged SCF energy = -5067.4892802018
[[14, 15, 16, 17, 18, 19, 20, 21, 22, 23], [38, 39, 40, 41, 42, 43], [56, 57, 58, 59, 60, 61], [81, 82, 83, 84, 85, 86, 87, 88, 89, 90]]
 In svd_subspace_partitioning_nonorth
 Partition  286 orbitals into a total of   32 orbitals
            Index   Sing. Val. Space       
                0   0.99876753            0*
                1   0.99777563            1*
                2   0.99718063            1*
                3   0.99656819            0*
                4   0.99617718            2*
                5   0.99516079            2*
                6   0.99300996            1*
                7   0.99287690            2*
                8   0.99205001            1*
                9   0.99175648            2*
               10   0.99025654            1*
               11   0.99020341            0*
               12   0.98729756            2*
               13   0.98542527            0*
               14   0.98358611            0*
               15   0.97968113            1*
               16   0.97908346            0*
               17   0.97368791            1*
               18   0.97095319            2*
               19   0.97057570            1*
               20   0.95871465            2*
               21   0.95858067            1*
               22   0.95553709            2*
               23   0.95497143            1*
               24   0.94877150            2*
               25   0.94505136            2*
               26   0.93230863            2*
               27   0.92383442            2*
               28   0.92027344            2*
               29   0.91746001            2*
               30   0.90630590            2*
               31   0.90190893            2*
               32   0.44433471            0
               33   0.43897135            0
               34   0.42517313            0
               35   0.42338445            0
               36   0.39127909            0
               37   0.38297005            0
               38   0.37613269            0
               39   0.36655016            0
               40   0.36014858            0
               41   0.35915929            0
               42   0.31906313            0
               43   0.21142987            2
               44   0.20448030            0
               45   0.18618362            2
               46   0.17942660            2
               47   0.17371920            0
               48   0.16206766            0
               49   0.14115025            2
               50   0.11911315            0
               51   0.10076683            0
               52   0.09860442            2
               53   0.06010195            0
               54   0.05770865            0
               55   0.05634689            0
               56   0.04992669            2
               57   0.04447714            0
               58   0.03808730            0
               59   0.02516264            0
               60   0.01884770            2
               61   0.01774541            2
               62   0.01639116            0
               63   0.01619924            2
               64   0.01387437            2
               65   0.01261190            2
               66   0.01251130            0
               67   0.01202870            2
               68   0.01114187            2
               69   0.01033361            2
               70   0.00848293            0
               71   0.00694975            2
               72   0.00612788            2
               73   0.00585668            0
  SVD active space has the following dimensions:
  Orbital Block    Environment         Active
              0             82              6
              1              0             10
              2            172             16

 Fragment:  [14, 15, 16, 17, 18, 19, 20, 21, 22, 23]
 In svd_subspace_partitioning_nonorth
 Partition   32 orbitals into a total of   10 orbitals
            Index   Sing. Val. Space       
                0   0.98678773            1*
                1   0.98214394            2*
                2   0.98156928            1*
                3   0.97192504            2*
                4   0.95964660            1*
                5   0.95178122            2*
                6   0.94435713            1*
                7   0.93694570            2*
                8   0.93469264            1*
                9   0.93270880            2*
               10   0.42589847            0
               11   0.27684632            0
               12   0.23735382            0
               13   0.21100085            0
               14   0.20058128            0
               15   0.06865828            1
               16   0.05303853            1
               17   0.02766213            1
               18   0.01914611            0
               19   0.01685552            1
               20   0.01374503            2
               21   0.00766974            2
               22   0.00466635            2
               23   0.00414506            2
               24   0.00298906            1
               25   0.00112727            2
  SVD active space has the following dimensions:
  Orbital Block    Environment         Active
              0              6              0
              1              5              5
              2             11              5

 Fragment:  [38, 39, 40, 41, 42, 43]
 In svd_subspace_partitioning_nonorth
 Partition   32 orbitals into a total of    6 orbitals
            Index   Sing. Val. Space       
                0   0.97347908            0*
                1   0.96228140            0*
                2   0.95639704            0*
                3   0.92606781            2*
                4   0.91279609            2*
                5   0.90454914            2*
                6   0.21862168            1
                7   0.21191093            1
                8   0.18608688            1
                9   0.12621829            0
               10   0.06893774            2
               11   0.06170907            2
               12   0.03795415            2
               13   0.03033840            1
               14   0.02930663            0
               15   0.02555760            0
               16   0.01785974            1
               17   0.00098317            1
  SVD active space has the following dimensions:
  Orbital Block    Environment         Active
              0              3              3
              1             10              0
              2             13              3

 Fragment:  [56, 57, 58, 59, 60, 61]
 In svd_subspace_partitioning_nonorth
 Partition   32 orbitals into a total of    6 orbitals
            Index   Sing. Val. Space       
                0   0.97355865            0*
                1   0.96332541            0*
                2   0.95768402            0*
                3   0.92654195            2*
                4   0.91382447            2*
                5   0.90472978            2*
                6   0.21422184            1
                7   0.20506837            1
                8   0.18512109            1
                9   0.12735550            0
               10   0.06986634            2
               11   0.05956417            2
               12   0.03674190            2
               13   0.03116085            1
               14   0.02996963            0
               15   0.02555290            0
               16   0.01862907            1
               17   0.00111973            1
  SVD active space has the following dimensions:
  Orbital Block    Environment         Active
              0              3              3
              1             10              0
              2             13              3

 Fragment:  [81, 82, 83, 84, 85, 86, 87, 88, 89, 90]
 In svd_subspace_partitioning_nonorth
 Partition   32 orbitals into a total of   10 orbitals
            Index   Sing. Val. Space       
                0   0.98184580            1*
                1   0.97886543            1*
                2   0.97612198            2*
                3   0.96880520            2*
                4   0.95071026            1*
                5   0.94778384            1*
                6   0.93940584            2*
                7   0.93900960            2*
                8   0.92866528            1*
                9   0.92316659            2*
               10   0.44279854            0
               11   0.33606427            0
               12   0.26303859            0
               13   0.25066509            0
               14   0.20287431            0
               15   0.06575323            1
               16   0.05409686            1
               17   0.02784248            1
               18   0.02468331            0
               19   0.01770100            1
               20   0.01538654            2
               21   0.01117590            2
               22   0.00477825            2
               23   0.00465557            2
               24   0.00298511            1
               25   0.00185937            2
  SVD active space has the following dimensions:
  Orbital Block    Environment         Active
              0              6              0
              1              5              5
              2             11              5
 sing vals of active space:  [1. 1. 1. 1. 1. 1. 1. 1. 1. 1. 1. 1. 1. 1. 1. 1. 1. 1. 1. 1. 1. 1. 1. 1.
 1. 1. 1. 1. 1. 1. 1. 1.]
 init_fspace =  [(5, 0), (3, 3), (3, 3), (5, 0)]
 clusters    =  [[1, 2, 3, 4, 5, 6, 7, 8, 9, 10], [11, 12, 13, 14, 15, 16], [17, 18, 19, 20, 21, 22], [23, 24, 25, 26, 27, 28, 29, 30, 31, 32]]
