nohup: ignoring input


******** <class 'pyscf.scf.hf.RHF'> ********
method = RHF
initial guess = minao
damping factor = 0
level_shift factor = 0
DIIS = <class 'pyscf.scf.diis.CDIIS'>
diis_start_cycle = 1
diis_space = 8
SCF conv_tol = 1e-09
SCF conv_tol_grad = None
SCF max_cycles = 200
direct_scf = True
direct_scf_tol = 1e-13
chkfile to save SCF result = /home/nmayhall/data/FermiCG-data/tetracene_tetramer/tmp0ylxdo6c
max_memory 4000 MB (current use 100 MB)
Set gradient conv threshold to 3.16228e-05
init E= -2779.1999366368
  HOMO = -0.142606184236809  LUMO = -0.0644946520069228
cycle= 1 E= -2753.67423354913  delta_E= 25.5  |g|= 1.39  |ddm|= 11.5
  HOMO = -0.229877779106585  LUMO = -0.00103795649131751
cycle= 2 E= -2754.41484135465  delta_E= -0.741  |g|= 0.384  |ddm|= 2.73
  HOMO = -0.206210758318823  LUMO = 0.0348890964311453
cycle= 3 E= -2754.47059292633  delta_E= -0.0558  |g|= 0.147  |ddm|=  1.1
  HOMO = -0.215178788830832  LUMO = 0.0248711939861138
cycle= 4 E= -2754.47728480183  delta_E= -0.00669  |g|= 0.036  |ddm|= 0.222
  HOMO = -0.216401938875816  LUMO = 0.0255316043643426
cycle= 5 E= -2754.47794773899  delta_E= -0.000663  |g|= 0.0164  |ddm|= 0.0689
  HOMO = -0.216587675991125  LUMO = 0.0257277770671234
cycle= 6 E= -2754.47816749245  delta_E= -0.00022  |g|= 0.00761  |ddm|= 0.0339
  HOMO = -0.216690528944824  LUMO = 0.0266107767723113
cycle= 7 E= -2754.47825597632  delta_E= -8.85e-05  |g|= 0.00338  |ddm|= 0.0273
  HOMO = -0.216958633445167  LUMO = 0.0265109431676267
cycle= 8 E= -2754.47826797557  delta_E= -1.2e-05  |g|= 0.0014  |ddm|= 0.011
  HOMO = -0.217033017197427  LUMO = 0.0265527929414615
cycle= 9 E= -2754.47826984554  delta_E= -1.87e-06  |g|= 0.000828  |ddm|= 0.00383
  HOMO = -0.21705442763771  LUMO = 0.0265402324161129
cycle= 10 E= -2754.47827041214  delta_E= -5.67e-07  |g|= 0.000432  |ddm|= 0.00186
  HOMO = -0.21704557969388  LUMO = 0.0265354532510623
cycle= 11 E= -2754.47827074705  delta_E= -3.35e-07  |g|= 0.000311  |ddm|= 0.00162
  HOMO = -0.217060864402623  LUMO = 0.0265134484698756
cycle= 12 E= -2754.47827091596  delta_E= -1.69e-07  |g|= 0.000121  |ddm|= 0.00153
  HOMO = -0.217054992423782  LUMO = 0.0265077097756222
cycle= 13 E= -2754.47827094524  delta_E= -2.93e-08  |g|= 5.2e-05  |ddm|= 0.00072
  HOMO = -0.217054716688607  LUMO = 0.0265075740014049
cycle= 14 E= -2754.47827094786  delta_E= -2.63e-09  |g|= 2.05e-05  |ddm|= 0.000211
  HOMO = -0.217053749327792  LUMO = 0.0265070235422675
cycle= 15 E= -2754.47827094817  delta_E= -3.09e-10  |g|= 7.21e-06  |ddm|= 7.39e-05
  HOMO = -0.21705408232552  LUMO = 0.0265066728561466
Extra cycle  E= -2754.47827094824  delta_E= -7.28e-11  |g|= 4.85e-06  |ddm|= 1.64e-05
converged SCF energy = -2754.47827094824


******** <class 'pyscf.tdscf.rhf.TDA'> for <class 'pyscf.scf.hf.RHF'> ********
nstates = 4 singlet
wfnsym = None
conv_tol = 1e-09
eigh lindep = 1e-12
eigh level_shift = 0
eigh max_space = 50
eigh max_cycle = 100
chkfile = /home/nmayhall/data/FermiCG-data/tetracene_tetramer/tmp0ylxdo6c
max_memory 4000 MB (current use 487 MB)


Excited State energies (eV)
[3.22132315 3.26223861 3.33998426 3.3784765 ]

** Singlet excitation energies and oscillator strengths **
Excited State   1:      3.22132 eV    384.89 nm  f=0.5851
     238 -> 241      -0.18505
     238 -> 243      -0.13528
     238 -> 244       0.16566
     239 -> 241       0.27696
     239 -> 242       0.16521
     239 -> 243       0.34308
     240 -> 241      -0.13226
     240 -> 242      -0.29088
     240 -> 244       0.16520
Excited State   2:      3.26224 eV    380.06 nm  f=0.2569
     237 -> 241      -0.31577
     238 -> 242       0.37915
     239 -> 242       0.17813
     239 -> 243      -0.17896
     239 -> 244       0.12989
     240 -> 242      -0.24243
     240 -> 244      -0.21551
Excited State   3:      3.33998 eV    371.21 nm  f=0.0737
     236 -> 249       0.10412
     237 -> 241       0.20298
     238 -> 243      -0.18030
     239 -> 242       0.30582
     239 -> 243      -0.10339
     239 -> 244      -0.23380
     240 -> 243      -0.35787
     240 -> 244      -0.24188
Excited State   4:      3.37848 eV    366.98 nm  f=0.0122
     231 -> 245       0.11163
     237 -> 241      -0.44255
     237 -> 242       0.14339
     237 -> 243       0.15403
     238 -> 241      -0.23770
     238 -> 242      -0.14088
     239 -> 241       0.11804
     239 -> 244      -0.14056
     240 -> 242       0.23529
     240 -> 243      -0.14469

** Transition electric dipole moments (AU) **
state          X           Y           Z        Dip. S.      Osc.
  1        -2.6078     -0.5918     -0.5130      7.4142      0.5851
  2        -1.2958      1.2368      0.0741      3.2145      0.2569
  3         0.8872      0.2848      0.1787      0.9001      0.0737
  4        -0.3280      0.1976      0.0249      0.1472      0.0122

** Transition velocity dipole moments (imaginary part, AU) **
state          X           Y           Z        Dip. S.      Osc.
  1         0.1481     -0.0230      0.1179      0.0363      0.2047
  2         0.1117     -0.0947      0.0057      0.0215      0.1194
  3         0.0055      0.0339     -0.0204      0.0016      0.0087
  4         0.0451     -0.0662     -0.0021      0.0064      0.0345

** Transition magnetic dipole moments (imaginary part, AU) **
state          X           Y           Z
  1         0.1580     -0.1174     -0.3395
  2        -0.1094     -0.1348      0.1250
  3        -0.0463     -0.0919      0.0814
  4         0.0049     -0.0490     -0.7393


******** <class 'pyscf.tdscf.rhf.TDA'> for <class 'pyscf.scf.hf.RHF'> ********
nstates = 4 triplet
wfnsym = None
conv_tol = 1e-09
eigh lindep = 1e-12
eigh level_shift = 0
eigh max_space = 50
eigh max_cycle = 100
chkfile = /home/nmayhall/data/FermiCG-data/tetracene_tetramer/tmp0ylxdo6c
max_memory 4000 MB (current use 2272 MB)


Excited State energies (eV)
[1.10150124 1.11758364 1.13376512 1.14789373]

** Triplet excitation energies and oscillator strengths **
Excited State   1:      1.10150 eV   1125.59 nm  f=0.4517
     230 -> 251      -0.10397
     237 -> 243      -0.11081
     238 -> 241       0.16486
     238 -> 243       0.20597
     238 -> 244      -0.22464
     239 -> 241      -0.21449
     239 -> 242      -0.23129
     239 -> 243      -0.27156
     240 -> 241       0.10982
     240 -> 242       0.23732
Excited State   2:      1.11758 eV   1109.40 nm  f=0.1396
     233 -> 252       0.13278
     238 -> 243       0.12224
     239 -> 242      -0.14973
     239 -> 243       0.17020
     239 -> 244       0.29129
     240 -> 242      -0.19492
     240 -> 243       0.35004
     240 -> 244       0.25468
Excited State   3:      1.13377 eV   1093.56 nm  f=0.0797
     230 -> 250      -0.10680
     237 -> 242       0.11113
     238 -> 241      -0.10890
     238 -> 242      -0.37913
     238 -> 244      -0.12571
     239 -> 242      -0.18027
     239 -> 243       0.18791
     239 -> 244      -0.13770
     240 -> 242       0.20544
     240 -> 244       0.26374
Excited State   4:      1.14789 eV   1080.10 nm  f=0.2126
     229 -> 247       0.16239
     237 -> 241      -0.53599
     237 -> 242       0.11736
     237 -> 243       0.18237
     238 -> 241      -0.15513

** Transition electric dipole moments (AU) **
state          X           Y           Z        Dip. S.      Osc.
  1         3.8598      0.3064      1.3220     16.7397      0.4517
  2        -2.0242     -0.5405     -0.8429      5.1002      0.1396
  3         0.5585     -1.5476     -0.4014      2.8682      0.0797
  4        -2.2969      1.5021     -0.1638      7.5587      0.2126

** Transition velocity dipole moments (imaginary part, AU) **
state          X           Y           Z        Dip. S.      Osc.
  1         0.4603      0.0364      0.1589      0.2385      3.9274
  2        -0.2428     -0.0660     -0.1016      0.0736      1.1952
  3         0.0676     -0.1877     -0.0479      0.0421      0.6734
  4        -0.2794      0.1852     -0.0209      0.1128      1.7833

** Transition magnetic dipole moments (imaginary part, AU) **
state          X           Y           Z
  1        -0.4323     -0.0478      0.6862
  2         0.3347     -1.2303      0.2192
  3         0.3833     -0.0252     -0.7883
  4        -0.2212      0.2745      2.6315
