 Working with file:  m030/energies
7
 Energy shift: -55750.78796000
Extrapolated Result:   -55.75078298
R^2                :    -0.99388557
Var root 1 [1.1917  0.31749 0.16833 0.06474 0.02373 0.00717]
PT  root 1 [0.1966  0.06825 0.03656 0.01201 0.00284 0.     ]
Extrapolated Result:   -55.75037445
R^2                :    -0.99386793
Var root 2 [1.568   0.71593 0.5711  0.47048 0.43143 0.4155 ]
PT  root 2 [0.59772 0.47415 0.44361 0.42011 0.41137 0.40866]
Extrapolated Result:   -55.74955339
R^2                :    -0.99390437
Var root 3 [2.3245  1.5194  1.38221 1.28684 1.25096 1.23609]
PT  root 3 [1.40366 1.29022 1.26189 1.24052 1.2325  1.22999]
Extrapolated Result:   -55.74831155
R^2                :    -0.99328210
Var root 4 [3.46908 2.73452 2.60706 2.52096 2.49032 2.4772 ]
PT  root 4 [2.62192 2.52494 2.49919 2.48108 2.47428 2.47214]
Extrapolated Result:   -55.74663631
R^2                :    -0.98994128
Var root 5 [5.01426 4.37488 4.25772 4.18544 4.16199 4.15145]
PT  root 5 [4.26437 4.19176 4.16794 4.15418 4.14922 4.14762]
Extrapolated Result:   -55.74451037
R^2                :    -0.96897750
Var root 6 [6.9779  6.45879 6.34986 6.29752 6.28297 6.27624]
PT  root 6 [6.34756 6.30932 6.28525 6.27697 6.27452 6.27367]
x:  (-0.9951000000000931, 0)
y:  (-1.0, 7.388287413978896)
[0.00498364150709224, 0.41351162553299986, 1.234566067054784, 2.4764110776549884, 4.151645815806526, 6.277587889201486]
