 Input energy:    -5356.77006275
IDX001:DIM1073741824:001|002|003|004|005|006|007|008|009|010|011|012|013|014|015|
IDX002:DIM1024:016|017|018|019|020|
IDX003:DIM4096:021|022|023|024|025|026|
IDX004:DIM1024:027|028|029|030|031|
IDX005:DIM4096:032|033|034|035|036|037|
IDX006:DIM4096:038|039|040|041|042|043|
IDX007:DIM4096:044|045|046|047|048|049|
IDX008:DIM4096:050|051|052|053|054|055|
IDX009:DIM4096:056|057|058|059|060|061|
IDX010:DIM4096:062|063|064|065|066|067|
IDX011:DIM0000:068|069|070|071|072|073|074|075|076|077|078|079|080|081|082|083|084|085|086|087|088|089|090|091|092|093|094|095|096|097|098|099|100|101|102|103|104|105|106|107|108|109|110|111|112|113|114|115|116|117|118|119|120|121|122|123|124|125|126|127|128|129|130|131|132|133|134|135|136|137|138|139|140|141|142|143|144|145|146|147|148|149|
 ooCMF Iter:    1 Total= -5356.975111909891 Active= -812.461271483981 G=     1.06e-01
 ooCMF Iter:    2 Total= -5356.977166216058 Active= -812.463325790149 G=     1.30e-01
 ooCMF Iter:    3 Total= -5356.978272997183 Active= -812.464432571273 G=     1.19e-01
 ooCMF Iter:    4 Total= -5356.979405763881 Active= -812.465565337971 G=     1.24e-01
 ooCMF Iter:    5 Total= -5356.980421601131 Active= -812.466581175221 G=     1.14e-01
 ooCMF Iter:    6 Total= -5356.981390480868 Active= -812.467550054958 G=     1.07e-01
 ooCMF Iter:    7 Total= -5356.982185697126 Active= -812.468345271216 G=     1.24e-01
 ooCMF Iter:    8 Total= -5356.983295025838 Active= -812.469454599928 G=     1.39e-01
 ooCMF Iter:    9 Total= -5356.984665060816 Active= -812.470824634906 G=     1.54e-01
 ooCMF Iter:   10 Total= -5356.986339700000 Active= -812.472499274090 G=     1.53e-01
 ooCMF Iter:   11 Total= -5356.987876029155 Active= -812.474035603245 G=     1.43e-01
 ooCMF Iter:   12 Total= -5356.989061823595 Active= -812.475221397685 G=     1.22e-01
 ooCMF Iter:   13 Total= -5356.989887339847 Active= -812.476046913937 G=     9.65e-02
 ooCMF Iter:   14 Total= -5356.990328999391 Active= -812.476488573481 G=     6.91e-02
 ooCMF Iter:   15 Total= -5356.990577309808 Active= -812.476736883898 G=     5.71e-02
 ooCMF Iter:   16 Total= -5356.990747690929 Active= -812.476907265020 G=     4.08e-02
 ooCMF Iter:   17 Total= -5356.990880632422 Active= -812.477040206512 G=     4.56e-02
 ooCMF Iter:   18 Total= -5356.991016742570 Active= -812.477176316660 G=     4.17e-02
 ooCMF Iter:   19 Total= -5356.991163967054 Active= -812.477323541144 G=     4.85e-02
 ooCMF Iter:   20 Total= -5356.991332692603 Active= -812.477492266694 G=     5.16e-02
 ooCMF Iter:   21 Total= -5356.991525114450 Active= -812.477684688541 G=     5.46e-02
 ooCMF Iter:   22 Total= -5356.991762162806 Active= -812.477921736897 G=     5.69e-02
 ooCMF Iter:   23 Total= -5356.991975154566 Active= -812.478134728656 G=     5.29e-02
 ooCMF Iter:   24 Total= -5356.992160876664 Active= -812.478320450754 G=     4.85e-02
 ooCMF Iter:   25 Total= -5356.992303911030 Active= -812.478463485120 G=     4.63e-02
 ooCMF Iter:   26 Total= -5356.992429666519 Active= -812.478589240609 G=     4.16e-02
 ooCMF Iter:   27 Total= -5356.992525480855 Active= -812.478685054945 G=     3.44e-02
 ooCMF Iter:   28 Total= -5356.992597470115 Active= -812.478757044205 G=     2.53e-02
 ooCMF Iter:   29 Total= -5356.992637567610 Active= -812.478797141701 G=     2.21e-02
 ooCMF Iter:   30 Total= -5356.992669401170 Active= -812.478828975261 G=     2.07e-02
 ooCMF Iter:   31 Total= -5356.992697591430 Active= -812.478857165520 G=     2.04e-02
 * Status: failure (reached maximum number of iterations)

 * Candidate solution
    Final objective value:     -5.356993e+03

 * Found with
    Algorithm:     BFGS

 * Convergence measures
    |x - x'|               = 1.23e-03 ≰ 0.0e+00
    |x - x'|/|x'|          = 5.70e-03 ≰ 0.0e+00
    |f(x) - f(x')|         = 2.82e-05 ≰ 0.0e+00
    |f(x) - f(x')|/|f(x')| = 5.26e-09 ≰ 0.0e+00
    |g(x)|                 = 2.68e-03 ≰ 1.0e-06

 * Work counters
    Seconds run:   11139  (vs limit Inf)
    Iterations:    30
    f(x) calls:    61
    ∇f(x) calls:   61

*ooCMF -5356.99269759
 Solve OO-CMF with DIIS
 ooCMF Iter:    1 Total= -5356.992670496323 G=     5.24e-02 #SS:    1
 ooCMF Iter:    2 Total= -5356.992727898652 G=     1.58e-02 #SS:    2
 ooCMF Iter:    3 Total= -5356.992736975767 G=     1.13e-02 #SS:    3
 ooCMF Iter:    4 Total= -5356.992745890149 G=     9.23e-03 #SS:    4
 ooCMF Iter:    5 Total= -5356.992755845574 G=     8.42e-03 #SS:    5
 ooCMF Iter:    6 Total= -5356.992767031734 G=     7.98e-03 #SS:    6
 ooCMF Iter:    7 Total= -5356.992780692868 G=     7.69e-03 #SS:    7
 ooCMF Iter:    8 Total= -5356.992798485107 G=     7.35e-03 #SS:    8
 ooCMF Iter:    9 Total= -5356.992819246761 G=     7.07e-03 #SS:    9
 ooCMF Iter:   10 Total= -5356.992843437384 G=     6.76e-03 #SS:   10
 ooCMF Iter:   11 Total= -5356.992870278186 G=     6.70e-03 #SS:   11
 ooCMF Iter:   12 Total= -5356.992903580745 G=     6.25e-03 #SS:   12
 ooCMF Iter:   13 Total= -5356.992932613575 G=     5.84e-03 #SS:   13
 ooCMF Iter:   14 Total= -5356.992961005993 G=     5.61e-03 #SS:   14
 ooCMF Iter:   15 Total= -5356.992986693779 G=     5.18e-03 #SS:   15
 ooCMF Iter:   16 Total= -5356.993009976654 G=     5.18e-03 #SS:   16
 ooCMF Iter:   17 Total= -5356.993030174720 G=     4.65e-03 #SS:   17
 ooCMF Iter:   18 Total= -5356.993044582058 G=     4.50e-03 #SS:   18
 ooCMF Iter:   19 Total= -5356.993056008428 G=     4.33e-03 #SS:   19
 ooCMF Iter:   20 Total= -5356.993064159199 G=     4.20e-03 #SS:   20
 ooCMF Iter:   21 Total= -5356.993074296584 G=     4.14e-03 #SS:   21
 ooCMF Iter:   22 Total= -5356.993085286908 G=     4.08e-03 #SS:   22
 ooCMF Iter:   23 Total= -5356.993101714682 G=     4.06e-03 #SS:   23
 ooCMF Iter:   24 Total= -5356.993126138915 G=     4.00e-03 #SS:   24
 ooCMF Iter:   25 Total= -5356.993151913775 G=     3.95e-03 #SS:   24
 ooCMF Iter:   26 Total= -5356.993184811206 G=     3.77e-03 #SS:   24
 ooCMF Iter:   27 Total= -5356.993206295219 G=     3.71e-03 #SS:   24
 ooCMF Iter:   28 Total= -5356.993222307881 G=     3.60e-03 #SS:   24
 ooCMF Iter:   29 Total= -5356.993235307440 G=     3.50e-03 #SS:   24
 ooCMF Iter:   30 Total= -5356.993245830149 G=     3.42e-03 #SS:   24
 ooCMF Iter:   31 Total= -5356.993254688541 G=     3.40e-03 #SS:   24
 ooCMF Iter:   32 Total= -5356.993264038658 G=     3.39e-03 #SS:   24
 ooCMF Iter:   33 Total= -5356.993271595111 G=     3.32e-03 #SS:   24
 ooCMF Iter:   34 Total= -5356.993277086719 G=     3.30e-03 #SS:   24
 ooCMF Iter:   35 Total= -5356.993282755775 G=     3.28e-03 #SS:   24
 ooCMF Iter:   36 Total= -5356.993288903873 G=     3.27e-03 #SS:   24
 ooCMF Iter:   37 Total= -5356.993295759346 G=     3.26e-03 #SS:   24
 ooCMF Iter:   38 Total= -5356.993306705111 G=     3.26e-03 #SS:   24
 ooCMF Iter:   39 Total= -5356.993321704129 G=     3.24e-03 #SS:   24
 ooCMF Iter:   40 Total= -5356.993336064979 G=     3.21e-03 #SS:   24
 ooCMF Iter:   41 Total= -5356.993350659558 G=     3.20e-03 #SS:   24
 ooCMF Iter:   42 Total= -5356.993362730494 G=     3.18e-03 #SS:   24
 ooCMF Iter:   43 Total= -5356.993374293948 G=     3.17e-03 #SS:   24
 ooCMF Iter:   44 Total= -5356.993382627103 G=     3.15e-03 #SS:   24
 ooCMF Iter:   45 Total= -5356.993388497272 G=     3.15e-03 #SS:   24
 ooCMF Iter:   46 Total= -5356.993392893060 G=     3.14e-03 #SS:   24
 ooCMF Iter:   47 Total= -5356.993395110762 G=     3.14e-03 #SS:   24
 ooCMF Iter:   48 Total= -5356.993396105808 G=     3.14e-03 #SS:   24
 ooCMF Iter:   49 Total= -5356.993395830582 G=     3.14e-03 #SS:   24
 ooCMF Iter:   50 Total= -5356.993394652931 G=     3.14e-03 #SS:   24
 ooCMF Iter:   51 Total= -5356.993391846061 G=     3.14e-03 #SS:   24
 ooCMF Iter:   52 Total= -5356.993387648936 G=     3.14e-03 #SS:   24
 ooCMF Iter:   53 Total= -5356.993381900241 G=     3.14e-03 #SS:   24
 ooCMF Iter:   54 Total= -5356.993374862499 G=     3.14e-03 #SS:   24
 ooCMF Iter:   55 Total= -5356.993367980863 G=     3.13e-03 #SS:   24
 ooCMF Iter:   56 Total= -5356.993362010660 G=     3.13e-03 #SS:   24
 ooCMF Iter:   57 Total= -5356.993356776078 G=     3.13e-03 #SS:   24
 ooCMF Iter:   58 Total= -5356.993353093758 G=     3.12e-03 #SS:   24
 ooCMF Iter:   59 Total= -5356.993350073183 G=     3.12e-03 #SS:   24
 ooCMF Iter:   60 Total= -5356.993346884268 G=     3.11e-03 #SS:   24
 ooCMF Iter:   61 Total= -5356.993343563951 G=     3.11e-03 #SS:   24
 ooCMF Iter:   62 Total= -5356.993339821375 G=     3.11e-03 #SS:   24
 ooCMF Iter:   63 Total= -5356.993334914425 G=     3.11e-03 #SS:   24
 ooCMF Iter:   64 Total= -5356.993328941103 G=     3.10e-03 #SS:   24
 ooCMF Iter:   65 Total= -5356.993322497897 G=     3.10e-03 #SS:   24
 ooCMF Iter:   66 Total= -5356.993314560453 G=     3.10e-03 #SS:   24
 ooCMF Iter:   67 Total= -5356.993307005347 G=     3.09e-03 #SS:   24
 ooCMF Iter:   68 Total= -5356.993298365658 G=     3.08e-03 #SS:   24
 ooCMF Iter:   69 Total= -5356.993291287454 G=     3.07e-03 #SS:   24
 ooCMF Iter:   70 Total= -5356.993285470193 G=     3.06e-03 #SS:   24
 ooCMF Iter:   71 Total= -5356.993280110833 G=     3.06e-03 #SS:   24
 ooCMF Iter:   72 Total= -5356.993276179176 G=     3.05e-03 #SS:   24
 ooCMF Iter:   73 Total= -5356.993272642352 G=     3.05e-03 #SS:   24
 ooCMF Iter:   74 Total= -5356.993269280886 G=     3.05e-03 #SS:   24
 ooCMF Iter:   75 Total= -5356.993265298841 G=     3.06e-03 #SS:   24
 ooCMF Iter:   76 Total= -5356.993259530218 G=     3.05e-03 #SS:   24
 ooCMF Iter:   77 Total= -5356.993252986532 G=     3.05e-03 #SS:   24
 ooCMF Iter:   78 Total= -5356.993246200220 G=     3.04e-03 #SS:   24
 ooCMF Iter:   79 Total= -5356.993238826489 G=     3.04e-03 #SS:   24
 ooCMF Iter:   80 Total= -5356.993230556699 G=     3.03e-03 #SS:   24
 ooCMF Iter:   81 Total= -5356.993220238001 G=     3.03e-03 #SS:   24
 ooCMF Iter:   82 Total= -5356.993207787697 G=     3.05e-03 #SS:   24
 ooCMF Iter:   83 Total= -5356.993195164261 G=     3.01e-03 #SS:   24
 ooCMF Iter:   84 Total= -5356.993180594644 G=     3.03e-03 #SS:   24
 ooCMF Iter:   85 Total= -5356.993164993765 G=     2.94e-03 #SS:   24
 ooCMF Iter:   86 Total= -5356.993150836307 G=     2.89e-03 #SS:   24
 ooCMF Iter:   87 Total= -5356.993138467798 G=     2.86e-03 #SS:   24
 ooCMF Iter:   88 Total= -5356.993128043645 G=     2.77e-03 #SS:   24
 ooCMF Iter:   89 Total= -5356.993120254189 G=     2.70e-03 #SS:   24
 ooCMF Iter:   90 Total= -5356.993114854394 G=     2.67e-03 #SS:   24
 ooCMF Iter:   91 Total= -5356.993110767982 G=     2.63e-03 #SS:   24
 ooCMF Iter:   92 Total= -5356.993108283596 G=     2.60e-03 #SS:   24
 ooCMF Iter:   93 Total= -5356.993106262576 G=     2.57e-03 #SS:   24
 ooCMF Iter:   94 Total= -5356.993104994372 G=     2.53e-03 #SS:   24
 ooCMF Iter:   95 Total= -5356.993104443456 G=     2.50e-03 #SS:   24
 ooCMF Iter:   96 Total= -5356.993104509756 G=     2.43e-03 #SS:   24
 ooCMF Iter:   97 Total= -5356.993105417493 G=     2.39e-03 #SS:   24
 ooCMF Iter:   98 Total= -5356.993106869885 G=     2.36e-03 #SS:   24
 ooCMF Iter:   99 Total= -5356.993108184245 G=     2.35e-03 #SS:   24
 ooCMF Iter:  100 Total= -5356.993110396305 G=     2.34e-03 #SS:   24
 ooCMF Iter:  101 Total= -5356.993112403030 G=     2.29e-03 #SS:   24
 ooCMF Iter:  102 Total= -5356.993114724585 G=     2.28e-03 #SS:   24
 ooCMF Iter:  103 Total= -5356.993116628908 G=     2.25e-03 #SS:   24
 ooCMF Iter:  104 Total= -5356.993118613712 G=     2.23e-03 #SS:   24
 ooCMF Iter:  105 Total= -5356.993120893951 G=     2.22e-03 #SS:   24
 ooCMF Iter:  106 Total= -5356.993124133894 G=     2.22e-03 #SS:   24
 ooCMF Iter:  107 Total= -5356.993128313120 G=     2.22e-03 #SS:   24
 ooCMF Iter:  108 Total= -5356.993133057419 G=     2.21e-03 #SS:   24
 ooCMF Iter:  109 Total= -5356.993139659624 G=     2.22e-03 #SS:   24
 ooCMF Iter:  110 Total= -5356.993147108439 G=     2.17e-03 #SS:   24
 ooCMF Iter:  111 Total= -5356.993154935766 G=     2.14e-03 #SS:   24
 ooCMF Iter:  112 Total= -5356.993163029936 G=     2.11e-03 #SS:   24
 ooCMF Iter:  113 Total= -5356.993170852705 G=     2.06e-03 #SS:   24
 ooCMF Iter:  114 Total= -5356.993177690451 G=     2.02e-03 #SS:   24
 ooCMF Iter:  115 Total= -5356.993183838109 G=     2.00e-03 #SS:   24
 ooCMF Iter:  116 Total= -5356.993189286925 G=     1.98e-03 #SS:   24
 ooCMF Iter:  117 Total= -5356.993193641736 G=     1.96e-03 #SS:   24
 ooCMF Iter:  118 Total= -5356.993197997800 G=     1.94e-03 #SS:   24
 ooCMF Iter:  119 Total= -5356.993201485462 G=     1.93e-03 #SS:   24
 ooCMF Iter:  120 Total= -5356.993204576168 G=     1.92e-03 #SS:   24
 ooCMF Iter:  121 Total= -5356.993207540693 G=     1.90e-03 #SS:   24
 ooCMF Iter:  122 Total= -5356.993210230274 G=     1.90e-03 #SS:   24
 ooCMF Iter:  123 Total= -5356.993213121190 G=     1.89e-03 #SS:   24
 ooCMF Iter:  124 Total= -5356.993216690656 G=     1.89e-03 #SS:   24
 ooCMF Iter:  125 Total= -5356.993220888642 G=     1.90e-03 #SS:   24
 ooCMF Iter:  126 Total= -5356.993225663017 G=     1.88e-03 #SS:   24
 ooCMF Iter:  127 Total= -5356.993230948786 G=     1.88e-03 #SS:   24
 ooCMF Iter:  128 Total= -5356.993235320007 G=     1.87e-03 #SS:   24
 ooCMF Iter:  129 Total= -5356.993239651768 G=     1.86e-03 #SS:   24
 ooCMF Iter:  130 Total= -5356.993243769252 G=     1.85e-03 #SS:   24
 ooCMF Iter:  131 Total= -5356.993248481165 G=     1.85e-03 #SS:   24
 ooCMF Iter:  132 Total= -5356.993253307075 G=     1.85e-03 #SS:   24
 ooCMF Iter:  133 Total= -5356.993257828874 G=     1.85e-03 #SS:   24
 ooCMF Iter:  134 Total= -5356.993262960602 G=     1.84e-03 #SS:   24
 ooCMF Iter:  135 Total= -5356.993267700152 G=     1.83e-03 #SS:   24
 ooCMF Iter:  136 Total= -5356.993271971796 G=     1.82e-03 #SS:   24
 ooCMF Iter:  137 Total= -5356.993275675539 G=     1.82e-03 #SS:   24
 ooCMF Iter:  138 Total= -5356.993278976856 G=     1.81e-03 #SS:   24
 ooCMF Iter:  139 Total= -5356.993282037318 G=     1.81e-03 #SS:   24
 ooCMF Iter:  140 Total= -5356.993285267761 G=     1.81e-03 #SS:   24
 ooCMF Iter:  141 Total= -5356.993288681821 G=     1.81e-03 #SS:   24
 ooCMF Iter:  142 Total= -5356.993291899964 G=     1.81e-03 #SS:   24
 ooCMF Iter:  143 Total= -5356.993295341932 G=     1.80e-03 #SS:   24
 ooCMF Iter:  144 Total= -5356.993298165566 G=     1.80e-03 #SS:   24
 ooCMF Iter:  145 Total= -5356.993300521810 G=     1.80e-03 #SS:   24
 ooCMF Iter:  146 Total= -5356.993302341796 G=     1.79e-03 #SS:   24
 ooCMF Iter:  147 Total= -5356.993303248310 G=     1.79e-03 #SS:   24
 ooCMF Iter:  148 Total= -5356.993303621974 G=     1.79e-03 #SS:   24
 ooCMF Iter:  149 Total= -5356.993303719766 G=     1.79e-03 #SS:   24
 ooCMF Iter:  150 Total= -5356.993303698465 G=     1.79e-03 #SS:   24
 ooCMF Iter:  151 Total= -5356.993303335447 G=     1.79e-03 #SS:   24
 ooCMF Iter:  152 Total= -5356.993302453422 G=     1.79e-03 #SS:   24
 ooCMF Iter:  153 Total= -5356.993301991522 G=     1.79e-03 #SS:   24
 ooCMF Iter:  154 Total= -5356.993301721626 G=     1.79e-03 #SS:   24
 ooCMF Iter:  155 Total= -5356.993301440851 G=     1.79e-03 #SS:   24
 ooCMF Iter:  156 Total= -5356.993300950372 G=     1.79e-03 #SS:   24
 ooCMF Iter:  157 Total= -5356.993300395779 G=     1.79e-03 #SS:   24
 ooCMF Iter:  158 Total= -5356.993299914345 G=     1.79e-03 #SS:   24
 ooCMF Iter:  159 Total= -5356.993299432640 G=     1.79e-03 #SS:   24
 ooCMF Iter:  160 Total= -5356.993298887041 G=     1.79e-03 #SS:   24
 ooCMF Iter:  161 Total= -5356.993298280006 G=     1.79e-03 #SS:   24
 ooCMF Iter:  162 Total= -5356.993297568151 G=     1.79e-03 #SS:   24
 ooCMF Iter:  163 Total= -5356.993296662373 G=     1.79e-03 #SS:   24
 ooCMF Iter:  164 Total= -5356.993295579465 G=     1.79e-03 #SS:   24
 ooCMF Iter:  165 Total= -5356.993294271180 G=     1.79e-03 #SS:   24
 ooCMF Iter:  166 Total= -5356.993293056080 G=     1.79e-03 #SS:   24
 ooCMF Iter:  167 Total= -5356.993292135215 G=     1.79e-03 #SS:   24
 ooCMF Iter:  168 Total= -5356.993291329878 G=     1.79e-03 #SS:   24
 ooCMF Iter:  169 Total= -5356.993290844202 G=     1.79e-03 #SS:   24
 ooCMF Iter:  170 Total= -5356.993290532273 G=     1.79e-03 #SS:   24
 ooCMF Iter:  171 Total= -5356.993290337497 G=     1.79e-03 #SS:   24
 ooCMF Iter:  172 Total= -5356.993290229724 G=     1.79e-03 #SS:   24
 ooCMF Iter:  173 Total= -5356.993289996421 G=     1.79e-03 #SS:   24
 ooCMF Iter:  174 Total= -5356.993290443539 G=     1.79e-03 #SS:   24
 ooCMF Iter:  175 Total= -5356.993290482964 G=     1.79e-03 #SS:   24
 ooCMF Iter:  176 Total= -5356.993291106961 G=     1.79e-03 #SS:   24
 ooCMF Iter:  177 Total= -5356.993292314392 G=     1.79e-03 #SS:   24
 ooCMF Iter:  178 Total= -5356.993293678011 G=     1.79e-03 #SS:   24
 ooCMF Iter:  179 Total= -5356.993295244384 G=     1.79e-03 #SS:   24
 ooCMF Iter:  180 Total= -5356.993296689275 G=     1.79e-03 #SS:   24
 ooCMF Iter:  181 Total= -5356.993297939787 G=     1.79e-03 #SS:   24
 ooCMF Iter:  182 Total= -5356.993298820845 G=     1.79e-03 #SS:   24
 ooCMF Iter:  183 Total= -5356.993299423089 G=     1.79e-03 #SS:   24
 ooCMF Iter:  184 Total= -5356.993299719777 G=     1.79e-03 #SS:   24
 ooCMF Iter:  185 Total= -5356.993299844791 G=     1.79e-03 #SS:   24
 ooCMF Iter:  186 Total= -5356.993299978799 G=     1.79e-03 #SS:   24
 ooCMF Iter:  187 Total= -5356.993300210241 G=     1.79e-03 #SS:   24
 ooCMF Iter:  188 Total= -5356.993300510880 G=     1.79e-03 #SS:   24
 ooCMF Iter:  189 Total= -5356.993300586147 G=     1.79e-03 #SS:   24
 ooCMF Iter:  190 Total= -5356.993300537632 G=     1.79e-03 #SS:   24
 ooCMF Iter:  191 Total= -5356.993300508982 G=     1.79e-03 #SS:   24
 ooCMF Iter:  192 Total= -5356.993300459565 G=     1.79e-03 #SS:   24
 ooCMF Iter:  193 Total= -5356.993300411641 G=     1.79e-03 #SS:   24
 ooCMF Iter:  194 Total= -5356.993300421957 G=     1.79e-03 #SS:   24
 ooCMF Iter:  195 Total= -5356.993300426118 G=     1.79e-03 #SS:   24
 ooCMF Iter:  196 Total= -5356.993300304742 G=     1.79e-03 #SS:   24
 ooCMF Iter:  197 Total= -5356.993300123439 G=     1.79e-03 #SS:   24
 ooCMF Iter:  198 Total= -5356.993299764690 G=     1.79e-03 #SS:   24
 ooCMF Iter:  199 Total= -5356.993299541461 G=     1.79e-03 #SS:   24
 ooCMF Iter:  200 Total= -5356.993299803213 G=     1.79e-03 #SS:   24
 ooCMF Iter:  201 Total= -5356.993300060878 G=     1.79e-03 #SS:   24
 ooCMF Iter:  202 Total= -5356.993300190513 G=     1.79e-03 #SS:   24
 ooCMF Iter:  203 Total= -5356.993300461680 G=     1.79e-03 #SS:   24
 ooCMF Iter:  204 Total= -5356.993300943305 G=     1.79e-03 #SS:   24
 ooCMF Iter:  205 Total= -5356.993301383422 G=     1.79e-03 #SS:   24
 ooCMF Iter:  206 Total= -5356.993301656648 G=     1.79e-03 #SS:   24
 ooCMF Iter:  207 Total= -5356.993302066304 G=     1.79e-03 #SS:   24
 ooCMF Iter:  208 Total= -5356.993302808094 G=     1.79e-03 #SS:   24
 ooCMF Iter:  209 Total= -5356.993303677019 G=     1.79e-03 #SS:   24
 ooCMF Iter:  210 Total= -5356.993304510732 G=     1.78e-03 #SS:   24
 ooCMF Iter:  211 Total= -5356.993305503006 G=     1.78e-03 #SS:   24
 ooCMF Iter:  212 Total= -5356.993306479596 G=     1.78e-03 #SS:   24
 ooCMF Iter:  213 Total= -5356.993307997612 G=     1.78e-03 #SS:   24
 ooCMF Iter:  214 Total= -5356.993308503284 G=     1.78e-03 #SS:   24
 ooCMF Iter:  215 Total= -5356.993308195794 G=     1.78e-03 #SS:   24
 ooCMF Iter:  216 Total= -5356.993308186982 G=     1.78e-03 #SS:   24
 ooCMF Iter:  217 Total= -5356.993308198735 G=     1.78e-03 #SS:   24
 ooCMF Iter:  218 Total= -5356.993308025406 G=     1.78e-03 #SS:   24
 ooCMF Iter:  219 Total= -5356.993307721216 G=     1.78e-03 #SS:   24
 ooCMF Iter:  220 Total= -5356.993308173046 G=     1.78e-03 #SS:   24
 ooCMF Iter:  221 Total= -5356.993308263593 G=     1.78e-03 #SS:   24
 ooCMF Iter:  222 Total= -5356.993308458929 G=     1.78e-03 #SS:   24
 ooCMF Iter:  223 Total= -5356.993308778194 G=     1.78e-03 #SS:   24
 ooCMF Iter:  224 Total= -5356.993309252304 G=     1.78e-03 #SS:   24
 ooCMF Iter:  225 Total= -5356.993309370870 G=     1.78e-03 #SS:   24
 ooCMF Iter:  226 Total= -5356.993309307131 G=     1.78e-03 #SS:   24
 ooCMF Iter:  227 Total= -5356.993309537869 G=     1.78e-03 #SS:   24
 ooCMF Iter:  228 Total= -5356.993309585824 G=     1.78e-03 #SS:   24
 ooCMF Iter:  229 Total= -5356.993309626638 G=     1.78e-03 #SS:   24
 ooCMF Iter:  230 Total= -5356.993309328403 G=     1.78e-03 #SS:   24
 ooCMF Iter:  231 Total= -5356.993309611164 G=     1.78e-03 #SS:   24
 ooCMF Iter:  232 Total= -5356.993310333457 G=     1.78e-03 #SS:   24
 ooCMF Iter:  233 Total= -5356.993310837662 G=     1.78e-03 #SS:   24
 ooCMF Iter:  234 Total= -5356.993310662373 G=     1.78e-03 #SS:   24
 ooCMF Iter:  235 Total= -5356.993309441484 G=     1.78e-03 #SS:   24
 ooCMF Iter:  236 Total= -5356.993307749462 G=     1.78e-03 #SS:   24
 ooCMF Iter:  237 Total= -5356.993303669198 G=     1.79e-03 #SS:   24
 ooCMF Iter:  238 Total= -5356.993293925168 G=     1.78e-03 #SS:   24
 ooCMF Iter:  239 Total= -5356.993285032062 G=     1.76e-03 #SS:   24
 ooCMF Iter:  240 Total= -5356.993282790616 G=     1.77e-03 #SS:   24
 ooCMF Iter:  241 Total= -5356.993279939270 G=     1.77e-03 #SS:   24
 ooCMF Iter:  242 Total= -5356.993280776962 G=     1.77e-03 #SS:   24
 ooCMF Iter:  243 Total= -5356.993286719644 G=     1.77e-03 #SS:   24
 ooCMF Iter:  244 Total= -5356.993294765869 G=     1.75e-03 #SS:   24
 ooCMF Iter:  245 Total= -5356.993299735757 G=     1.72e-03 #SS:   24
 ooCMF Iter:  246 Total= -5356.993306585051 G=     1.70e-03 #SS:   24
 ooCMF Iter:  247 Total= -5356.993311637144 G=     1.70e-03 #SS:   24
 ooCMF Iter:  248 Total= -5356.993324327779 G=     1.73e-03 #SS:   24
 ooCMF Iter:  249 Total= -5356.993335221719 G=     1.66e-03 #SS:   24
 ooCMF Iter:  250 Total= -5356.993341660936 G=     1.61e-03 #SS:   24
 ooCMF Iter:  251 Total= -5356.993355668613 G=     1.67e-03 #SS:   24
 ooCMF Iter:  252 Total= -5356.993369334965 G=     1.52e-03 #SS:   24
 ooCMF Iter:  253 Total= -5356.993375101442 G=     1.55e-03 #SS:   24
 ooCMF Iter:  254 Total= -5356.993377650204 G=     1.54e-03 #SS:   24
 ooCMF Iter:  255 Total= -5356.993381367532 G=     1.44e-03 #SS:   24
 ooCMF Iter:  256 Total= -5356.993383464450 G=     1.43e-03 #SS:   24
 ooCMF Iter:  257 Total= -5356.993385827374 G=     1.42e-03 #SS:   24
 ooCMF Iter:  258 Total= -5356.993387307998 G=     1.42e-03 #SS:   24
 ooCMF Iter:  259 Total= -5356.993388088874 G=     1.39e-03 #SS:   24
 ooCMF Iter:  260 Total= -5356.993387211547 G=     1.39e-03 #SS:   24
 ooCMF Iter:  261 Total= -5356.993386709471 G=     1.36e-03 #SS:   24
 ooCMF Iter:  262 Total= -5356.993384045957 G=     1.40e-03 #SS:   24
 ooCMF Iter:  263 Total= -5356.993381921166 G=     1.31e-03 #SS:   24
 ooCMF Iter:  264 Total= -5356.993380516160 G=     1.23e-03 #SS:   24
 ooCMF Iter:  265 Total= -5356.993380406962 G=     1.27e-03 #SS:   24
 ooCMF Iter:  266 Total= -5356.993380498521 G=     1.30e-03 #SS:   24
 ooCMF Iter:  267 Total= -5356.993381670548 G=     1.23e-03 #SS:   24
 ooCMF Iter:  268 Total= -5356.993383257270 G=     1.18e-03 #SS:   24
 ooCMF Iter:  269 Total= -5356.993385156767 G=     1.10e-03 #SS:   24
 ooCMF Iter:  270 Total= -5356.993386684958 G=     1.09e-03 #SS:   24
 ooCMF Iter:  271 Total= -5356.993388967709 G=     1.06e-03 #SS:   24
 ooCMF Iter:  272 Total= -5356.993390806721 G=     1.07e-03 #SS:   24
 ooCMF Iter:  273 Total= -5356.993393800882 G=     1.05e-03 #SS:   24
 ooCMF Iter:  274 Total= -5356.993396052962 G=     9.98e-04 #SS:   24
 ooCMF Iter:  275 Total= -5356.993397662069 G=     9.88e-04 #SS:   24
 ooCMF Iter:  276 Total= -5356.993399881718 G=     9.86e-04 #SS:   24
 ooCMF Iter:  277 Total= -5356.993402281205 G=     9.68e-04 #SS:   24
 ooCMF Iter:  278 Total= -5356.993404687836 G=     9.58e-04 #SS:   24
 ooCMF Iter:  279 Total= -5356.993406121665 G=     9.83e-04 #SS:   24
 ooCMF Iter:  280 Total= -5356.993407567961 G=     9.56e-04 #SS:   24
 ooCMF Iter:  281 Total= -5356.993408831200 G=     9.47e-04 #SS:   24
 ooCMF Iter:  282 Total= -5356.993410501974 G=     9.24e-04 #SS:   24
 ooCMF Iter:  283 Total= -5356.993411947478 G=     9.16e-04 #SS:   24
 ooCMF Iter:  284 Total= -5356.993413011801 G=     8.99e-04 #SS:   24
 ooCMF Iter:  285 Total= -5356.993413757046 G=     8.95e-04 #SS:   24
 ooCMF Iter:  286 Total= -5356.993414425018 G=     8.88e-04 #SS:   24
 ooCMF Iter:  287 Total= -5356.993414741848 G=     8.91e-04 #SS:   24
 ooCMF Iter:  288 Total= -5356.993415243005 G=     8.80e-04 #SS:   24
 ooCMF Iter:  289 Total= -5356.993415584455 G=     8.72e-04 #SS:   24
 ooCMF Iter:  290 Total= -5356.993415890562 G=     8.76e-04 #SS:   24
 ooCMF Iter:  291 Total= -5356.993416243066 G=     8.82e-04 #SS:   24
 ooCMF Iter:  292 Total= -5356.993416617028 G=     8.71e-04 #SS:   24
 ooCMF Iter:  293 Total= -5356.993416976096 G=     8.70e-04 #SS:   24
 ooCMF Iter:  294 Total= -5356.993417332865 G=     8.59e-04 #SS:   24
 ooCMF Iter:  295 Total= -5356.993417617969 G=     8.57e-04 #SS:   24
 ooCMF Iter:  296 Total= -5356.993417868980 G=     8.54e-04 #SS:   24
 ooCMF Iter:  297 Total= -5356.993417988654 G=     8.53e-04 #SS:   24
 ooCMF Iter:  298 Total= -5356.993418214191 G=     8.53e-04 #SS:   24
 ooCMF Iter:  299 Total= -5356.993418350369 G=     8.52e-04 #SS:   24
 ooCMF Iter:  300 Total= -5356.993418374614 G=     8.51e-04 #SS:   24
 ooCMF Iter:  301 Total= -5356.993418275022 G=     8.52e-04 #SS:   24
 ooCMF Iter:  302 Total= -5356.993418113688 G=     8.52e-04 #SS:   24
 ooCMF Iter:  303 Total= -5356.993417831485 G=     8.51e-04 #SS:   24
 ooCMF Iter:  304 Total= -5356.993417441638 G=     8.54e-04 #SS:   24
 ooCMF Iter:  305 Total= -5356.993417108387 G=     8.56e-04 #SS:   24
 ooCMF Iter:  306 Total= -5356.993416747181 G=     8.52e-04 #SS:   24
 ooCMF Iter:  307 Total= -5356.993416297031 G=     8.50e-04 #SS:   24
 ooCMF Iter:  308 Total= -5356.993415816600 G=     8.49e-04 #SS:   24
 ooCMF Iter:  309 Total= -5356.993415481378 G=     8.49e-04 #SS:   24
 ooCMF Iter:  310 Total= -5356.993415240156 G=     8.48e-04 #SS:   24
 ooCMF Iter:  311 Total= -5356.993414935399 G=     8.48e-04 #SS:   24
 ooCMF Iter:  312 Total= -5356.993414709847 G=     8.48e-04 #SS:   24
 ooCMF Iter:  313 Total= -5356.993414417614 G=     8.48e-04 #SS:   24
 ooCMF Iter:  314 Total= -5356.993414101574 G=     8.45e-04 #SS:   24
 ooCMF Iter:  315 Total= -5356.993413708086 G=     8.49e-04 #SS:   24
 ooCMF Iter:  316 Total= -5356.993413158663 G=     8.57e-04 #SS:   24
 ooCMF Iter:  317 Total= -5356.993412629967 G=     8.48e-04 #SS:   24
 ooCMF Iter:  318 Total= -5356.993412109675 G=     8.45e-04 #SS:   24
 ooCMF Iter:  319 Total= -5356.993411612225 G=     8.38e-04 #SS:   24
 ooCMF Iter:  320 Total= -5356.993411204166 G=     8.37e-04 #SS:   24
 ooCMF Iter:  321 Total= -5356.993410582991 G=     8.36e-04 #SS:   24
 ooCMF Iter:  322 Total= -5356.993410111285 G=     8.36e-04 #SS:   24
 ooCMF Iter:  323 Total= -5356.993409331042 G=     8.32e-04 #SS:   24
 ooCMF Iter:  324 Total= -5356.993408589535 G=     8.28e-04 #SS:   24
 ooCMF Iter:  325 Total= -5356.993408075797 G=     8.24e-04 #SS:   24
 ooCMF Iter:  326 Total= -5356.993407084559 G=     8.24e-04 #SS:   24
 ooCMF Iter:  327 Total= -5356.993405839483 G=     8.22e-04 #SS:   24
 ooCMF Iter:  328 Total= -5356.993404678986 G=     8.07e-04 #SS:   24
 ooCMF Iter:  329 Total= -5356.993403630164 G=     8.14e-04 #SS:   24
 ooCMF Iter:  330 Total= -5356.993402851842 G=     8.35e-04 #SS:   24
 ooCMF Iter:  331 Total= -5356.993401813514 G=     8.17e-04 #SS:   24
 ooCMF Iter:  332 Total= -5356.993400445223 G=     7.96e-04 #SS:   24
 ooCMF Iter:  333 Total= -5356.993399354520 G=     7.64e-04 #SS:   24
 ooCMF Iter:  334 Total= -5356.993398638988 G=     7.55e-04 #SS:   24
 ooCMF Iter:  335 Total= -5356.993398007061 G=     7.48e-04 #SS:   24
 ooCMF Iter:  336 Total= -5356.993397480448 G=     7.41e-04 #SS:   24
 ooCMF Iter:  337 Total= -5356.993397166348 G=     7.39e-04 #SS:   24
 ooCMF Iter:  338 Total= -5356.993396904826 G=     7.33e-04 #SS:   24
 ooCMF Iter:  339 Total= -5356.993396670387 G=     7.23e-04 #SS:   24
 ooCMF Iter:  340 Total= -5356.993396510648 G=     7.31e-04 #SS:   24
 ooCMF Iter:  341 Total= -5356.993396368804 G=     7.48e-04 #SS:   24
 ooCMF Iter:  342 Total= -5356.993396269801 G=     7.26e-04 #SS:   24
 ooCMF Iter:  343 Total= -5356.993396247281 G=     7.16e-04 #SS:   24
 ooCMF Iter:  344 Total= -5356.993396294590 G=     7.00e-04 #SS:   24
 ooCMF Iter:  345 Total= -5356.993396409659 G=     6.98e-04 #SS:   24
 ooCMF Iter:  346 Total= -5356.993396576648 G=     6.92e-04 #SS:   24
 ooCMF Iter:  347 Total= -5356.993396765260 G=     6.92e-04 #SS:   24
 ooCMF Iter:  348 Total= -5356.993397044155 G=     6.81e-04 #SS:   24
 ooCMF Iter:  349 Total= -5356.993397260677 G=     6.74e-04 #SS:   24
 ooCMF Iter:  350 Total= -5356.993397421848 G=     6.72e-04 #SS:   24
 ooCMF Iter:  351 Total= -5356.993397635626 G=     6.69e-04 #SS:   24
 ooCMF Iter:  352 Total= -5356.993397861750 G=     6.67e-04 #SS:   24
 ooCMF Iter:  353 Total= -5356.993398182969 G=     6.65e-04 #SS:   24
 ooCMF Iter:  354 Total= -5356.993398440150 G=     6.64e-04 #SS:   24
 ooCMF Iter:  355 Total= -5356.993398648346 G=     6.67e-04 #SS:   24
 ooCMF Iter:  356 Total= -5356.993398849131 G=     6.63e-04 #SS:   24
 ooCMF Iter:  357 Total= -5356.993399200766 G=     6.60e-04 #SS:   24
 ooCMF Iter:  358 Total= -5356.993399529252 G=     6.56e-04 #SS:   24
 ooCMF Iter:  359 Total= -5356.993399783448 G=     6.55e-04 #SS:   24
 ooCMF Iter:  360 Total= -5356.993400010375 G=     6.53e-04 #SS:   24
 ooCMF Iter:  361 Total= -5356.993400194957 G=     6.53e-04 #SS:   24
 ooCMF Iter:  362 Total= -5356.993400309251 G=     6.52e-04 #SS:   24
 ooCMF Iter:  363 Total= -5356.993400408344 G=     6.52e-04 #SS:   24
 ooCMF Iter:  364 Total= -5356.993400475843 G=     6.52e-04 #SS:   24
 ooCMF Iter:  365 Total= -5356.993400493378 G=     6.52e-04 #SS:   24
 ooCMF Iter:  366 Total= -5356.993400462810 G=     6.52e-04 #SS:   24
 ooCMF Iter:  367 Total= -5356.993400414427 G=     6.52e-04 #SS:   24
 ooCMF Iter:  368 Total= -5356.993400328392 G=     6.52e-04 #SS:   24
 ooCMF Iter:  369 Total= -5356.993400182132 G=     6.52e-04 #SS:   24
 ooCMF Iter:  370 Total= -5356.993399981193 G=     6.52e-04 #SS:   24
 ooCMF Iter:  371 Total= -5356.993399794478 G=     6.52e-04 #SS:   24
 ooCMF Iter:  372 Total= -5356.993399653841 G=     6.51e-04 #SS:   24
 ooCMF Iter:  373 Total= -5356.993399518719 G=     6.51e-04 #SS:   24
 ooCMF Iter:  374 Total= -5356.993399416246 G=     6.51e-04 #SS:   24
 ooCMF Iter:  375 Total= -5356.993399333629 G=     6.51e-04 #SS:   24
 ooCMF Iter:  376 Total= -5356.993399234465 G=     6.51e-04 #SS:   24
 ooCMF Iter:  377 Total= -5356.993399171450 G=     6.50e-04 #SS:   24
 ooCMF Iter:  378 Total= -5356.993399133828 G=     6.50e-04 #SS:   24
 ooCMF Iter:  379 Total= -5356.993399113398 G=     6.50e-04 #SS:   24
 ooCMF Iter:  380 Total= -5356.993399098221 G=     6.50e-04 #SS:   24
 ooCMF Iter:  381 Total= -5356.993399081246 G=     6.50e-04 #SS:   24
 ooCMF Iter:  382 Total= -5356.993399098204 G=     6.50e-04 #SS:   24
 ooCMF Iter:  383 Total= -5356.993399091407 G=     6.50e-04 #SS:   24
 ooCMF Iter:  384 Total= -5356.993399080090 G=     6.50e-04 #SS:   24
 ooCMF Iter:  385 Total= -5356.993399090507 G=     6.50e-04 #SS:   24
 ooCMF Iter:  386 Total= -5356.993399095460 G=     6.50e-04 #SS:   24
 ooCMF Iter:  387 Total= -5356.993399096101 G=     6.50e-04 #SS:   24
 ooCMF Iter:  388 Total= -5356.993399090960 G=     6.50e-04 #SS:   24
 ooCMF Iter:  389 Total= -5356.993399103714 G=     6.50e-04 #SS:   24
 ooCMF Iter:  390 Total= -5356.993399100384 G=     6.50e-04 #SS:   24
 ooCMF Iter:  391 Total= -5356.993399149083 G=     6.50e-04 #SS:   24
 ooCMF Iter:  392 Total= -5356.993399153953 G=     6.50e-04 #SS:   24
 ooCMF Iter:  393 Total= -5356.993399130293 G=     6.50e-04 #SS:   24
 ooCMF Iter:  394 Total= -5356.993398915327 G=     6.50e-04 #SS:   24
 ooCMF Iter:  395 Total= -5356.993398772733 G=     6.50e-04 #SS:   24
 ooCMF Iter:  396 Total= -5356.993398653891 G=     6.51e-04 #SS:   24
 ooCMF Iter:  397 Total= -5356.993398366376 G=     6.53e-04 #SS:   24
 ooCMF Iter:  398 Total= -5356.993397906968 G=     6.50e-04 #SS:   24
 ooCMF Iter:  399 Total= -5356.993397686259 G=     6.49e-04 #SS:   24
 ooCMF Iter:  400 Total= -5356.993397595233 G=     6.48e-04 #SS:   24
 ooCMF Iter:  401 Total= -5356.993397470157 G=     6.50e-04 #SS:   24
 ooCMF Iter:  402 Total= -5356.993397327219 G=     6.52e-04 #SS:   24
 ooCMF Iter:  403 Total= -5356.993397173234 G=     6.45e-04 #SS:   24
 ooCMF Iter:  404 Total= -5356.993397121470 G=     6.45e-04 #SS:   24
 ooCMF Iter:  405 Total= -5356.993397094149 G=     6.51e-04 #SS:   24
 ooCMF Iter:  406 Total= -5356.993397080452 G=     6.58e-04 #SS:   24
 ooCMF Iter:  407 Total= -5356.993397112860 G=     6.47e-04 #SS:   24
 ooCMF Iter:  408 Total= -5356.993396892660 G=     6.53e-04 #SS:   24
 ooCMF Iter:  409 Total= -5356.993397058179 G=     6.49e-04 #SS:   24
 ooCMF Iter:  410 Total= -5356.993397019215 G=     6.33e-04 #SS:   24
 ooCMF Iter:  411 Total= -5356.993397426307 G=     6.56e-04 #SS:   24
 ooCMF Iter:  412 Total= -5356.993397719061 G=     6.13e-04 #SS:   24
 ooCMF Iter:  413 Total= -5356.993397616488 G=     6.19e-04 #SS:   24
 ooCMF Iter:  414 Total= -5356.993397921628 G=     5.98e-04 #SS:   24
 ooCMF Iter:  415 Total= -5356.993397389487 G=     5.97e-04 #SS:   24
 ooCMF Iter:  416 Total= -5356.993397936196 G=     6.01e-04 #SS:   24
 ooCMF Iter:  417 Total= -5356.993397710730 G=     5.87e-04 #SS:   24
 ooCMF Iter:  418 Total= -5356.993397362690 G=     5.77e-04 #SS:   24
 ooCMF Iter:  419 Total= -5356.993397592906 G=     5.80e-04 #SS:   24
 ooCMF Iter:  420 Total= -5356.993397553182 G=     5.90e-04 #SS:   24
 ooCMF Iter:  421 Total= -5356.993397353081 G=     6.14e-04 #SS:   24
 ooCMF Iter:  422 Total= -5356.993397409367 G=     5.32e-04 #SS:   24
 ooCMF Iter:  423 Total= -5356.993397529664 G=     5.22e-04 #SS:   24
 ooCMF Iter:  424 Total= -5356.993397557974 G=     5.10e-04 #SS:   24
 ooCMF Iter:  425 Total= -5356.993397613624 G=     5.25e-04 #SS:   24
 ooCMF Iter:  426 Total= -5356.993397806959 G=     5.40e-04 #SS:   24
 ooCMF Iter:  427 Total= -5356.993398064840 G=     5.15e-04 #SS:   24
 ooCMF Iter:  428 Total= -5356.993398227874 G=     4.72e-04 #SS:   24
 ooCMF Iter:  429 Total= -5356.993398364338 G=     4.66e-04 #SS:   24
 ooCMF Iter:  430 Total= -5356.993398502425 G=     4.65e-04 #SS:   24
 ooCMF Iter:  431 Total= -5356.993398640286 G=     4.73e-04 #SS:   24
 ooCMF Iter:  432 Total= -5356.993398729502 G=     4.56e-04 #SS:   24
 ooCMF Iter:  433 Total= -5356.993398883865 G=     4.52e-04 #SS:   24
 ooCMF Iter:  434 Total= -5356.993399022848 G=     4.46e-04 #SS:   24
 ooCMF Iter:  435 Total= -5356.993399319999 G=     4.43e-04 #SS:   24
 ooCMF Iter:  436 Total= -5356.993399766146 G=     4.46e-04 #SS:   24
 ooCMF Iter:  437 Total= -5356.993400152707 G=     4.32e-04 #SS:   24
 ooCMF Iter:  438 Total= -5356.993400355703 G=     4.27e-04 #SS:   24
 ooCMF Iter:  439 Total= -5356.993400491363 G=     4.23e-04 #SS:   24
 ooCMF Iter:  440 Total= -5356.993400538669 G=     4.23e-04 #SS:   24
 ooCMF Iter:  441 Total= -5356.993400683446 G=     4.21e-04 #SS:   24
 ooCMF Iter:  442 Total= -5356.993400812351 G=     4.20e-04 #SS:   24
 ooCMF Iter:  443 Total= -5356.993400849988 G=     4.19e-04 #SS:   24
 ooCMF Iter:  444 Total= -5356.993400919167 G=     4.17e-04 #SS:   24
 ooCMF Iter:  445 Total= -5356.993401010130 G=     4.16e-04 #SS:   24
 ooCMF Iter:  446 Total= -5356.993401075507 G=     4.15e-04 #SS:   24
 ooCMF Iter:  447 Total= -5356.993401133695 G=     4.13e-04 #SS:   24
 ooCMF Iter:  448 Total= -5356.993401197168 G=     4.13e-04 #SS:   24
 ooCMF Iter:  449 Total= -5356.993401266606 G=     4.12e-04 #SS:   24
 ooCMF Iter:  450 Total= -5356.993401348673 G=     4.13e-04 #SS:   24
 ooCMF Iter:  451 Total= -5356.993401489873 G=     4.14e-04 #SS:   24
 ooCMF Iter:  452 Total= -5356.993401667889 G=     4.11e-04 #SS:   24
 ooCMF Iter:  453 Total= -5356.993401777291 G=     4.08e-04 #SS:   24
 ooCMF Iter:  454 Total= -5356.993401863529 G=     4.07e-04 #SS:   24
 ooCMF Iter:  455 Total= -5356.993401950211 G=     4.08e-04 #SS:   24
 ooCMF Iter:  456 Total= -5356.993402028842 G=     4.08e-04 #SS:   24
 ooCMF Iter:  457 Total= -5356.993402064023 G=     4.06e-04 #SS:   24
 ooCMF Iter:  458 Total= -5356.993402118351 G=     4.05e-04 #SS:   24
 ooCMF Iter:  459 Total= -5356.993402144590 G=     4.05e-04 #SS:   24
 ooCMF Iter:  460 Total= -5356.993402162302 G=     4.05e-04 #SS:   24
 ooCMF Iter:  461 Total= -5356.993402160941 G=     4.05e-04 #SS:   24
 ooCMF Iter:  462 Total= -5356.993402159485 G=     4.05e-04 #SS:   24
 ooCMF Iter:  463 Total= -5356.993402165722 G=     4.05e-04 #SS:   24
 ooCMF Iter:  464 Total= -5356.993402174350 G=     4.05e-04 #SS:   24
 ooCMF Iter:  465 Total= -5356.993402170711 G=     4.05e-04 #SS:   24
 ooCMF Iter:  466 Total= -5356.993402170800 G=     4.05e-04 #SS:   24
 ooCMF Iter:  467 Total= -5356.993402171111 G=     4.05e-04 #SS:   24
 ooCMF Iter:  468 Total= -5356.993402172757 G=     4.05e-04 #SS:   24
 ooCMF Iter:  469 Total= -5356.993402172250 G=     4.05e-04 #SS:   24
 ooCMF Iter:  470 Total= -5356.993402171194 G=     4.05e-04 #SS:   24
 ooCMF Iter:  471 Total= -5356.993402162402 G=     4.05e-04 #SS:   24
 ooCMF Iter:  472 Total= -5356.993402127742 G=     4.05e-04 #SS:   24
 ooCMF Iter:  473 Total= -5356.993402101283 G=     4.05e-04 #SS:   24
 ooCMF Iter:  474 Total= -5356.993402085769 G=     4.05e-04 #SS:   24
 ooCMF Iter:  475 Total= -5356.993402077586 G=     4.06e-04 #SS:   24
 ooCMF Iter:  476 Total= -5356.993402045512 G=     4.06e-04 #SS:   24
 ooCMF Iter:  477 Total= -5356.993402005466 G=     4.04e-04 #SS:   24
 ooCMF Iter:  478 Total= -5356.993401975797 G=     4.02e-04 #SS:   24
 ooCMF Iter:  479 Total= -5356.993401960761 G=     4.02e-04 #SS:   24
 ooCMF Iter:  480 Total= -5356.993401969982 G=     4.03e-04 #SS:   24
 ooCMF Iter:  481 Total= -5356.993401968458 G=     4.03e-04 #SS:   24
 ooCMF Iter:  482 Total= -5356.993401984444 G=     4.02e-04 #SS:   24
 ooCMF Iter:  483 Total= -5356.993401998090 G=     4.01e-04 #SS:   24
 ooCMF Iter:  484 Total= -5356.993401999523 G=     4.02e-04 #SS:   24
 ooCMF Iter:  485 Total= -5356.993401993847 G=     3.98e-04 #SS:   24
 ooCMF Iter:  486 Total= -5356.993401898905 G=     3.97e-04 #SS:   24
 ooCMF Iter:  487 Total= -5356.993401813966 G=     3.97e-04 #SS:   24
 ooCMF Iter:  488 Total= -5356.993401763350 G=     3.98e-04 #SS:   24
 ooCMF Iter:  489 Total= -5356.993401672562 G=     4.04e-04 #SS:   24
 ooCMF Iter:  490 Total= -5356.993401411726 G=     3.99e-04 #SS:   24
 ooCMF Iter:  491 Total= -5356.993401330928 G=     4.09e-04 #SS:   24
 ooCMF Iter:  492 Total= -5356.993401113027 G=     3.90e-04 #SS:   24
 ooCMF Iter:  493 Total= -5356.993400972973 G=     3.83e-04 #SS:   24
 ooCMF Iter:  494 Total= -5356.993400991337 G=     3.89e-04 #SS:   24
 ooCMF Iter:  495 Total= -5356.993400963648 G=     3.81e-04 #SS:   24
 ooCMF Iter:  496 Total= -5356.993400942081 G=     3.76e-04 #SS:   24
 ooCMF Iter:  497 Total= -5356.993400916380 G=     3.78e-04 #SS:   24
 ooCMF Iter:  498 Total= -5356.993400883542 G=     3.77e-04 #SS:   24
 ooCMF Iter:  499 Total= -5356.993400857287 G=     3.75e-04 #SS:   24
 ooCMF Iter:  500 Total= -5356.993400850100 G=     3.73e-04 #SS:   24
