 Working with file:  m020/energies
7
 Energy shift: -55750.37478000
Extrapolated Result:   -55.75037119
R^2                :    -0.99634732
Var root 1 [1.03599 0.2491  0.11052 0.04133 0.01438 0.00464]
PT  root 1 [0.17488 0.05343 0.02404 0.00812 0.00194 0.     ]
Extrapolated Result:   -55.74997336
R^2                :    -0.99620465
Var root 2 [1.40425 0.64026 0.5056  0.43781 0.41179 0.40238]
PT  root 2 [0.56578 0.44954 0.42107 0.40565 0.39977 0.39792]
Extrapolated Result:   -55.74917283
R^2                :    -0.99601000
Var root 3 [2.14561 1.42834 1.29951 1.23594 1.21142 1.20273]
PT  root 3 [1.35236 1.2466  1.21979 1.20569 1.20036 1.1987 ]
Extrapolated Result:   -55.74795914
R^2                :    -0.99492762
Var root 4 [3.27    2.62274 2.50239 2.44537 2.42345 2.41594]
PT  root 4 [2.54437 2.45543 2.43053 2.41842 2.41392 2.41254]
Extrapolated Result:   -55.74631615
R^2                :    -0.99036183
Var root 5 [4.7933  4.24063 4.12902 4.08202 4.06388 4.05808]
PT  root 5 [4.15742 4.09282 4.06915 4.0599  4.05644 4.05545]
Extrapolated Result:   -55.74422087
R^2                :    -0.96100705
Var root 6 [6.73837 6.30599 6.2014  6.16855 6.15554 6.15198]
PT  root 6 [6.21375 6.18286 6.15847 6.15302 6.15073 6.1502 ]
x:  (-0.861109999998007, 0)
y:  (-1.0, 7.118409449659057)
[0.003591661458277634, 0.40141561472511395, 1.2019526047120017, 2.41564131850698, 4.05862665769368, 6.1539075713149325]
