 Input energy:    -5356.77006275
IDX001:DIM1024:001|002|003|004|005|
IDX002:DIM16384:006|007|008|009|010|011|012|
IDX003:DIM1024:013|014|015|016|017|
IDX004:DIM16777216:018|019|020|021|022|023|024|025|026|027|028|029|
IDX005:DIM1099511627776:030|031|032|033|034|035|036|037|038|039|040|041|042|043|044|045|046|047|048|049|
 Solve OO-CMF with newton
 Step:    1 E: -5356.825788505361 G:     8.55e-02
 Step:    2 E: -5356.832870199729 G:     4.22e-02
 Step:    3 E: -5356.833020881196 G:     3.51e-03
 Step:    4 E: -5356.833041658263 G:     1.31e-03
 Step:    5 E: -5356.833054571730 G:     9.41e-04
 Step:    6 E: -5356.833063097100 G:     7.58e-04
 Step:    7 E: -5356.833068710287 G:     6.14e-04
 Step:    8 E: -5356.833072385705 G:     4.97e-04
 Step:    9 E: -5356.833074780130 G:     4.01e-04
 Step:   10 E: -5356.833076333185 G:     3.22e-04
 Step:   11 E: -5356.833077336772 G:     2.59e-04
 Step:   12 E: -5356.833077983273 G:     2.08e-04
 Step:   13 E: -5356.833078398676 G:     1.67e-04
 Step:   14 E: -5356.833078665021 G:     1.33e-04
 Step:   15 E: -5356.833078835502 G:     1.07e-04
 Step:   16 E: -5356.833078944472 G:     8.52e-05
 Step:   17 E: -5356.833079014041 G:     6.81e-05
 Step:   18 E: -5356.833079058423 G:     5.44e-05
 Step:   19 E: -5356.833079086708 G:     4.34e-05
 Step:   20 E: -5356.833079104729 G:     3.46e-05
 Step:   21 E: -5356.833079116204 G:     2.76e-05
 Step:   22 E: -5356.833079123508 G:     2.20e-05
 Step:   23 E: -5356.833079128157 G:     1.76e-05
 Step:   24 E: -5356.833079131110 G:     1.40e-05
 Step:   25 E: -5356.833079132991 G:     1.12e-05
 Step:   26 E: -5356.833079134188 G:     8.92e-06
 Step:   27 E: -5356.833079134946 G:     7.11e-06
 Step:   28 E: -5356.833079135433 G:     5.67e-06
 Step:   29 E: -5356.833079135738 G:     4.52e-06
 Step:   30 E: -5356.833079135933 G:     3.61e-06
 Step:   31 E: -5356.833079136058 G:     2.87e-06
 Step:   32 E: -5356.833079136137 G:     2.29e-06
 Step:   33 E: -5356.833079136188 G:     1.83e-06
 Step:   34 E: -5356.833079136220 G:     1.46e-06
 Step:   35 E: -5356.833079136239 G:     1.16e-06
 Step:   36 E: -5356.833079136252 G:     9.26e-07
