symmetry:  C2


******** <class 'pyscf.scf.hf_symm.SymAdaptedROHF'> ********
method = SymAdaptedROHF-ROHF-RHF
initial guess = chkfile
damping factor = 0
level_shift factor = 0
DIIS = <class 'pyscf.scf.diis.CDIIS'>
diis_start_cycle = 1
diis_space = 8
SCF conv_tol = 1e-08
SCF conv_tol_grad = 1e-05
SCF max_cycles = 50
direct_scf = True
direct_scf_tol = 1e-13
chkfile to save SCF result = scf.fchk
max_memory 4000 MB (current use 0 MB)
num. doubly occ = 77  num. singly occ = 10
init E= -5357.2923512482
HOMO (B) = 0.00686403549232038  LUMO (A) = 0.356423407071967
cycle= 1 E= -5357.29235124816  delta_E= 4e-11  |g|= 5.12e-06  |ddm|= 9.48e-06
HOMO (B) = 0.00686371887953548  LUMO (A) = 0.356423322963209
Extra cycle  E= -5357.29235124753  delta_E= 6.28e-10  |g|= 2.23e-05  |ddm|= 4.01e-05
converged SCF energy = -5357.29235124753
[[3, 18, 19, 20, 21, 22, 23, 24, 25, 26, 27], [50, 51, 52, 53, 54, 55], [79, 94, 95, 96, 97, 98, 99, 100, 101, 102, 103]]
 In svd_subspace_partitioning_nonorth
 Partition  343 orbitals into a total of   28 orbitals
            Index   Sing. Val. Space       
                0   0.99941156            2*
                1   0.99881008            2*
                2   0.99861405            2*
                3   0.99849152            2*
                4   0.99838224            2*
                5   0.99793274            2*
                6   0.99775972            2*
                7   0.99434518            2*
                8   0.99423044            2*
                9   0.99125382            2*
               10   0.99090964            2*
               11   0.98895907            2*
               12   0.98819857            1*
               13   0.98795758            2*
               14   0.98691254            1*
               15   0.98630266            0*
               16   0.98561666            1*
               17   0.98546929            1*
               18   0.97210316            1*
               19   0.97153611            1*
               20   0.96966012            0*
               21   0.96695539            1*
               22   0.96532659            1*
               23   0.96165297            0*
               24   0.95749467            0*
               25   0.95695150            1*
               26   0.95630005            0*
               27   0.95616241            1*
               28   0.31921828            2
               29   0.30122237            0
               30   0.29964310            0
               31   0.29729580            2
               32   0.27693020            2
               33   0.25717749            0
               34   0.24541238            2
               35   0.23511622            0
               36   0.23185901            0
               37   0.22168935            0
               38   0.19702410            2
               39   0.13858303            0
               40   0.13821273            0
               41   0.12265952            2
               42   0.12188883            2
               43   0.12170817            2
               44   0.12036709            0
               45   0.12013670            2
               46   0.11898707            2
               47   0.11650673            0
               48   0.11534786            2
               49   0.11266021            2
               50   0.10208367            2
               51   0.09324556            2
               52   0.09245664            2
               53   0.08454847            0
               54   0.05094157            0
               55   0.03493308            0
               56   0.02716729            0
               57   0.02123685            0
               58   0.02106075            0
               59   0.01513520            0
               60   0.01502973            0
               61   0.01113070            0
               62   0.00467469            0
               63   0.00202575            0
               64   0.00181444            0
               65   0.00055120            0
  SVD active space has the following dimensions:
  Orbital Block    Environment         Active
              0             72              5
              1              0             10
              2            243             13

 Fragment:  [3, 18, 19, 20, 21, 22, 23, 24, 25, 26, 27]
 In svd_subspace_partitioning_nonorth
 Partition   28 orbitals into a total of   11 orbitals
            Index   Sing. Val. Space       
                0   0.99664464            2*
                1   0.99601890            2*
                2   0.99225165            2*
                3   0.98987584            2*
                4   0.98435764            2*
                5   0.97957990            1*
                6   0.97641826            1*
                7   0.96687018            0*
                8   0.96279636            1*
                9   0.95220399            1*
               10   0.93391672            1*
               11   0.30139131            0
               12   0.19692913            0
               13   0.18729320            0
               14   0.02885689            2
               15   0.02471751            1
               16   0.01866767            1
               17   0.01765796            1
               18   0.01619069            2
               19   0.01578721            2
               20   0.00205763            2
               21   0.00057287            0
               22   0.00039778            2
               23   0.00018291            1
               24   0.00007319            2
               25   0.00004521            1
  SVD active space has the following dimensions:
  Orbital Block    Environment         Active
              0              4              1
              1              5              5
              2              8              5

 Fragment:  [50, 51, 52, 53, 54, 55]
 In svd_subspace_partitioning_nonorth
 Partition   28 orbitals into a total of    6 orbitals
            Index   Sing. Val. Space       
                0   0.99707033            2*
                1   0.99584448            2*
                2   0.98349919            2*
                3   0.94373081            0*
                4   0.93488271            0*
                5   0.93353925            0*
                6   0.24840437            1
                7   0.22395736            1
                8   0.22384596            1
                9   0.07378773            0
               10   0.05868690            2
               11   0.05753581            2
               12   0.02438733            0
               13   0.01221789            2
               14   0.00843485            1
               15   0.00495401            1
               16   0.00143331            1
  SVD active space has the following dimensions:
  Orbital Block    Environment         Active
              0              2              3
              1             10              0
              2             10              3

 Fragment:  [79, 94, 95, 96, 97, 98, 99, 100, 101, 102, 103]
 In svd_subspace_partitioning_nonorth
 Partition   28 orbitals into a total of   11 orbitals
            Index   Sing. Val. Space       
                0   0.99664464            2*
                1   0.99601890            2*
                2   0.99225165            2*
                3   0.98987584            2*
                4   0.98435764            2*
                5   0.97957990            1*
                6   0.97641826            1*
                7   0.96687018            0*
                8   0.96279636            1*
                9   0.95220399            1*
               10   0.93391672            1*
               11   0.30139131            0
               12   0.19692913            0
               13   0.18729320            0
               14   0.02885689            2
               15   0.02471751            1
               16   0.01866767            1
               17   0.01765796            1
               18   0.01619069            2
               19   0.01578721            2
               20   0.00205763            2
               21   0.00057287            0
               22   0.00039778            2
               23   0.00018291            1
               24   0.00007319            2
               25   0.00004521            1
  SVD active space has the following dimensions:
  Orbital Block    Environment         Active
              0              4              1
              1              5              5
              2              8              5
 sing vals of active space:  [1. 1. 1. 1. 1. 1. 1. 1. 1. 1. 1. 1. 1. 1. 1. 1. 1. 1. 1. 1. 1. 1. 1. 1.
 1. 1. 1. 1.]

WARN: orbitals [ 0  1  2  3  4  5  6  7  8  9 10 17 18 19 20 21 22 23 24 25 26 27] not symmetrized, norm = [0.5 0.5 0.5 0.5 0.5 0.5 0.5 0.5 0.5 0.5 0.5 0.5 0.5 0.5 0.5 0.5 0.5 0.5
 0.5 0.5 0.5 0.5]


WARN: orbitals [23 24 25 26 27 28 29 30 31 32 33 34 35 36 37 38 39 40 41 42 43 44 45 46
 47 48 49 50 51 52 53 54 55 56 57 58 59 60 61 62 63 64 65 66 67 68 69 70
 71] not symmetrized, norm = [0.57402762 0.61600666 0.73434234 0.94745261 0.6733168  0.74882106
 0.81453958 0.68854886 0.64040476 0.78231388 0.73755619 0.60832677
 0.87342839 0.6923679  0.58269912 0.55790776 0.7560446  0.68007664
 0.79592451 0.51957662 0.54556288 0.532166   0.79527595 0.56259587
 0.67803241 0.50277751 0.75439572 0.53107791 0.87041396 0.86361303
 0.82023058 0.83923657 0.73205981 0.57400653 0.82931428 0.63408739
 0.60148893 0.54758888 0.70849982 0.58465913 0.86312539 0.89234503
 0.68484359 0.59982638 0.61416479 0.68700403 0.70367854 0.53777802
 0.99873073]

 init_fspace =  [(6, 1), (3, 3), (6, 1)]
 clusters    =  [[1, 2, 3, 4, 5, 6, 7, 8, 9, 10, 11], [12, 13, 14, 15, 16, 17], [18, 19, 20, 21, 22, 23, 24, 25, 26, 27, 28]]
