 Working with file:  m040/energies
6
 Energy shift: -55758.18282000
Extrapolated Result:   -55.75817338
R^2                :    -0.98192683
Var root 1 [1.39091 0.4167  0.20563 0.07425 0.02723]
PT  root 1 [0.21273 0.09339 0.04369 0.01058 0.     ]
Extrapolated Result:   -55.75773741
R^2                :    -0.98113862
Var root 2 [1.78579 0.83928 0.63464 0.50682 0.46165]
PT  root 2 [0.64015 0.5262  0.47824 0.44608 0.43586]
Extrapolated Result:   -55.75686209
R^2                :    -0.98005850
Var root 3 [2.57947 1.69015 1.49625 1.37679 1.33475]
PT  root 3 [1.49846 1.39522 1.35045 1.32099 1.31136]
Extrapolated Result:   -55.75553992
R^2                :    -0.97782848
Var root 4 [3.77996 2.97367 2.79622 2.69024 2.65364]
PT  root 4 [2.79472 2.70753 2.6677  2.64232 2.6339 ]
Extrapolated Result:   -55.75375981
R^2                :    -0.97341136
Var root 5 [5.39992 4.70017 4.54436 4.45871 4.4299 ]
PT  root 5 [4.54003 4.47407 4.44088 4.42128 4.41487]
Extrapolated Result:   -55.75150689
R^2                :    -0.96437505
Var root 6 [7.45743 6.88334 6.75452 6.69771 6.67902]
PT  root 6 [6.75012 6.70966 6.68501 6.67312 6.66981]
x:  (-1.1781800000026124, 0)
y:  (-1.0, 7.983445929060394)
[0.009437425644991893, 0.4454051795446233, 1.3207275177756181, 2.6428998784911357, 4.423009429935661, 6.675934189793798]
