

******** <class 'pyscf.df.df_jk.density_fit.<locals>.DensityFitting'> ********
method = DensityFitting-ROHF-RHF
initial guess = minao
damping factor = 0
level_shift factor = 0
DIIS = <class 'pyscf.scf.diis.CDIIS'>
diis_start_cycle = 1
diis_space = 8
SCF conv_tol = 1e-08
SCF conv_tol_grad = 1e-05
SCF max_cycles = 50
direct_scf = True
direct_scf_tol = 1e-13
chkfile to save SCF result = scf.fchk
max_memory 4000 MB (current use 0 MB)
num. doubly occ = 129  num. singly occ = 6
init E= -3313.91029844131
  HOMO = -0.211508068174424  LUMO = -0.113779211061863
cycle= 1 E= -3307.95828125962  delta_E= 5.95  |g|= 1.15  |ddm|= 7.59
  HOMO = -0.136003826378551  LUMO = 0.0732357802679981
cycle= 2 E= -3308.50230272285  delta_E= -0.544  |g|= 0.293  |ddm|= 1.51
  HOMO = -0.347326598013427  LUMO = 0.0386024439609979
cycle= 3 E= -3308.53319144368  delta_E= -0.0309  |g|= 0.068  |ddm|= 0.36
  HOMO = -0.363030717608403  LUMO = 0.0291567832390843
cycle= 4 E= -3308.53548414313  delta_E= -0.00229  |g|= 0.0198  |ddm|= 0.124
  HOMO = -0.35669793229335  LUMO = 0.034653998546739
cycle= 5 E= -3308.53581286879  delta_E= -0.000329  |g|= 0.00456  |ddm|= 0.0418
  HOMO = -0.35589400050504  LUMO = 0.0352381777477398
cycle= 6 E= -3308.53583735489  delta_E= -2.45e-05  |g|= 0.00209  |ddm|= 0.0119
  HOMO = -0.356101509487396  LUMO = 0.0350224104206081
cycle= 7 E= -3308.53584523297  delta_E= -7.88e-06  |g|= 0.000966  |ddm|= 0.00583
  HOMO = -0.356104184679503  LUMO = 0.034962271889078
cycle= 8 E= -3308.53584811302  delta_E= -2.88e-06  |g|= 0.000521  |ddm|= 0.00359
  HOMO = -0.355997709756944  LUMO = 0.0349962279438783
cycle= 9 E= -3308.53584946494  delta_E= -1.35e-06  |g|= 0.000256  |ddm|= 0.00315
  HOMO = -0.355935630977736  LUMO = 0.0350198040011702
cycle= 10 E= -3308.53584977868  delta_E= -3.14e-07  |g|= 0.000115  |ddm|= 0.00165
  HOMO = -0.355935702200931  LUMO = 0.0350103221575619
cycle= 11 E= -3308.53584984059  delta_E= -6.19e-08  |g|= 5.32e-05  |ddm|= 0.000783
  HOMO = -0.355934177483893  LUMO = 0.0350101885815996
cycle= 12 E= -3308.53584985378  delta_E= -1.32e-08  |g|= 3.72e-05  |ddm|= 0.000262
  HOMO = -0.355931431364202  LUMO = 0.0350127001146167
cycle= 13 E= -3308.53584986272  delta_E= -8.95e-09  |g|= 2.5e-05  |ddm|= 0.000233
  HOMO = -0.355933026515052  LUMO = 0.0350126636031709
cycle= 14 E= -3308.53584986909  delta_E= -6.37e-09  |g|= 1.06e-05  |ddm|= 0.000304
  HOMO = -0.355933826050581  LUMO = 0.0350122733446465
cycle= 15 E= -3308.53584986997  delta_E= -8.73e-10  |g|= 4.04e-06  |ddm|= 0.000124
  HOMO = -0.355933686511518  LUMO = 0.0350124438075881
Extra cycle  E= -3308.53584986999  delta_E= -2.55e-11  |g|= 2.71e-06  |ddm|= 1.23e-05
converged SCF energy = -3308.53584986999


******** <class 'pyscf.df.df_jk.density_fit.<locals>.DensityFitting'> ********
method = DensityFitting-ROHF-RHF
initial guess = chkfile
damping factor = 0
level_shift factor = 0
DIIS = <class 'pyscf.scf.diis.CDIIS'>
diis_start_cycle = 1
diis_space = 8
SCF conv_tol = 1e-08
SCF conv_tol_grad = 1e-05
SCF max_cycles = 50
direct_scf = True
direct_scf_tol = 1e-13
chkfile to save SCF result = scf.fchk
max_memory 4000 MB (current use 0 MB)
num. doubly occ = 129  num. singly occ = 6
init E= -3342.44400337411
  HOMO = -0.552929201915904  LUMO = -0.203179998769864
cycle= 1 E= -3343.84314292032  delta_E= -1.4  |g|= 0.572  |ddm|=  3.5
  HOMO = -0.548555598644667  LUMO = -0.204272111316443
cycle= 2 E= -3343.90883082405  delta_E= -0.0657  |g|= 0.306  |ddm|= 0.69
  HOMO = -0.531542693081973  LUMO = -0.199295493363237
cycle= 3 E= -3343.92683346064  delta_E= -0.018  |g|= 0.0802  |ddm|= 0.24
  HOMO = -0.51808470760834  LUMO = -0.201245357033177
cycle= 4 E= -3343.92901100767  delta_E= -0.00218  |g|= 0.0271  |ddm|= 0.137
  HOMO = -0.526548887227555  LUMO = -0.20106277549541
cycle= 5 E= -3343.92932569959  delta_E= -0.000315  |g|= 0.0127  |ddm|= 0.0494
  HOMO = -0.522568230943729  LUMO = -0.20077855369519
cycle= 6 E= -3343.92941574794  delta_E= -9e-05  |g|= 0.00501  |ddm|= 0.0273
  HOMO = -0.522489716622366  LUMO = -0.20087154028176
cycle= 7 E= -3343.92944185439  delta_E= -2.61e-05  |g|= 0.00216  |ddm|= 0.0114
  HOMO = -0.522851531047443  LUMO = -0.200915023750286
cycle= 8 E= -3343.92944788462  delta_E= -6.03e-06  |g|= 0.000944  |ddm|= 0.00412
  HOMO = -0.522817127749106  LUMO = -0.200901010706745
cycle= 9 E= -3343.92945064653  delta_E= -2.76e-06  |g|= 0.000675  |ddm|= 0.00328
  HOMO = -0.522831120485261  LUMO = -0.200895154879034
cycle= 10 E= -3343.92945236741  delta_E= -1.72e-06  |g|= 0.000489  |ddm|= 0.00298
  HOMO = -0.522861243562892  LUMO = -0.200901465597389
cycle= 11 E= -3343.92945355342  delta_E= -1.19e-06  |g|= 0.000216  |ddm|= 0.00352
  HOMO = -0.522860080038523  LUMO = -0.20090194757514
cycle= 12 E= -3343.92945372112  delta_E= -1.68e-07  |g|= 0.000141  |ddm|= 0.00137
  HOMO = -0.522861991470513  LUMO = -0.20090094824557
cycle= 13 E= -3343.92945376187  delta_E= -4.08e-08  |g|= 6.31e-05  |ddm|= 0.000573
  HOMO = -0.522852460542879  LUMO = -0.200901897450059
cycle= 14 E= -3343.92945376939  delta_E= -7.51e-09  |g|= 3.75e-05  |ddm|= 0.000205
  HOMO = -0.522855734264877  LUMO = -0.200902489315498
cycle= 15 E= -3343.92945377272  delta_E= -3.33e-09  |g|= 2.3e-05  |ddm|= 0.00013
  HOMO = -0.522850492831395  LUMO = -0.200901927836046
cycle= 16 E= -3343.92945377387  delta_E= -1.15e-09  |g|= 1.66e-05  |ddm|= 9.16e-05
  HOMO = -0.522848687205665  LUMO = -0.20090187585899
cycle= 17 E= -3343.9294537744  delta_E= -5.24e-10  |g|= 8.23e-06  |ddm|= 6.03e-05
  HOMO = -0.522850051504145  LUMO = -0.200902121209485
Extra cycle  E= -3343.92945377438  delta_E= 1.82e-11  |g|= 9.45e-06  |ddm|= 2.93e-05
converged SCF energy = -3343.92945377438
[[14, 15, 16, 17, 18, 19, 20, 21, 22, 23], [45, 46, 47, 48, 49, 50, 51, 52, 53, 54], [65, 66, 67, 68, 69, 70], [79, 80, 81, 82, 83, 84], [93, 94, 95, 96, 97, 98]]
 In svd_subspace_partitioning_nonorth
 Partition  665 orbitals into a total of   38 orbitals
            Index   Sing. Val. Space       
                0   0.99861875            0*
                1   0.99861847            0*
                2   0.99824846            0*
                3   0.99818465            0*
                4   0.99818391            0*
                5   0.99768781            0*
                6   0.99690951            2*
                7   0.99468821            1*
                8   0.99468777            1*
                9   0.99411570            1*
               10   0.99401083            1*
               11   0.99400978            1*
               12   0.99318285            2*
               13   0.99317473            2*
               14   0.99182900            1*
               15   0.98992565            2*
               16   0.98991803            2*
               17   0.98830217            2*
               18   0.98829853            2*
               19   0.98617777            2*
               20   0.98617137            2*
               21   0.98238725            2*
               22   0.98238431            2*
               23   0.97558834            0*
               24   0.97557690            0*
               25   0.97526409            0*
               26   0.96376096            2*
               27   0.96374367            2*
               28   0.94753150            2*
               29   0.94560726            2*
               30   0.94559986            2*
               31   0.94455957            2*
               32   0.94455504            2*
               33   0.91362105            2*
               34   0.85399649            0*
               35   0.85399034            0*
               36   0.81827601            0*
               37   0.81826191            0*
               38   0.57495417            2
               39   0.57493427            2
               40   0.52053794            2
               41   0.52052832            2
               42   0.41929635            0
               43   0.34285824            0
               44   0.34284551            0
               45   0.34017346            0
               46   0.33982346            0
               47   0.33980139            0
               48   0.26758348            0
               49   0.26685106            0
               50   0.22221387            2
               51   0.22180459            2
               52   0.22174845            2
               53   0.18691714            0
               54   0.18690141            0
               55   0.16575992            0
               56   0.16572193            0
               57   0.15285204            0
               58   0.15282777            0
               59   0.14164790            0
               60   0.14159471            0
               61   0.11667875            0
               62   0.11660944            0
               63   0.07856047            0
               64   0.06810693            2
               65   0.06259569            2
               66   0.06045682            2
               67   0.06044439            2
               68   0.05415944            2
               69   0.05415739            2
               70   0.02916925            0
               71   0.02833236            0
               72   0.02276263            2
               73   0.02054618            0
               74   0.02054558            0
               75   0.02015257            0
               76   0.02014996            0
               77   0.01968576            2
               78   0.01944451            2
               79   0.01944398            2
               80   0.01709140            2
               81   0.01709035            2
  SVD active space has the following dimensions:
  Orbital Block    Environment         Active
              0            116             13
              1              0              6
              2            511             19

 Fragment:  [14, 15, 16, 17, 18, 19, 20, 21, 22, 23]
 In svd_subspace_partitioning_nonorth
 Partition   38 orbitals into a total of   10 orbitals
            Index   Sing. Val. Space       
                0   0.98625818            1*
                1   0.98625377            1*
                2   0.98054756            1*
                3   0.97672264            2*
                4   0.97671721            2*
                5   0.89839697            2*
                6   0.89838382            2*
                7   0.86396391            2*
                8   0.85219893            0*
                9   0.85219262            0*
               10   0.41631971            0
               11   0.34828237            0
               12   0.34824458            0
               13   0.21517579            2
               14   0.21516876            2
               15   0.12805787            0
               16   0.12800004            0
               17   0.08855979            1
               18   0.02781770            0
               19   0.02023341            1
               20   0.02022066            1
               21   0.01805352            2
               22   0.01577386            2
               23   0.01577125            2
               24   0.01026478            0
               25   0.01025924            0
  SVD active space has the following dimensions:
  Orbital Block    Environment         Active
              0             11              2
              1              3              3
              2             14              5

 Fragment:  [45, 46, 47, 48, 49, 50, 51, 52, 53, 54]
 In svd_subspace_partitioning_nonorth
 Partition   38 orbitals into a total of   10 orbitals
            Index   Sing. Val. Space       
                0   0.98625752            1*
                1   0.98625408            1*
                2   0.98054770            1*
                3   0.97672268            2*
                4   0.97671600            2*
                5   0.89839199            2*
                6   0.89838742            2*
                7   0.86396430            2*
                8   0.85219761            0*
                9   0.85219435            0*
               10   0.41631780            0
               11   0.34828146            0
               12   0.34825171            0
               13   0.21517516            2
               14   0.21517051            2
               15   0.12806577            0
               16   0.12800192            0
               17   0.08855998            1
               18   0.02781868            0
               19   0.02023506            1
               20   0.02021932            1
               21   0.01805369            2
               22   0.01577250            2
               23   0.01577233            2
               24   0.01026678            0
               25   0.01025941            0
  SVD active space has the following dimensions:
  Orbital Block    Environment         Active
              0             11              2
              1              3              3
              2             14              5

 Fragment:  [65, 66, 67, 68, 69, 70]
 In svd_subspace_partitioning_nonorth
 Partition   38 orbitals into a total of    6 orbitals
            Index   Sing. Val. Space       
                0   0.99071996            0*
                1   0.98740018            0*
                2   0.98401393            2*
                3   0.97344708            2*
                4   0.97124701            0*
                5   0.96561894            2*
                6   0.15079251            0
                7   0.13251696            2
                8   0.11969806            2
                9   0.11599282            1
               10   0.09301733            0
               11   0.07705679            1
               12   0.07172962            1
               13   0.05998612            0
               14   0.03858456            2
               15   0.00946785            1
               16   0.00091079            1
  SVD active space has the following dimensions:
  Orbital Block    Environment         Active
              0             10              3
              1              6              0
              2             16              3

 Fragment:  [79, 80, 81, 82, 83, 84]
 In svd_subspace_partitioning_nonorth
 Partition   38 orbitals into a total of    6 orbitals
            Index   Sing. Val. Space       
                0   0.99070839            0*
                1   0.98739737            0*
                2   0.98400837            2*
                3   0.97343674            2*
                4   0.97123120            0*
                5   0.96560417            2*
                6   0.15081181            0
                7   0.13252787            2
                8   0.11974482            2
                9   0.11597814            1
               10   0.09301392            0
               11   0.07706333            1
               12   0.07177500            1
               13   0.05999482            0
               14   0.03860009            2
               15   0.00947288            1
               16   0.00091717            1
               17   0.00000626            1
  SVD active space has the following dimensions:
  Orbital Block    Environment         Active
              0             10              3
              1              6              0
              2             16              3

 Fragment:  [93, 94, 95, 96, 97, 98]
 In svd_subspace_partitioning_nonorth
 Partition   38 orbitals into a total of    6 orbitals
            Index   Sing. Val. Space       
                0   0.99070628            0*
                1   0.98739772            0*
                2   0.98399868            2*
                3   0.97343499            2*
                4   0.97122712            0*
                5   0.96560329            2*
                6   0.15080498            0
                7   0.13252309            2
                8   0.11975092            2
                9   0.11597602            1
               10   0.09301172            0
               11   0.07706384            1
               12   0.07177849            1
               13   0.05999319            0
               14   0.03860351            2
               15   0.00947559            1
               16   0.00092145            1
               17   0.00000467            1
  SVD active space has the following dimensions:
  Orbital Block    Environment         Active
              0             10              3
              1              6              0
              2             16              3
 sing vals of active space:  [1. 1. 1. 1. 1. 1. 1. 1. 1. 1. 1. 1. 1. 1. 1. 1. 1. 1. 1. 1. 1. 1. 1. 1.
 1. 1. 1. 1. 1. 1. 1. 1. 1. 1. 1. 1. 1. 1.]
 init_fspace =  [(5, 2), (5, 2), (3, 3), (3, 3), (3, 3)]
 clusters    =  [[1, 2, 3, 4, 5, 6, 7, 8, 9, 10], [11, 12, 13, 14, 15, 16, 17, 18, 19, 20], [21, 22, 23, 24, 25, 26], [27, 28, 29, 30, 31, 32], [33, 34, 35, 36, 37, 38]]
