symmetry:  C2


******** <class 'pyscf.scf.hf_symm.SymAdaptedROHF'> ********
method = SymAdaptedROHF-ROHF-RHF
initial guess = chkfile
damping factor = 0
level_shift factor = 0
DIIS = <class 'pyscf.scf.diis.CDIIS'>
diis_start_cycle = 1
diis_space = 8
SCF conv_tol = 1e-08
SCF conv_tol_grad = 1e-05
SCF max_cycles = 50
direct_scf = True
direct_scf_tol = 1e-13
chkfile to save SCF result = scf.fchk
max_memory 4000 MB (current use 0 MB)
num. doubly occ = 77  num. singly occ = 10
init E= -5357.2923512482
HOMO (B) = 0.00686403549231895  LUMO (A) = 0.356423407071967
cycle= 1 E= -5357.29235124816  delta_E= 4e-11  |g|= 5.12e-06  |ddm|= 9.48e-06
HOMO (B) = 0.00686371887952404  LUMO (A) = 0.356423322963218
Extra cycle  E= -5357.29235124753  delta_E= 6.31e-10  |g|= 2.23e-05  |ddm|= 4.01e-05
converged SCF energy = -5357.29235124753
[[18, 19, 20, 21, 22, 23, 24, 25, 26, 27], [50, 51, 52, 53, 54, 55], [94, 95, 96, 97, 98, 99, 100, 101, 102, 103], [124, 129, 130, 131], [161, 166, 167, 168], [198, 203, 204, 205], [235, 240, 241, 242], [272, 277, 278, 279], [309, 314, 315, 316]]
 In svd_subspace_partitioning_nonorth
 Partition  343 orbitals into a total of   50 orbitals
            Index   Sing. Val. Space       
                0   0.99942578            2*
                1   0.99865081            2*
                2   0.99861085            2*
                3   0.99850008            2*
                4   0.99843458            2*
                5   0.99801382            2*
                6   0.99784678            2*
                7   0.99503005            2*
                8   0.99496694            2*
                9   0.99241683            2*
               10   0.99221985            2*
               11   0.98949234            2*
               12   0.98852575            1*
               13   0.98721365            1*
               14   0.98594841            1*
               15   0.98581864            1*
               16   0.98513195            2*
               17   0.98213462            0*
               18   0.97584724            0*
               19   0.97538063            0*
               20   0.97351959            1*
               21   0.97305186            1*
               22   0.97165860            0*
               23   0.97153690            0*
               24   0.96779243            1*
               25   0.96703791            0*
               26   0.96639951            1*
               27   0.96315269            0*
               28   0.95976057            1*
               29   0.95899218            1*
               30   0.95782721            0*
               31   0.95719832            0*
               32   0.86468685            0*
               33   0.86468257            0*
               34   0.86422472            0*
               35   0.86404481            0*
               36   0.86347703            0*
               37   0.86344867            0*
               38   0.86339638            0*
               39   0.86338039            0*
               40   0.86316108            0*
               41   0.86290106            0*
               42   0.86253423            0*
               43   0.86233509            0*
               44   0.86202422            0*
               45   0.86196423            0*
               46   0.86175144            0*
               47   0.86169138            0*
               48   0.86008440            0*
               49   0.86002196            0*
               50   0.51029089            2
               51   0.51027519            2
               52   0.50749050            2
               53   0.50737535            2
               54   0.50708874            2
               55   0.50698557            2
               56   0.50635431            2
               57   0.50603585            2
               58   0.50544939            2
               59   0.50501157            2
               60   0.50464673            2
               61   0.50463036            2
               62   0.50447939            2
               63   0.50446805            2
               64   0.50357063            2
               65   0.50323466            2
               66   0.50253632            2
               67   0.50252166            2
               68   0.29716776            2
               69   0.29056978            2
               70   0.28747230            0
               71   0.28726344            2
               72   0.28617010            0
               73   0.25484251            2
               74   0.25274869            0
               75   0.23712373            2
               76   0.23671320            2
               77   0.23300880            0
               78   0.22593000            2
               79   0.22277512            0
               80   0.22270346            0
               81   0.22199006            2
               82   0.21791024            2
               83   0.13639026            0
               84   0.13566116            0
               85   0.12272389            2
               86   0.12146494            2
               87   0.12139402            2
               88   0.11958086            2
               89   0.11848994            2
               90   0.11802887            0
               91   0.11491089            2
               92   0.11421386            0
               93   0.11227588            2
               94   0.10393009            2
               95   0.09300411            0
               96   0.09059295            2
               97   0.08777553            2
               98   0.05601725            0
               99   0.03441047            0
              100   0.02683437            0
              101   0.01299831            0
              102   0.01289447            0
              103   0.00933551            0
              104   0.00926665            0
              105   0.00773449            0
              106   0.00337350            0
              107   0.00200660            0
              108   0.00173113            0
              109   0.00053403            0
  SVD active space has the following dimensions:
  Orbital Block    Environment         Active
              0             50             27
              1              0             10
              2            243             13

 Fragment:  [18, 19, 20, 21, 22, 23, 24, 25, 26, 27]
 In svd_subspace_partitioning_nonorth
 Partition   50 orbitals into a total of   10 orbitals
            Index   Sing. Val. Space       
                0   0.99659844            2*
                1   0.99597997            2*
                2   0.99220282            2*
                3   0.98976646            2*
                4   0.98441069            2*
                5   0.97957264            1*
                6   0.97641297            1*
                7   0.96279402            1*
                8   0.95220182            1*
                9   0.93388805            1*
               10   0.30356530            0
               11   0.20260715            0
               12   0.19526681            0
               13   0.08129388            0
               14   0.05318877            0
               15   0.02272969            1
               16   0.01842022            1
               17   0.01765796            1
               18   0.01645670            2
               19   0.01600041            2
               20   0.01565486            2
               21   0.01123648            0
               22   0.00951405            0
               23   0.00912499            0
               24   0.00120905            0
               25   0.00110217            0
               26   0.00039617            2
               27   0.00032039            2
               28   0.00014318            1
               29   0.00002131            1
  SVD active space has the following dimensions:
  Orbital Block    Environment         Active
              0             27              0
              1              5              5
              2              8              5

 Fragment:  [50, 51, 52, 53, 54, 55]
 In svd_subspace_partitioning_nonorth
 Partition   50 orbitals into a total of    6 orbitals
            Index   Sing. Val. Space       
                0   0.99706393            2*
                1   0.99586852            2*
                2   0.98380196            2*
                3   0.94375688            0*
                4   0.93495390            0*
                5   0.93363670            0*
                6   0.24840437            1
                7   0.22395736            1
                8   0.22384596            1
                9   0.05817916            2
               10   0.05689918            2
               11   0.01334026            2
               12   0.01064362            0
               13   0.00843485            1
               14   0.00747046            0
               15   0.00656213            0
               16   0.00495401            1
               17   0.00143331            1
  SVD active space has the following dimensions:
  Orbital Block    Environment         Active
              0             24              3
              1             10              0
              2             10              3

 Fragment:  [94, 95, 96, 97, 98, 99, 100, 101, 102, 103]
 In svd_subspace_partitioning_nonorth
 Partition   50 orbitals into a total of   10 orbitals
            Index   Sing. Val. Space       
                0   0.99659844            2*
                1   0.99597997            2*
                2   0.99220282            2*
                3   0.98976646            2*
                4   0.98441069            2*
                5   0.97957264            1*
                6   0.97641297            1*
                7   0.96279402            1*
                8   0.95220182            1*
                9   0.93388805            1*
               10   0.30356530            0
               11   0.20260715            0
               12   0.19526681            0
               13   0.08129388            0
               14   0.05318877            0
               15   0.02272969            1
               16   0.01842022            1
               17   0.01765796            1
               18   0.01645670            2
               19   0.01600041            2
               20   0.01565486            2
               21   0.01123648            0
               22   0.00951405            0
               23   0.00912499            0
               24   0.00120905            0
               25   0.00110217            0
               26   0.00039617            2
               27   0.00032039            2
               28   0.00014318            1
               29   0.00002131            1
  SVD active space has the following dimensions:
  Orbital Block    Environment         Active
              0             27              0
              1              5              5
              2              8              5

 Fragment:  [124, 129, 130, 131]
 In svd_subspace_partitioning_nonorth
 Partition   50 orbitals into a total of    4 orbitals
            Index   Sing. Val. Space       
                0   0.96931854            0*
                1   0.86286294            0*
                2   0.86272327            0*
                3   0.86133318            0*
                4   0.04649743            1
                5   0.02895647            2
                6   0.02027982            1
                7   0.01924760            1
                8   0.01115948            2
                9   0.01074275            2
               10   0.00084290            1
               11   0.00039872            2
  SVD active space has the following dimensions:
  Orbital Block    Environment         Active
              0             23              4
              1             10              0
              2             13              0

 Fragment:  [161, 166, 167, 168]
 In svd_subspace_partitioning_nonorth
 Partition   50 orbitals into a total of    4 orbitals
            Index   Sing. Val. Space       
                0   0.96918474            0*
                1   0.86294500            0*
                2   0.86276397            0*
                3   0.86127770            0*
                4   0.05263850            1
                5   0.03102332            2
                6   0.01992236            1
                7   0.01926590            1
                8   0.01129958            2
                9   0.01023623            2
               10   0.00105827            1
               11   0.00047837            2
  SVD active space has the following dimensions:
  Orbital Block    Environment         Active
              0             23              4
              1             10              0
              2             13              0

 Fragment:  [198, 203, 204, 205]
 In svd_subspace_partitioning_nonorth
 Partition   50 orbitals into a total of    4 orbitals
            Index   Sing. Val. Space       
                0   0.96922665            0*
                1   0.86295612            0*
                2   0.86276782            0*
                3   0.86118906            0*
                4   0.04970070            1
                5   0.02996259            2
                6   0.01857120            1
                7   0.01716180            1
                8   0.01034612            2
                9   0.00947973            2
               10   0.00111104            1
               11   0.00061640            2
  SVD active space has the following dimensions:
  Orbital Block    Environment         Active
              0             23              4
              1             10              0
              2             13              0

 Fragment:  [235, 240, 241, 242]
 In svd_subspace_partitioning_nonorth
 Partition   50 orbitals into a total of    4 orbitals
            Index   Sing. Val. Space       
                0   0.96931854            0*
                1   0.86286294            0*
                2   0.86272327            0*
                3   0.86133318            0*
                4   0.04649743            1
                5   0.02895647            2
                6   0.02027982            1
                7   0.01924760            1
                8   0.01115948            2
                9   0.01074275            2
               10   0.00084290            1
               11   0.00039872            2
  SVD active space has the following dimensions:
  Orbital Block    Environment         Active
              0             23              4
              1             10              0
              2             13              0

 Fragment:  [272, 277, 278, 279]
 In svd_subspace_partitioning_nonorth
 Partition   50 orbitals into a total of    4 orbitals
            Index   Sing. Val. Space       
                0   0.96918474            0*
                1   0.86294500            0*
                2   0.86276397            0*
                3   0.86127770            0*
                4   0.05263850            1
                5   0.03102332            2
                6   0.01992236            1
                7   0.01926590            1
                8   0.01129958            2
                9   0.01023623            2
               10   0.00105827            1
               11   0.00047837            2
  SVD active space has the following dimensions:
  Orbital Block    Environment         Active
              0             23              4
              1             10              0
              2             13              0

 Fragment:  [309, 314, 315, 316]
 In svd_subspace_partitioning_nonorth
 Partition   50 orbitals into a total of    4 orbitals
            Index   Sing. Val. Space       
                0   0.96922665            0*
                1   0.86295612            0*
                2   0.86276782            0*
                3   0.86118906            0*
                4   0.04970070            1
                5   0.02996259            2
                6   0.01857120            1
                7   0.01716180            1
                8   0.01034612            2
                9   0.00947973            2
               10   0.00111104            1
               11   0.00061640            2
  SVD active space has the following dimensions:
  Orbital Block    Environment         Active
              0             23              4
              1             10              0
              2             13              0
 sing vals of active space:  [1. 1. 1. 1. 1. 1. 1. 1. 1. 1. 1. 1. 1. 1. 1. 1. 1. 1. 1. 1. 1. 1. 1. 1.
 1. 1. 1. 1. 1. 1. 1. 1. 1. 1. 1. 1. 1. 1. 1. 1. 1. 1. 1. 1. 1. 1. 1. 1.
 1. 1.]

WARN: orbitals [ 0  1  2  3  4  5  6  7  8  9 16 17 18 19 20 21 22 23 24 25 26 27 28 29
 30 31 32 33 34 35 36 37 38 39 40 41 42 43 44 45 46 47 48 49] not symmetrized, norm = [0.5 0.5 0.5 0.5 0.5 0.5 0.5 0.5 0.5 0.5 0.5 0.5 0.5 0.5 0.5 0.5 0.5 0.5
 0.5 0.5 0.5 0.5 0.5 0.5 0.5 0.5 0.5 0.5 0.5 0.5 0.5 0.5 0.5 0.5 0.5 0.5
 0.5 0.5 0.5 0.5 0.5 0.5 0.5 0.5]


WARN: orbitals [23 24 25 26 27 28 29 30 31 32 33 34 35 36 37 38 39 40 41 42 43 44 45 46
 47 48] not symmetrized, norm = [0.94543229 0.99747632 0.97385656 0.95780014 0.71662639 0.7289927
 0.79076076 0.6835619  0.50885849 0.74267013 0.68781796 0.53363635
 0.61461436 0.81392661 0.74550626 0.71723668 0.82597052 0.87740498
 0.86381345 0.868772   0.5311539  0.94191198 0.8827682  0.59843285
 0.92072727 0.83360826]

 init_fspace =  [(5, 0), (3, 3), (5, 0), (4, 4), (4, 4), (4, 4), (4, 4), (4, 4), (4, 4)]
 clusters    =  [[1, 2, 3, 4, 5, 6, 7, 8, 9, 10], [11, 12, 13, 14, 15, 16], [17, 18, 19, 20, 21, 22, 23, 24, 25, 26], [27, 28, 29, 30], [31, 32, 33, 34], [35, 36, 37, 38], [39, 40, 41, 42], [43, 44, 45, 46], [47, 48, 49, 50]]
