(1104, 1104)
(1104, 1104)
 Number of electrons found 480.00000000
 Number of electrons found 480.00000000
    0 =   2.00000000 DOcc
    1 =   2.00000000 DOcc
    2 =   2.00000000 DOcc
    3 =   2.00000000 DOcc
    4 =   2.00000000 DOcc
    5 =   2.00000000 DOcc
    6 =   2.00000000 DOcc
    7 =   2.00000000 DOcc
    8 =   1.99999999 DOcc
    9 =   1.99999999 DOcc
   10 =   1.99999999 DOcc
   11 =   1.99999999 DOcc
   12 =   1.99999999 DOcc
   13 =   1.99999999 DOcc
   14 =   1.99999999 DOcc
   15 =   1.99999999 DOcc
   16 =   1.99999999 DOcc
   17 =   1.99999999 DOcc
   18 =   1.99999999 DOcc
   19 =   1.99999999 DOcc
   20 =   1.99999999 DOcc
   21 =   1.99999999 DOcc
   22 =   1.99999999 DOcc
   23 =   1.99999999 DOcc
   24 =   1.99999999 DOcc
   25 =   1.99999999 DOcc
   26 =   1.99999999 DOcc
   27 =   1.99999999 DOcc
   28 =   1.99999999 DOcc
   29 =   1.99999999 DOcc
   30 =   1.99999999 DOcc
   31 =   1.99999999 DOcc
   32 =   1.99999999 DOcc
   33 =   1.99999999 DOcc
   34 =   1.99999999 DOcc
   35 =   1.99999999 DOcc
   36 =   1.99999999 DOcc
   37 =   1.99999999 DOcc
   38 =   1.99999999 DOcc
   39 =   1.99999999 DOcc
   40 =   1.99999999 DOcc
   41 =   1.99999999 DOcc
   42 =   1.99999999 DOcc
   43 =   1.99999999 DOcc
   44 =   1.99999999 DOcc
   45 =   1.99999999 DOcc
   46 =   1.99999999 DOcc
   47 =   1.99999999 DOcc
   48 =   1.99999999 DOcc
   49 =   1.99999999 DOcc
   50 =   1.99999999 DOcc
   51 =   1.99999999 DOcc
   52 =   1.99999999 DOcc
   53 =   1.99999999 DOcc
   54 =   1.99999999 DOcc
   55 =   1.99999999 DOcc
   56 =   1.99999998 DOcc
   57 =   1.99999998 DOcc
   58 =   1.99999998 DOcc
   59 =   1.99999998 DOcc
   60 =   1.99999998 DOcc
   61 =   1.99999998 DOcc
   62 =   1.99999998 DOcc
   63 =   1.99999998 DOcc
   64 =   1.99999998 DOcc
   65 =   1.99999998 DOcc
   66 =   1.99999998 DOcc
   67 =   1.99999998 DOcc
   68 =   1.99999998 DOcc
   69 =   1.99999997 DOcc
   70 =   1.99999997 DOcc
   71 =   1.99999997 DOcc
   72 =   1.99999145 DOcc
   73 =   1.99999130 DOcc
   74 =   1.99999072 DOcc
   75 =   1.99999060 DOcc
   76 =   1.99999042 DOcc
   77 =   1.99999034 DOcc
   78 =   1.99999009 DOcc
   79 =   1.99998984 DOcc
   80 =   1.99998895 DOcc
   81 =   1.99998846 DOcc
   82 =   1.99998838 DOcc
   83 =   1.99998829 DOcc
   84 =   1.99998825 DOcc
   85 =   1.99998797 DOcc
   86 =   1.99998785 DOcc
   87 =   1.99998763 DOcc
   88 =   1.99998757 DOcc
   89 =   1.99998689 DOcc
   90 =   1.99998678 DOcc
   91 =   1.99998652 DOcc
   92 =   1.99998625 DOcc
   93 =   1.99998609 DOcc
   94 =   1.99998591 DOcc
   95 =   1.99998585 DOcc
   96 =   1.99998580 DOcc
   97 =   1.99998573 DOcc
   98 =   1.99998566 DOcc
   99 =   1.99998559 DOcc
  100 =   1.99998546 DOcc
  101 =   1.99998540 DOcc
  102 =   1.99998514 DOcc
  103 =   1.99998482 DOcc
  104 =   1.99998456 DOcc
  105 =   1.99998412 DOcc
  106 =   1.99998391 DOcc
  107 =   1.99998383 DOcc
  108 =   1.99998367 DOcc
  109 =   1.99998360 DOcc
  110 =   1.99998338 DOcc
  111 =   1.99998311 DOcc
  112 =   1.99998301 DOcc
  113 =   1.99998269 DOcc
  114 =   1.99998265 DOcc
  115 =   1.99998236 DOcc
  116 =   1.99998200 DOcc
  117 =   1.99998189 DOcc
  118 =   1.99998171 DOcc
  119 =   1.99998133 DOcc
  120 =   1.99998129 DOcc
  121 =   1.99998080 DOcc
  122 =   1.99997896 DOcc
  123 =   1.99997793 DOcc
  124 =   1.99997777 DOcc
  125 =   1.99997764 DOcc
  126 =   1.99997737 DOcc
  127 =   1.99997729 DOcc
  128 =   1.99997676 DOcc
  129 =   1.99997663 DOcc
  130 =   1.99997628 DOcc
  131 =   1.99997597 DOcc
  132 =   1.99997440 DOcc
  133 =   1.99997434 DOcc
  134 =   1.99997414 DOcc
  135 =   1.99997395 DOcc
  136 =   1.99997299 DOcc
  137 =   1.99997222 DOcc
  138 =   1.99996944 DOcc
  139 =   1.99996906 DOcc
  140 =   1.99996443 DOcc
  141 =   1.99996399 DOcc
  142 =   1.99996357 DOcc
  143 =   1.99996308 DOcc
  144 =   1.99995759 DOcc
  145 =   1.99995746 DOcc
  146 =   1.99995710 DOcc
  147 =   1.99995686 DOcc
  148 =   1.99995665 DOcc
  149 =   1.99995641 DOcc
  150 =   1.99995615 DOcc
  151 =   1.99995600 DOcc
  152 =   1.99995531 DOcc
  153 =   1.99995511 DOcc
  154 =   1.99995473 DOcc
  155 =   1.99995437 DOcc
  156 =   1.99995424 DOcc
  157 =   1.99995360 DOcc
  158 =   1.99995252 DOcc
  159 =   1.99995223 DOcc
  160 =   1.99994811 DOcc
  161 =   1.99994693 DOcc
  162 =   1.99994565 DOcc
  163 =   1.99994499 DOcc
  164 =   1.99993616 DOcc
  165 =   1.99993547 DOcc
  166 =   1.99993500 DOcc
  167 =   1.99993436 DOcc
  168 =   1.99993391 DOcc
  169 =   1.99993380 DOcc
  170 =   1.99993288 DOcc
  171 =   1.99993132 DOcc
  172 =   1.99992993 DOcc
  173 =   1.99992857 DOcc
  174 =   1.99992821 DOcc
  175 =   1.99992668 DOcc
  176 =   1.99992228 DOcc
  177 =   1.99992031 DOcc
  178 =   1.99991148 DOcc
  179 =   1.99991029 DOcc
  180 =   1.99990595 DOcc
  181 =   1.99990168 DOcc
  182 =   1.99990115 DOcc
  183 =   1.99990015 DOcc
  184 =   1.99988905 DOcc
  185 =   1.99988691 DOcc
  186 =   1.99988469 DOcc
  187 =   1.99988334 DOcc
  188 =   1.99983979 DOcc
  189 =   1.99983611 DOcc
  190 =   1.99983231 DOcc
  191 =   1.99983126 DOcc
  192 =   1.99982344 DOcc
  193 =   1.99981964 DOcc
  194 =   1.99981415 DOcc
  195 =   1.99981377 DOcc
  196 =   1.99981159 DOcc
  197 =   1.99980883 DOcc
  198 =   1.99980252 DOcc
  199 =   1.99980202 DOcc
  200 =   1.99972339 DOcc
  201 =   1.99971559 DOcc
  202 =   1.99970542 DOcc
  203 =   1.99970140 DOcc
  204 =   1.99951597 DOcc
  205 =   1.99951237 DOcc
  206 =   1.99949726 DOcc
  207 =   1.99948334 DOcc
  208 =   1.99943708 DOcc
  209 =   1.99942716 DOcc
  210 =   1.99941235 DOcc
  211 =   1.99939998 DOcc
  212 =   1.99885382 DOcc
  213 =   1.99881680 DOcc
  214 =   1.99879715 DOcc
  215 =   1.99877786 DOcc
  216 =   1.99768818 DOcc
  217 =   1.99751625 DOcc
  218 =   1.99742837 DOcc
  219 =   1.99742226 DOcc
  220 =   1.99711450 Active
  221 =   1.99699826 Active
  222 =   1.99694999 Active
  223 =   1.99691139 Active
  224 =   1.99682631 Active
  225 =   1.99658703 Active
  226 =   1.99651079 Active
  227 =   1.99642149 Active
  228 =   1.99224468 Active
  229 =   1.99164721 Active
  230 =   1.99113492 Active
  231 =   1.99089081 Active
  232 =   1.98987649 Active
  233 =   1.98902778 Active
  234 =   1.98893339 Active
  235 =   1.98826428 Active
  236 =   1.85075634 Active
  237 =   1.81597824 Active
  238 =   1.80329153 Active
  239 =   1.77129930 Active
  240 =   0.23487063 Active
  241 =   0.22071505 Active
  242 =   0.16989917 Active
  243 =   0.13284646 Active
  244 =   0.01164831 Active
  245 =   0.01133518 Active
  246 =   0.01060765 Active
  247 =   0.01007632 Active
  248 =   0.00903386 Active
  249 =   0.00876434 Active
  250 =   0.00832496 Active
  251 =   0.00759830 Active
  252 =   0.00364930 Active
  253 =   0.00355949 Active
  254 =   0.00338625 Active
  255 =   0.00336225 Active
  256 =   0.00309984 Active
  257 =   0.00301331 Active
  258 =   0.00293945 Active
  259 =   0.00287271 Active
  260 =   0.00261761 Virt
  261 =   0.00254004 Virt
  262 =   0.00250101 Virt
  263 =   0.00237641 Virt
  264 =   0.00116722 Virt
  265 =   0.00114879 Virt
  266 =   0.00112263 Virt
  267 =   0.00110837 Virt
  268 =   0.00057785 Virt
  269 =   0.00057207 Virt
  270 =   0.00056509 Virt
  271 =   0.00055904 Virt
  272 =   0.00049475 Virt
  273 =   0.00048820 Virt
  274 =   0.00048460 Virt
  275 =   0.00048039 Virt
  276 =   0.00029762 Virt
  277 =   0.00029405 Virt
  278 =   0.00028439 Virt
  279 =   0.00027629 Virt
  280 =   0.00019941 Virt
  281 =   0.00019775 Virt
  282 =   0.00019266 Virt
  283 =   0.00018693 Virt
  284 =   0.00018580 Virt
  285 =   0.00018512 Virt
  286 =   0.00017869 Virt
  287 =   0.00017511 Virt
  288 =   0.00016706 Virt
  289 =   0.00016610 Virt
  290 =   0.00016170 Virt
  291 =   0.00015844 Virt
  292 =   0.00014123 Virt
  293 =   0.00012563 Virt
  294 =   0.00011734 Virt
  295 =   0.00011680 Virt
  296 =   0.00011485 Virt
  297 =   0.00011110 Virt
  298 =   0.00010685 Virt
  299 =   0.00010448 Virt
  300 =   0.00009733 Virt
  301 =   0.00009410 Virt
  302 =   0.00009335 Virt
  303 =   0.00009097 Virt
  304 =   0.00008771 Virt
  305 =   0.00008021 Virt
  306 =   0.00007921 Virt
  307 =   0.00007243 Virt
  308 =   0.00007178 Virt
  309 =   0.00006887 Virt
  310 =   0.00006648 Virt
  311 =   0.00006418 Virt
  312 =   0.00006284 Virt
  313 =   0.00006258 Virt
  314 =   0.00006145 Virt
  315 =   0.00006022 Virt
  316 =   0.00005903 Virt
  317 =   0.00005822 Virt
  318 =   0.00005695 Virt
  319 =   0.00005416 Virt
  320 =   0.00005355 Virt
  321 =   0.00005309 Virt
  322 =   0.00005295 Virt
  323 =   0.00005232 Virt
  324 =   0.00005189 Virt
  325 =   0.00005138 Virt
  326 =   0.00005109 Virt
  327 =   0.00004856 Virt
  328 =   0.00004452 Virt
  329 =   0.00004373 Virt
  330 =   0.00004321 Virt
  331 =   0.00004263 Virt
  332 =   0.00004093 Virt
  333 =   0.00004049 Virt
  334 =   0.00003974 Virt
  335 =   0.00003930 Virt
  336 =   0.00003849 Virt
  337 =   0.00003832 Virt
  338 =   0.00003770 Virt
  339 =   0.00003740 Virt
  340 =   0.00003709 Virt
  341 =   0.00003690 Virt
  342 =   0.00003648 Virt
  343 =   0.00003610 Virt
  344 =   0.00003381 Virt
  345 =   0.00003073 Virt
  346 =   0.00002904 Virt
  347 =   0.00002831 Virt
  348 =   0.00002708 Virt
  349 =   0.00002601 Virt
  350 =   0.00002556 Virt
  351 =   0.00002519 Virt
  352 =   0.00002486 Virt
  353 =   0.00002436 Virt
  354 =   0.00002418 Virt
  355 =   0.00002373 Virt
  356 =   0.00002356 Virt
  357 =   0.00002306 Virt
  358 =   0.00002284 Virt
  359 =   0.00002233 Virt
  360 =   0.00002186 Virt
  361 =   0.00002152 Virt
  362 =   0.00002133 Virt
  363 =   0.00002098 Virt
  364 =   0.00002080 Virt
  365 =   0.00002066 Virt
  366 =   0.00002051 Virt
  367 =   0.00001949 Virt
  368 =   0.00001935 Virt
  369 =   0.00001898 Virt
  370 =   0.00001824 Virt
  371 =   0.00001806 Virt
  372 =   0.00001793 Virt
  373 =   0.00001754 Virt
  374 =   0.00001731 Virt
  375 =   0.00001709 Virt
  376 =   0.00001689 Virt
  377 =   0.00001657 Virt
  378 =   0.00001636 Virt
  379 =   0.00001630 Virt
  380 =   0.00001612 Virt
  381 =   0.00001600 Virt
  382 =   0.00001589 Virt
  383 =   0.00001578 Virt
  384 =   0.00001570 Virt
  385 =   0.00001519 Virt
  386 =   0.00001514 Virt
  387 =   0.00001491 Virt
  388 =   0.00001420 Virt
  389 =   0.00001394 Virt
  390 =   0.00001352 Virt
  391 =   0.00001313 Virt
  392 =   0.00001299 Virt
  393 =   0.00001293 Virt
  394 =   0.00001240 Virt
  395 =   0.00001208 Virt
  396 =   0.00001194 Virt
  397 =   0.00001170 Virt
  398 =   0.00001148 Virt
  399 =   0.00001133 Virt
  400 =   0.00001114 Virt
  401 =   0.00001104 Virt
  402 =   0.00001085 Virt
  403 =   0.00001075 Virt
  404 =   0.00001038 Virt
  405 =   0.00001035 Virt
  406 =   0.00001031 Virt
  407 =   0.00001009 Virt
  408 =   0.00000997 Virt
  409 =   0.00000989 Virt
  410 =   0.00000978 Virt
  411 =   0.00000970 Virt
  412 =   0.00000967 Virt
  413 =   0.00000947 Virt
  414 =   0.00000941 Virt
  415 =   0.00000935 Virt
  416 =   0.00000926 Virt
  417 =   0.00000912 Virt
  418 =   0.00000893 Virt
  419 =   0.00000874 Virt
  420 =   0.00000868 Virt
  421 =   0.00000856 Virt
  422 =   0.00000832 Virt
  423 =   0.00000827 Virt
  424 =   0.00000824 Virt
  425 =   0.00000806 Virt
  426 =   0.00000782 Virt
  427 =   0.00000776 Virt
  428 =   0.00000770 Virt
  429 =   0.00000755 Virt
  430 =   0.00000746 Virt
  431 =   0.00000745 Virt
  432 =   0.00000723 Virt
  433 =   0.00000716 Virt
  434 =   0.00000705 Virt
  435 =   0.00000699 Virt
  436 =   0.00000691 Virt
  437 =   0.00000680 Virt
  438 =   0.00000672 Virt
  439 =   0.00000670 Virt
  440 =   0.00000660 Virt
  441 =   0.00000642 Virt
  442 =   0.00000629 Virt
  443 =   0.00000616 Virt
  444 =   0.00000608 Virt
  445 =   0.00000599 Virt
  446 =   0.00000597 Virt
  447 =   0.00000590 Virt
  448 =   0.00000577 Virt
  449 =   0.00000563 Virt
  450 =   0.00000535 Virt
  451 =   0.00000527 Virt
  452 =   0.00000517 Virt
  453 =   0.00000512 Virt
  454 =   0.00000507 Virt
  455 =   0.00000495 Virt
  456 =   0.00000489 Virt
  457 =   0.00000485 Virt
  458 =   0.00000476 Virt
  459 =   0.00000476 Virt
  460 =   0.00000460 Virt
  461 =   0.00000454 Virt
  462 =   0.00000443 Virt
  463 =   0.00000433 Virt
  464 =   0.00000417 Virt
  465 =   0.00000413 Virt
  466 =   0.00000408 Virt
  467 =   0.00000397 Virt
  468 =   0.00000381 Virt
  469 =   0.00000369 Virt
  470 =   0.00000367 Virt
  471 =   0.00000354 Virt
  472 =   0.00000349 Virt
  473 =   0.00000338 Virt
  474 =   0.00000331 Virt
  475 =   0.00000322 Virt
  476 =   0.00000321 Virt
  477 =   0.00000317 Virt
  478 =   0.00000312 Virt
  479 =   0.00000308 Virt
  480 =   0.00000305 Virt
  481 =   0.00000300 Virt
  482 =   0.00000292 Virt
  483 =   0.00000289 Virt
  484 =   0.00000276 Virt
  485 =   0.00000272 Virt
  486 =   0.00000271 Virt
  487 =   0.00000263 Virt
  488 =   0.00000250 Virt
  489 =   0.00000241 Virt
  490 =   0.00000236 Virt
  491 =   0.00000226 Virt
  492 =   0.00000224 Virt
  493 =   0.00000212 Virt
  494 =   0.00000210 Virt
  495 =   0.00000206 Virt
  496 =   0.00000193 Virt
  497 =   0.00000191 Virt
  498 =   0.00000188 Virt
  499 =   0.00000187 Virt
  500 =   0.00000183 Virt
  501 =   0.00000176 Virt
  502 =   0.00000171 Virt
  503 =   0.00000169 Virt
  504 =   0.00000167 Virt
  505 =   0.00000164 Virt
  506 =   0.00000161 Virt
  507 =   0.00000159 Virt
  508 =   0.00000154 Virt
  509 =   0.00000152 Virt
  510 =   0.00000151 Virt
  511 =   0.00000149 Virt
  512 =   0.00000148 Virt
  513 =   0.00000147 Virt
  514 =   0.00000144 Virt
  515 =   0.00000142 Virt
  516 =   0.00000141 Virt
  517 =   0.00000141 Virt
  518 =   0.00000138 Virt
  519 =   0.00000137 Virt
  520 =   0.00000134 Virt
  521 =   0.00000128 Virt
  522 =   0.00000125 Virt
  523 =   0.00000120 Virt
  524 =   0.00000118 Virt
  525 =   0.00000117 Virt
  526 =   0.00000116 Virt
  527 =   0.00000114 Virt
  528 =   0.00000112 Virt
  529 =   0.00000110 Virt
  530 =   0.00000108 Virt
  531 =   0.00000106 Virt
  532 =   0.00000105 Virt
  533 =   0.00000103 Virt
  534 =   0.00000100 Virt
  535 =   0.00000099 Virt
  536 =   0.00000096 Virt
  537 =   0.00000095 Virt
  538 =   0.00000093 Virt
  539 =   0.00000090 Virt
  540 =   0.00000086 Virt
  541 =   0.00000082 Virt
  542 =   0.00000079 Virt
  543 =   0.00000078 Virt
  544 =   0.00000076 Virt
  545 =   0.00000074 Virt
  546 =   0.00000071 Virt
  547 =   0.00000070 Virt
  548 =   0.00000069 Virt
  549 =   0.00000066 Virt
  550 =   0.00000066 Virt
  551 =   0.00000065 Virt
  552 =   0.00000064 Virt
  553 =   0.00000062 Virt
  554 =   0.00000061 Virt
  555 =   0.00000058 Virt
  556 =   0.00000057 Virt
  557 =   0.00000057 Virt
  558 =   0.00000055 Virt
  559 =   0.00000054 Virt
  560 =   0.00000051 Virt
  561 =   0.00000050 Virt
  562 =   0.00000049 Virt
  563 =   0.00000048 Virt
  564 =   0.00000047 Virt
  565 =   0.00000046 Virt
  566 =   0.00000043 Virt
  567 =   0.00000042 Virt
  568 =   0.00000041 Virt
  569 =   0.00000040 Virt
  570 =   0.00000039 Virt
  571 =   0.00000039 Virt
  572 =   0.00000039 Virt
  573 =   0.00000038 Virt
  574 =   0.00000036 Virt
  575 =   0.00000036 Virt
  576 =   0.00000036 Virt
  577 =   0.00000034 Virt
  578 =   0.00000034 Virt
  579 =   0.00000033 Virt
  580 =   0.00000033 Virt
  581 =   0.00000033 Virt
  582 =   0.00000031 Virt
  583 =   0.00000031 Virt
  584 =   0.00000030 Virt
  585 =   0.00000030 Virt
  586 =   0.00000030 Virt
  587 =   0.00000029 Virt
  588 =   0.00000029 Virt
  589 =   0.00000028 Virt
  590 =   0.00000027 Virt
  591 =   0.00000027 Virt
  592 =   0.00000026 Virt
  593 =   0.00000026 Virt
  594 =   0.00000025 Virt
  595 =   0.00000025 Virt
  596 =   0.00000025 Virt
  597 =   0.00000024 Virt
  598 =   0.00000024 Virt
  599 =   0.00000024 Virt
  600 =   0.00000023 Virt
  601 =   0.00000023 Virt
  602 =   0.00000022 Virt
  603 =   0.00000022 Virt
  604 =   0.00000021 Virt
  605 =   0.00000021 Virt
  606 =   0.00000020 Virt
  607 =   0.00000020 Virt
  608 =   0.00000020 Virt
  609 =   0.00000019 Virt
  610 =   0.00000019 Virt
  611 =   0.00000019 Virt
  612 =   0.00000019 Virt
  613 =   0.00000018 Virt
  614 =   0.00000018 Virt
  615 =   0.00000018 Virt
  616 =   0.00000017 Virt
  617 =   0.00000017 Virt
  618 =   0.00000017 Virt
  619 =   0.00000016 Virt
  620 =   0.00000016 Virt
  621 =   0.00000016 Virt
  622 =   0.00000016 Virt
  623 =   0.00000015 Virt
  624 =   0.00000015 Virt
  625 =   0.00000015 Virt
  626 =   0.00000015 Virt
  627 =   0.00000015 Virt
  628 =   0.00000015 Virt
  629 =   0.00000014 Virt
  630 =   0.00000014 Virt
  631 =   0.00000014 Virt
  632 =   0.00000014 Virt
  633 =   0.00000014 Virt
  634 =   0.00000013 Virt
  635 =   0.00000013 Virt
  636 =   0.00000013 Virt
  637 =   0.00000013 Virt
  638 =   0.00000013 Virt
  639 =   0.00000012 Virt
  640 =   0.00000012 Virt
  641 =   0.00000012 Virt
  642 =   0.00000012 Virt
  643 =   0.00000011 Virt
  644 =   0.00000011 Virt
  645 =   0.00000011 Virt
  646 =   0.00000011 Virt
  647 =   0.00000011 Virt
  648 =   0.00000011 Virt
  649 =   0.00000010 Virt
  650 =   0.00000010 Virt
  651 =   0.00000010 Virt
  652 =   0.00000010 Virt
  653 =   0.00000010 Virt
  654 =   0.00000010 Virt
  655 =   0.00000010 Virt
  656 =   0.00000009 Virt
  657 =   0.00000009 Virt
  658 =   0.00000009 Virt
  659 =   0.00000009 Virt
  660 =   0.00000009 Virt
  661 =   0.00000009 Virt
  662 =   0.00000009 Virt
  663 =   0.00000009 Virt
  664 =   0.00000008 Virt
  665 =   0.00000008 Virt
  666 =   0.00000008 Virt
  667 =   0.00000008 Virt
  668 =   0.00000008 Virt
  669 =   0.00000008 Virt
  670 =   0.00000008 Virt
  671 =   0.00000007 Virt
  672 =   0.00000007 Virt
  673 =   0.00000007 Virt
  674 =   0.00000007 Virt
  675 =   0.00000007 Virt
  676 =   0.00000007 Virt
  677 =   0.00000007 Virt
  678 =   0.00000007 Virt
  679 =   0.00000007 Virt
  680 =   0.00000006 Virt
  681 =   0.00000006 Virt
  682 =   0.00000006 Virt
  683 =   0.00000006 Virt
  684 =   0.00000006 Virt
  685 =   0.00000006 Virt
  686 =   0.00000006 Virt
  687 =   0.00000006 Virt
  688 =   0.00000006 Virt
  689 =   0.00000006 Virt
  690 =   0.00000005 Virt
  691 =   0.00000005 Virt
  692 =   0.00000005 Virt
  693 =   0.00000005 Virt
  694 =   0.00000005 Virt
  695 =   0.00000005 Virt
  696 =   0.00000005 Virt
  697 =   0.00000005 Virt
  698 =   0.00000005 Virt
  699 =   0.00000005 Virt
  700 =   0.00000005 Virt
  701 =   0.00000005 Virt
  702 =   0.00000004 Virt
  703 =   0.00000004 Virt
  704 =   0.00000004 Virt
  705 =   0.00000004 Virt
  706 =   0.00000004 Virt
  707 =   0.00000004 Virt
  708 =   0.00000004 Virt
  709 =   0.00000004 Virt
  710 =   0.00000004 Virt
  711 =   0.00000004 Virt
  712 =   0.00000004 Virt
  713 =   0.00000004 Virt
  714 =   0.00000004 Virt
  715 =   0.00000003 Virt
  716 =   0.00000003 Virt
  717 =   0.00000003 Virt
  718 =   0.00000003 Virt
  719 =   0.00000003 Virt
  720 =   0.00000003 Virt
  721 =   0.00000003 Virt
  722 =   0.00000003 Virt
  723 =   0.00000003 Virt
  724 =   0.00000003 Virt
  725 =   0.00000003 Virt
  726 =   0.00000003 Virt
  727 =   0.00000003 Virt
  728 =   0.00000003 Virt
  729 =   0.00000003 Virt
  730 =   0.00000003 Virt
  731 =   0.00000003 Virt
  732 =   0.00000002 Virt
  733 =   0.00000002 Virt
  734 =   0.00000002 Virt
  735 =   0.00000002 Virt
  736 =   0.00000002 Virt
  737 =   0.00000002 Virt
  738 =   0.00000002 Virt
  739 =   0.00000002 Virt
  740 =   0.00000002 Virt
  741 =   0.00000002 Virt
  742 =   0.00000002 Virt
  743 =   0.00000002 Virt
  744 =   0.00000002 Virt
  745 =   0.00000002 Virt
  746 =   0.00000002 Virt
  747 =   0.00000002 Virt
  748 =   0.00000002 Virt
  749 =   0.00000002 Virt
  750 =   0.00000002 Virt
  751 =   0.00000002 Virt
  752 =   0.00000002 Virt
  753 =   0.00000002 Virt
  754 =   0.00000002 Virt
  755 =   0.00000002 Virt
  756 =   0.00000001 Virt
  757 =   0.00000001 Virt
  758 =   0.00000001 Virt
  759 =   0.00000001 Virt
  760 =   0.00000001 Virt
  761 =   0.00000001 Virt
  762 =   0.00000001 Virt
  763 =   0.00000001 Virt
  764 =   0.00000001 Virt
  765 =   0.00000001 Virt
  766 =   0.00000001 Virt
  767 =   0.00000001 Virt
  768 =   0.00000001 Virt
  769 =   0.00000001 Virt
  770 =   0.00000001 Virt
  771 =   0.00000001 Virt
  772 =   0.00000001 Virt
  773 =   0.00000001 Virt
  774 =   0.00000001 Virt
  775 =   0.00000001 Virt
  776 =   0.00000001 Virt
  777 =   0.00000001 Virt
  778 =   0.00000001 Virt
  779 =   0.00000001 Virt
  780 =   0.00000001 Virt
  781 =   0.00000001 Virt
  782 =   0.00000001 Virt
  783 =   0.00000001 Virt
  784 =   0.00000001 Virt
  785 =   0.00000001 Virt
  786 =   0.00000001 Virt
  787 =   0.00000001 Virt
  788 =   0.00000001 Virt
  789 =   0.00000001 Virt
  790 =   0.00000001 Virt
  791 =   0.00000001 Virt
  792 =   0.00000001 Virt
  793 =   0.00000001 Virt
  794 =   0.00000001 Virt
  795 =   0.00000001 Virt
  796 =   0.00000001 Virt
  797 =   0.00000001 Virt
  798 =   0.00000001 Virt
  799 =   0.00000001 Virt
  800 =   0.00000001 Virt
  801 =   0.00000001 Virt
  802 =   0.00000001 Virt
  803 =   0.00000001 Virt
  804 =   0.00000001 Virt
  805 =   0.00000001 Virt
  806 =   0.00000001 Virt
  807 =   0.00000001 Virt
  808 =   0.00000001 Virt
  809 =   0.00000000 Virt
  810 =   0.00000000 Virt
  811 =   0.00000000 Virt
  812 =   0.00000000 Virt
  813 =   0.00000000 Virt
  814 =   0.00000000 Virt
  815 =   0.00000000 Virt
  816 =   0.00000000 Virt
  817 =   0.00000000 Virt
  818 =   0.00000000 Virt
  819 =   0.00000000 Virt
  820 =   0.00000000 Virt
  821 =   0.00000000 Virt
  822 =   0.00000000 Virt
  823 =   0.00000000 Virt
  824 =   0.00000000 Virt
  825 =   0.00000000 Virt
  826 =   0.00000000 Virt
  827 =   0.00000000 Virt
  828 =   0.00000000 Virt
  829 =   0.00000000 Virt
  830 =   0.00000000 Virt
  831 =   0.00000000 Virt
  832 =   0.00000000 Virt
  833 =   0.00000000 Virt
  834 =   0.00000000 Virt
  835 =   0.00000000 Virt
  836 =   0.00000000 Virt
  837 =   0.00000000 Virt
  838 =   0.00000000 Virt
  839 =   0.00000000 Virt
  840 =   0.00000000 Virt
  841 =   0.00000000 Virt
  842 =   0.00000000 Virt
  843 =   0.00000000 Virt
  844 =   0.00000000 Virt
  845 =   0.00000000 Virt
  846 =   0.00000000 Virt
  847 =   0.00000000 Virt
  848 =   0.00000000 Virt
  849 =   0.00000000 Virt
  850 =   0.00000000 Virt
  851 =   0.00000000 Virt
  852 =   0.00000000 Virt
  853 =   0.00000000 Virt
  854 =   0.00000000 Virt
  855 =   0.00000000 Virt
  856 =   0.00000000 Virt
  857 =   0.00000000 Virt
  858 =   0.00000000 Virt
  859 =   0.00000000 Virt
  860 =   0.00000000 Virt
  861 =   0.00000000 Virt
  862 =   0.00000000 Virt
  863 =   0.00000000 Virt
  864 =   0.00000000 Virt
  865 =   0.00000000 Virt
  866 =   0.00000000 Virt
  867 =   0.00000000 Virt
  868 =   0.00000000 Virt
  869 =   0.00000000 Virt
  870 =   0.00000000 Virt
  871 =   0.00000000 Virt
  872 =   0.00000000 Virt
  873 =   0.00000000 Virt
  874 =   0.00000000 Virt
  875 =   0.00000000 Virt
  876 =   0.00000000 Virt
  877 =   0.00000000 Virt
  878 =   0.00000000 Virt
  879 =   0.00000000 Virt
  880 =   0.00000000 Virt
  881 =   0.00000000 Virt
  882 =   0.00000000 Virt
  883 =   0.00000000 Virt
  884 =   0.00000000 Virt
  885 =   0.00000000 Virt
  886 =   0.00000000 Virt
  887 =   0.00000000 Virt
  888 =   0.00000000 Virt
  889 =   0.00000000 Virt
  890 =   0.00000000 Virt
  891 =   0.00000000 Virt
  892 =   0.00000000 Virt
  893 =   0.00000000 Virt
  894 =   0.00000000 Virt
  895 =   0.00000000 Virt
  896 =   0.00000000 Virt
  897 =   0.00000000 Virt
  898 =   0.00000000 Virt
  899 =   0.00000000 Virt
  900 =   0.00000000 Virt
  901 =   0.00000000 Virt
  902 =   0.00000000 Virt
  903 =   0.00000000 Virt
  904 =   0.00000000 Virt
  905 =   0.00000000 Virt
  906 =   0.00000000 Virt
  907 =   0.00000000 Virt
  908 =   0.00000000 Virt
  909 =   0.00000000 Virt
  910 =   0.00000000 Virt
  911 =   0.00000000 Virt
  912 =   0.00000000 Virt
  913 =   0.00000000 Virt
  914 =   0.00000000 Virt
  915 =   0.00000000 Virt
  916 =   0.00000000 Virt
  917 =   0.00000000 Virt
  918 =   0.00000000 Virt
  919 =   0.00000000 Virt
  920 =   0.00000000 Virt
  921 =   0.00000000 Virt
  922 =   0.00000000 Virt
  923 =   0.00000000 Virt
  924 =   0.00000000 Virt
  925 =   0.00000000 Virt
  926 =   0.00000000 Virt
  927 =   0.00000000 Virt
  928 =   0.00000000 Virt
  929 =   0.00000000 Virt
  930 =   0.00000000 Virt
  931 =   0.00000000 Virt
  932 =   0.00000000 Virt
  933 =   0.00000000 Virt
  934 =   0.00000000 Virt
  935 =   0.00000000 Virt
  936 =   0.00000000 Virt
  937 =   0.00000000 Virt
  938 =   0.00000000 Virt
  939 =   0.00000000 Virt
  940 =   0.00000000 Virt
  941 =   0.00000000 Virt
  942 =   0.00000000 Virt
  943 =   0.00000000 Virt
  944 =   0.00000000 Virt
  945 =   0.00000000 Virt
  946 =   0.00000000 Virt
  947 =   0.00000000 Virt
  948 =   0.00000000 Virt
  949 =   0.00000000 Virt
  950 =   0.00000000 Virt
  951 =   0.00000000 Virt
  952 =   0.00000000 Virt
  953 =   0.00000000 Virt
  954 =   0.00000000 Virt
  955 =   0.00000000 Virt
  956 =   0.00000000 Virt
  957 =   0.00000000 Virt
  958 =   0.00000000 Virt
  959 =   0.00000000 Virt
  960 =   0.00000000 Virt
  961 =   0.00000000 Virt
  962 =   0.00000000 Virt
  963 =   0.00000000 Virt
  964 =   0.00000000 Virt
  965 =   0.00000000 Virt
  966 =   0.00000000 Virt
  967 =   0.00000000 Virt
  968 =   0.00000000 Virt
  969 =   0.00000000 Virt
  970 =   0.00000000 Virt
  971 =   0.00000000 Virt
  972 =   0.00000000 Virt
  973 =   0.00000000 Virt
  974 =   0.00000000 Virt
  975 =   0.00000000 Virt
  976 =   0.00000000 Virt
  977 =   0.00000000 Virt
  978 =   0.00000000 Virt
  979 =   0.00000000 Virt
  980 =   0.00000000 Virt
  981 =   0.00000000 Virt
  982 =   0.00000000 Virt
  983 =   0.00000000 Virt
  984 =   0.00000000 Virt
  985 =   0.00000000 Virt
  986 =   0.00000000 Virt
  987 =   0.00000000 Virt
  988 =   0.00000000 Virt
  989 =   0.00000000 Virt
  990 =   0.00000000 Virt
  991 =   0.00000000 Virt
  992 =   0.00000000 Virt
  993 =   0.00000000 Virt
  994 =   0.00000000 Virt
  995 =   0.00000000 Virt
  996 =   0.00000000 Virt
  997 =   0.00000000 Virt
  998 =   0.00000000 Virt
  999 =   0.00000000 Virt
 1000 =   0.00000000 Virt
 1001 =   0.00000000 Virt
 1002 =   0.00000000 Virt
 1003 =   0.00000000 Virt
 1004 =   0.00000000 Virt
 1005 =   0.00000000 Virt
 1006 =   0.00000000 Virt
 1007 =   0.00000000 Virt
 1008 =   0.00000000 Virt
 1009 =   0.00000000 Virt
 1010 =   0.00000000 Virt
 1011 =   0.00000000 Virt
 1012 =   0.00000000 Virt
 1013 =   0.00000000 Virt
 1014 =   0.00000000 Virt
 1015 =   0.00000000 Virt
 1016 =   0.00000000 Virt
 1017 =   0.00000000 Virt
 1018 =   0.00000000 Virt
 1019 =   0.00000000 Virt
 1020 =   0.00000000 Virt
 1021 =   0.00000000 Virt
 1022 =   0.00000000 Virt
 1023 =   0.00000000 Virt
 1024 =   0.00000000 Virt
 1025 =   0.00000000 Virt
 1026 =   0.00000000 Virt
 1027 =   0.00000000 Virt
 1028 =   0.00000000 Virt
 1029 =   0.00000000 Virt
 1030 =   0.00000000 Virt
 1031 =   0.00000000 Virt
 1032 =   0.00000000 Virt
 1033 =   0.00000000 Virt
 1034 =   0.00000000 Virt
 1035 =   0.00000000 Virt
 1036 =   0.00000000 Virt
 1037 =   0.00000000 Virt
 1038 =   0.00000000 Virt
 1039 =   0.00000000 Virt
 1040 =   0.00000000 Virt
 1041 =   0.00000000 Virt
 1042 =   0.00000000 Virt
 1043 =   0.00000000 Virt
 1044 =   0.00000000 Virt
 1045 =   0.00000000 Virt
 1046 =   0.00000000 Virt
 1047 =   0.00000000 Virt
 1048 =   0.00000000 Virt
 1049 =   0.00000000 Virt
 1050 =   0.00000000 Virt
 1051 =   0.00000000 Virt
 1052 =   0.00000000 Virt
 1053 =   0.00000000 Virt
 1054 =   0.00000000 Virt
 1055 =   0.00000000 Virt
 1056 =   0.00000000 Virt
 1057 =   0.00000000 Virt
 1058 =   0.00000000 Virt
 1059 =   0.00000000 Virt
 1060 =   0.00000000 Virt
 1061 =   0.00000000 Virt
 1062 =   0.00000000 Virt
 1063 =   0.00000000 Virt
 1064 =   0.00000000 Virt
 1065 =   0.00000000 Virt
 1066 =   0.00000000 Virt
 1067 =   0.00000000 Virt
 1068 =   0.00000000 Virt
 1069 =   0.00000000 Virt
 1070 =   0.00000000 Virt
 1071 =   0.00000000 Virt
 1072 =   0.00000000 Virt
 1073 =   0.00000000 Virt
 1074 =   0.00000000 Virt
 1075 =   0.00000000 Virt
 1076 =   0.00000000 Virt
 1077 =   0.00000000 Virt
 1078 =   0.00000000 Virt
 1079 =   0.00000000 Virt
 1080 =   0.00000000 Virt
 1081 =   0.00000000 Virt
 1082 =   0.00000000 Virt
 1083 =   0.00000000 Virt
 1084 =   0.00000000 Virt
 1085 =   0.00000000 Virt
 1086 =   0.00000000 Virt
 1087 =   0.00000000 Virt
 1088 =   0.00000000 Virt
 1089 =   0.00000000 Virt
 1090 =   0.00000000 Virt
 1091 =   0.00000000 Virt
 1092 =   0.00000000 Virt
 1093 =   0.00000000 Virt
 1094 =   0.00000000 Virt
 1095 =   0.00000000 Virt
 1096 =   0.00000000 Virt
 1097 =   0.00000000 Virt
 1098 =   0.00000000 Virt
 1099 =   0.00000000 Virt
 1100 =   0.00000000 Virt
 1101 =   0.00000000 Virt
 1102 =   0.00000000 Virt
 1103 =   0.00000000 Virt
 Number of active orbitals:  40
 Number of doc    orbitals:  220
Set conv_tol_grad to 0.000316228
macro= 1  f(x)= 4.2406769386356  delta_f= 4.24068  |g|= 0.699352  4 KF 20 Hx
macro= 2  f(x)= 7.0208317232377  delta_f= 2.78015  |g|= 0.92167  4 KF 20 Hx
macro= 3  f(x)= 10.491530521667  delta_f= 3.4707  |g|= 0.782409  4 KF 20 Hx
macro= 4  f(x)= 12.122213731482  delta_f= 1.63068  |g|= 0.680971  4 KF 20 Hx
macro= 5  f(x)= 13.962516710542  delta_f= 1.8403  |g|= 0.584929  4 KF 21 Hx
macro= 6  f(x)= 14.701095267113  delta_f= 0.738579  |g|= 0.338486  4 KF 22 Hx
macro= 7  f(x)= 14.783651939498  delta_f= 0.0825567  |g|= 0.0441514  5 KF 25 Hx
macro= 8  f(x)= 14.793424185844  delta_f= 0.00977225  |g|= 0.00690956  4 KF 10 Hx
macro= 9  f(x)= 14.793506877991  delta_f= 8.26921e-05  |g|= 0.000453743  2 KF 10 Hx
macro= 10  f(x)= 14.7935069183  delta_f= 4.03086e-08  |g|= 9.36857e-05  1 KF 4 Hx
macro X = 10  f(x)= 14.7935069183  |g|= 9.36857e-05  20 intor 36 KF 172 Hx
