symmetry:  C2


******** <class 'pyscf.scf.hf_symm.SymAdaptedROHF'> ********
method = SymAdaptedROHF-ROHF-RHF
initial guess = chkfile
damping factor = 0
level_shift factor = 0
DIIS = <class 'pyscf.scf.diis.CDIIS'>
diis_start_cycle = 1
diis_space = 8
SCF conv_tol = 1e-08
SCF conv_tol_grad = 1e-05
SCF max_cycles = 50
direct_scf = True
direct_scf_tol = 1e-13
chkfile to save SCF result = scf.fchk
max_memory 4000 MB (current use 0 MB)
num. doubly occ = 77  num. singly occ = 10
init E= -5357.32520483646
HOMO (B) = -0.000992916746141292  LUMO (B) = 0.170401665653382
cycle= 1 E= -5357.32520483648  delta_E= -1.46e-11  |g|= 2.03e-06  |ddm|= 4.22e-05
HOMO (B) = -0.000993400725567501  LUMO (B) = 0.170401659302496
Extra cycle  E= -5357.32520483646  delta_E= 1.27e-11  |g|= 5.34e-06  |ddm|= 5.29e-05
converged SCF energy = -5357.32520483646
[[25, 26, 27, 28, 29, 30, 31, 32, 33, 34], [63, 64, 65, 66, 67, 68], [107, 108, 109, 110, 111, 112, 113, 114, 115, 116]]
 In svd_subspace_partitioning_nonorth
 Partition  303 orbitals into a total of   26 orbitals
            Index   Sing. Val. Space       
                0   0.99730235            0*
                1   0.99519757            0*
                2   0.99475745            2*
                3   0.99455718            0*
                4   0.99154524            2*
                5   0.99027457            1*
                6   0.98968676            1*
                7   0.98715020            1*
                8   0.98691040            1*
                9   0.98307315            2*
               10   0.98056683            2*
               11   0.98028356            2*
               12   0.97226437            2*
               13   0.97173899            2*
               14   0.96855627            1*
               15   0.96849797            1*
               16   0.96667582            1*
               17   0.96220294            1*
               18   0.95095182            1*
               19   0.95018152            1*
               20   0.94023595            2*
               21   0.93869345            2*
               22   0.91347705            2*
               23   0.91102641            2*
               24   0.90426902            2*
               25   0.87930202            2*
               26   0.54907225            0
               27   0.51710530            0
               28   0.49981797            0
               29   0.47667041            0
               30   0.42253747            0
               31   0.41938902            0
               32   0.28456893            0
               33   0.28075757            0
               34   0.24179295            0
               35   0.24095070            0
               36   0.19620116            0
               37   0.13388629            0
               38   0.11458378            2
               39   0.10409492            2
               40   0.10260856            0
               41   0.08298407            2
               42   0.07531499            0
               43   0.07521218            0
               44   0.05869611            0
               45   0.05365083            0
               46   0.05362711            0
               47   0.04168998            2
               48   0.04015838            0
               49   0.02781129            2
               50   0.02643194            2
               51   0.02195605            2
               52   0.02108809            2
               53   0.01854687            2
               54   0.01477266            2
               55   0.01390694            2
               56   0.01357306            2
               57   0.01248715            2
               58   0.01227556            0
               59   0.00580661            0
               60   0.00455917            0
               61   0.00331079            0
  SVD active space has the following dimensions:
  Orbital Block    Environment         Active
              0             74              3
              1              0             10
              2            203             13

 Fragment:  [25, 26, 27, 28, 29, 30, 31, 32, 33, 34]
 In svd_subspace_partitioning_nonorth
 Partition   26 orbitals into a total of   10 orbitals
            Index   Sing. Val. Space       
                0   0.97902668            1*
                1   0.97499111            1*
                2   0.96198192            2*
                3   0.95804012            2*
                4   0.95757121            1*
                5   0.94625997            1*
                6   0.92930270            1*
                7   0.92650539            2*
                8   0.91003433            2*
                9   0.89155586            2*
               10   0.35625846            0
               11   0.32259375            0
               12   0.30902583            0
               13   0.05628209            1
               14   0.05194070            1
               15   0.03593506            2
               16   0.02819136            1
               17   0.01089652            2
               18   0.00977445            2
               19   0.00062770            2
               20   0.00056480            2
               21   0.00038814            1
               22   0.00018088            1
  SVD active space has the following dimensions:
  Orbital Block    Environment         Active
              0              3              0
              1              5              5
              2              8              5

 Fragment:  [63, 64, 65, 66, 67, 68]
 In svd_subspace_partitioning_nonorth
 Partition   26 orbitals into a total of    6 orbitals
            Index   Sing. Val. Space       
                0   0.98681304            2*
                1   0.98355227            2*
                2   0.97363297            0*
                3   0.97155680            0*
                4   0.96598177            0*
                5   0.93917920            2*
                6   0.25473875            1
                7   0.22408956            1
                8   0.22378887            1
                9   0.04445145            2
               10   0.04261120            2
               11   0.02769834            1
               12   0.02588383            1
               13   0.02265289            2
               14   0.00692200            1
  SVD active space has the following dimensions:
  Orbital Block    Environment         Active
              0              0              3
              1             10              0
              2             10              3

 Fragment:  [107, 108, 109, 110, 111, 112, 113, 114, 115, 116]
 In svd_subspace_partitioning_nonorth
 Partition   26 orbitals into a total of   10 orbitals
            Index   Sing. Val. Space       
                0   0.97902668            1*
                1   0.97499111            1*
                2   0.96198192            2*
                3   0.95804012            2*
                4   0.95757121            1*
                5   0.94625997            1*
                6   0.92930270            1*
                7   0.92650539            2*
                8   0.91003433            2*
                9   0.89155586            2*
               10   0.35625846            0
               11   0.32259375            0
               12   0.30902583            0
               13   0.05628209            1
               14   0.05194070            1
               15   0.03593506            2
               16   0.02819136            1
               17   0.01089652            2
               18   0.00977445            2
               19   0.00062770            2
               20   0.00056480            2
               21   0.00038814            1
               22   0.00018088            1
  SVD active space has the following dimensions:
  Orbital Block    Environment         Active
              0              3              0
              1              5              5
              2              8              5
 sing vals of active space:  [1. 1. 1. 1. 1. 1. 1. 1. 1. 1. 1. 1. 1. 1. 1. 1. 1. 1. 1. 1. 1. 1. 1. 1.
 1. 1.]

WARN: orbitals [ 0  1  2  3  4  5  6  7  8  9 16 17 18 19 20 21 22 23 24 25] not symmetrized, norm = [0.5 0.5 0.5 0.5 0.5 0.5 0.5 0.5 0.5 0.5 0.5 0.5 0.5 0.5 0.5 0.5 0.5 0.5
 0.5 0.5]


WARN: orbitals [23 24 25 26 27 28 29 30 31 32 33 34 35 36 37 38 39 40 41 42 43 44 45 46
 47 48 49 50 51 52 53 54 55 56 57 58 59 60 61 62 63 64 65 66 67 68 69 70
 71 72] not symmetrized, norm = [0.72243374 0.70921837 0.50207433 0.56887351 0.51926972 0.63299565
 0.66757952 0.52348814 0.85948705 0.50973263 0.66440864 0.52097784
 0.66919426 0.63896795 0.75546768 0.52832065 0.52592308 0.50910211
 0.59018006 0.76877794 0.64473316 0.54697167 0.62425401 0.6206538
 0.58286066 0.70378462 0.55704573 0.6921259  0.59286436 0.60489583
 0.73852705 0.73163    0.76675679 0.51330719 0.56919464 0.70100191
 0.54003912 0.52327593 0.63885718 0.50231678 0.64691238 0.68965094
 0.72992853 0.62266481 0.76526196 0.59906107 0.53928488 0.65062297
 0.64931442 0.56081315]

 init_fspace =  [(5, 0), (3, 3), (5, 0)]
 clusters    =  [[1, 2, 3, 4, 5, 6, 7, 8, 9, 10], [11, 12, 13, 14, 15, 16], [17, 18, 19, 20, 21, 22, 23, 24, 25, 26]]
